{"/Users/arelgabay/Desktop/Web-Application-Development/src/server.ts": {"path":"/Users/arelgabay/Desktop/Web-Application-Development/src/server.ts","statementMap":{"0":{"start":{"line":3,"column":0},"end":{"line":3,"column":43}},"1":{"start":{"line":4,"column":0},"end":{"line":4,"column":28}},"2":{"start":{"line":5,"column":0},"end":{"line":5,"column":32}},"3":{"start":{"line":6,"column":0},"end":{"line":6,"column":43}},"4":{"start":{"line":7,"column":0},"end":{"line":7,"column":41}},"5":{"start":{"line":8,"column":0},"end":{"line":8,"column":24}},"6":{"start":{"line":10,"column":0},"end":{"line":10,"column":16}},"7":{"start":{"line":13,"column":16},"end":{"line":28,"column":2}},"8":{"start":{"line":29,"column":14},"end":{"line":29,"column":35}},"9":{"start":{"line":32,"column":0},"end":{"line":32,"column":46}},"10":{"start":{"line":33,"column":0},"end":{"line":33,"column":44}},"11":{"start":{"line":34,"column":0},"end":{"line":34,"column":50}},"12":{"start":{"line":35,"column":0},"end":{"line":35,"column":44}},"13":{"start":{"line":36,"column":0},"end":{"line":36,"column":44}},"14":{"start":{"line":37,"column":0},"end":{"line":37,"column":59}},"15":{"start":{"line":38,"column":0},"end":{"line":38,"column":43}},"16":{"start":{"line":39,"column":0},"end":{"line":39,"column":39}},"17":{"start":{"line":42,"column":25},"end":{"line":87,"column":2}},"18":{"start":{"line":42,"column":54},"end":{"line":87,"column":2}},"19":{"start":{"line":43,"column":2},"end":{"line":45,"column":3}},"20":{"start":{"line":44,"column":4},"end":{"line":44,"column":47}},"21":{"start":{"line":47,"column":2},"end":{"line":86,"column":3}},"22":{"start":{"line":48,"column":4},"end":{"line":48,"column":53}},"23":{"start":{"line":49,"column":4},"end":{"line":49,"column":41}},"24":{"start":{"line":51,"column":16},"end":{"line":51,"column":25}},"25":{"start":{"line":52,"column":4},"end":{"line":52,"column":28}},"26":{"start":{"line":55,"column":4},"end":{"line":65,"column":6}},"27":{"start":{"line":66,"column":4},"end":{"line":66,"column":29}},"28":{"start":{"line":67,"column":4},"end":{"line":67,"column":28}},"29":{"start":{"line":68,"column":4},"end":{"line":68,"column":52}},"30":{"start":{"line":71,"column":4},"end":{"line":71,"column":30}},"31":{"start":{"line":72,"column":4},"end":{"line":72,"column":38}},"32":{"start":{"line":73,"column":4},"end":{"line":73,"column":44}},"33":{"start":{"line":74,"column":4},"end":{"line":74,"column":37}},"34":{"start":{"line":75,"column":4},"end":{"line":75,"column":37}},"35":{"start":{"line":76,"column":4},"end":{"line":76,"column":49}},"36":{"start":{"line":77,"column":4},"end":{"line":77,"column":37}},"37":{"start":{"line":78,"column":4},"end":{"line":78,"column":49}},"38":{"start":{"line":79,"column":4},"end":{"line":79,"column":66}},"39":{"start":{"line":80,"column":4},"end":{"line":80,"column":32}},"40":{"start":{"line":82,"column":4},"end":{"line":82,"column":15}},"41":{"start":{"line":84,"column":4},"end":{"line":84,"column":54}},"42":{"start":{"line":85,"column":4},"end":{"line":85,"column":16}},"43":{"start":{"line":89,"column":0},"end":{"line":89,"column":32}}},"fnMap":{"0":{"name":"(anonymous_8)","decl":{"start":{"line":42,"column":25},"end":{"line":42,"column":52}},"loc":{"start":{"line":42,"column":54},"end":{"line":87,"column":2}}},"1":{"name":"(anonymous_9)","decl":{"start":{"line":42,"column":54},"end":{"line":42,"column":null}},"loc":{"start":{"line":42,"column":54},"end":{"line":87,"column":1}}}},"branchMap":{"0":{"loc":{"start":{"line":23,"column":14},"end":{"line":23,"column":43}},"type":"binary-expr","locations":[{"start":{"line":23,"column":14},"end":{"line":23,"column":37}},{"start":{"line":23,"column":41},"end":{"line":23,"column":43}}]},"1":{"loc":{"start":{"line":43,"column":2},"end":{"line":45,"column":3}},"type":"if","locations":[{"start":{"line":43,"column":2},"end":{"line":45,"column":3}}]},"2":{"loc":{"start":{"line":58,"column":11},"end":{"line":58,"column":40}},"type":"binary-expr","locations":[{"start":{"line":58,"column":11},"end":{"line":58,"column":34}},{"start":{"line":58,"column":38},"end":{"line":58,"column":40}}]}},"s":{"0":4,"1":4,"2":4,"3":4,"4":4,"5":4,"6":4,"7":4,"8":4,"9":4,"10":4,"11":4,"12":4,"13":4,"14":4,"15":4,"16":4,"17":4,"18":4,"19":4,"20":0,"21":4,"22":4,"23":4,"24":4,"25":4,"26":4,"27":4,"28":4,"29":4,"30":4,"31":4,"32":4,"33":4,"34":4,"35":4,"36":4,"37":4,"38":4,"39":4,"40":4,"41":0,"42":0,"43":4},"f":{"0":4,"1":4},"b":{"0":[4,0],"1":[0],"2":[4,0]}}
,"/Users/arelgabay/Desktop/Web-Application-Development/src/controllers/authController.ts": {"path":"/Users/arelgabay/Desktop/Web-Application-Development/src/controllers/authController.ts","statementMap":{"0":{"start":{"line":3,"column":0},"end":{"line":3,"column":50}},"1":{"start":{"line":4,"column":0},"end":{"line":4,"column":28}},"2":{"start":{"line":5,"column":0},"end":{"line":5,"column":48}},"3":{"start":{"line":6,"column":0},"end":{"line":6,"column":26}},"4":{"start":{"line":7,"column":0},"end":{"line":7,"column":33}},"5":{"start":{"line":8,"column":0},"end":{"line":8,"column":51}},"6":{"start":{"line":9,"column":0},"end":{"line":9,"column":34}},"7":{"start":{"line":15,"column":15},"end":{"line":15,"column":33}},"8":{"start":{"line":18,"column":21},"end":{"line":79,"column":2}},"9":{"start":{"line":18,"column":74},"end":{"line":79,"column":2}},"10":{"start":{"line":20,"column":2},"end":{"line":78,"column":3}},"11":{"start":{"line":21,"column":19},"end":{"line":24,"column":6}},"12":{"start":{"line":25,"column":20},"end":{"line":25,"column":39}},"13":{"start":{"line":26,"column":18},"end":{"line":26,"column":32}},"14":{"start":{"line":27,"column":4},"end":{"line":30,"column":5}},"15":{"start":{"line":28,"column":6},"end":{"line":28,"column":76}},"16":{"start":{"line":29,"column":6},"end":{"line":29,"column":13}},"17":{"start":{"line":32,"column":15},"end":{"line":32,"column":44}},"18":{"start":{"line":33,"column":4},"end":{"line":57,"column":5}},"19":{"start":{"line":35,"column":30},"end":{"line":35,"column":63}},"20":{"start":{"line":37,"column":31},"end":{"line":39,"column":8}},"21":{"start":{"line":40,"column":6},"end":{"line":49,"column":7}},"22":{"start":{"line":42,"column":8},"end":{"line":47,"column":11}},"23":{"start":{"line":48,"column":8},"end":{"line":48,"column":15}},"24":{"start":{"line":51,"column":6},"end":{"line":56,"column":9}},"25":{"start":{"line":59,"column":19},"end":{"line":59,"column":51}},"26":{"start":{"line":60,"column":4},"end":{"line":63,"column":5}},"27":{"start":{"line":61,"column":6},"end":{"line":61,"column":54}},"28":{"start":{"line":62,"column":6},"end":{"line":62,"column":13}},"29":{"start":{"line":65,"column":4},"end":{"line":65,"column":50}},"30":{"start":{"line":66,"column":4},"end":{"line":66,"column":49}},"31":{"start":{"line":67,"column":4},"end":{"line":67,"column":22}},"32":{"start":{"line":68,"column":4},"end":{"line":74,"column":7}},"33":{"start":{"line":76,"column":4},"end":{"line":76,"column":48}},"34":{"start":{"line":77,"column":4},"end":{"line":77,"column":50}},"35":{"start":{"line":81,"column":29},"end":{"line":104,"column":2}},"36":{"start":{"line":81,"column":49},"end":{"line":104,"column":2}},"37":{"start":{"line":82,"column":17},"end":{"line":82,"column":52}},"38":{"start":{"line":83,"column":2},"end":{"line":85,"column":3}},"39":{"start":{"line":84,"column":4},"end":{"line":84,"column":16}},"40":{"start":{"line":86,"column":22},"end":{"line":93,"column":null}},"41":{"start":{"line":95,"column":23},"end":{"line":101,"column":null}},"42":{"start":{"line":103,"column":2},"end":{"line":103,"column":39}},"43":{"start":{"line":108,"column":23},"end":{"line":166,"column":2}},"44":{"start":{"line":108,"column":76},"end":{"line":166,"column":2}},"45":{"start":{"line":109,"column":38},"end":{"line":109,"column":46}},"46":{"start":{"line":110,"column":2},"end":{"line":113,"column":3}},"47":{"start":{"line":111,"column":4},"end":{"line":111,"column":80}},"48":{"start":{"line":112,"column":4},"end":{"line":112,"column":11}},"49":{"start":{"line":114,"column":2},"end":{"line":165,"column":3}},"50":{"start":{"line":115,"column":19},"end":{"line":118,"column":6}},"51":{"start":{"line":119,"column":20},"end":{"line":119,"column":39}},"52":{"start":{"line":120,"column":18},"end":{"line":120,"column":32}},"53":{"start":{"line":121,"column":4},"end":{"line":126,"column":5}},"54":{"start":{"line":122,"column":6},"end":{"line":124,"column":74}},"55":{"start":{"line":125,"column":6},"end":{"line":125,"column":13}},"56":{"start":{"line":128,"column":26},"end":{"line":128,"column":71}},"57":{"start":{"line":129,"column":4},"end":{"line":132,"column":5}},"58":{"start":{"line":130,"column":6},"end":{"line":130,"column":65}},"59":{"start":{"line":131,"column":6},"end":{"line":131,"column":13}},"60":{"start":{"line":134,"column":15},"end":{"line":134,"column":44}},"61":{"start":{"line":135,"column":4},"end":{"line":146,"column":5}},"62":{"start":{"line":137,"column":6},"end":{"line":137,"column":34}},"63":{"start":{"line":140,"column":6},"end":{"line":145,"column":9}},"64":{"start":{"line":147,"column":19},"end":{"line":147,"column":51}},"65":{"start":{"line":148,"column":4},"end":{"line":151,"column":5}},"66":{"start":{"line":149,"column":6},"end":{"line":149,"column":65}},"67":{"start":{"line":150,"column":6},"end":{"line":150,"column":13}},"68":{"start":{"line":152,"column":4},"end":{"line":152,"column":50}},"69":{"start":{"line":153,"column":4},"end":{"line":153,"column":49}},"70":{"start":{"line":154,"column":4},"end":{"line":154,"column":22}},"71":{"start":{"line":155,"column":4},"end":{"line":161,"column":7}},"72":{"start":{"line":163,"column":4},"end":{"line":163,"column":51}},"73":{"start":{"line":164,"column":4},"end":{"line":164,"column":61}},"74":{"start":{"line":168,"column":17},"end":{"line":249,"column":2}},"75":{"start":{"line":168,"column":55},"end":{"line":249,"column":2}},"76":{"start":{"line":169,"column":40},"end":{"line":169,"column":48}},"77":{"start":{"line":171,"column":25},"end":{"line":171,"column":56}},"78":{"start":{"line":173,"column":2},"end":{"line":173,"column":74}},"79":{"start":{"line":175,"column":2},"end":{"line":178,"column":3}},"80":{"start":{"line":176,"column":4},"end":{"line":176,"column":67}},"81":{"start":{"line":177,"column":4},"end":{"line":177,"column":11}},"82":{"start":{"line":180,"column":2},"end":{"line":188,"column":3}},"83":{"start":{"line":181,"column":25},"end":{"line":181,"column":72}},"84":{"start":{"line":182,"column":4},"end":{"line":184,"column":5}},"85":{"start":{"line":183,"column":6},"end":{"line":183,"column":72}},"86":{"start":{"line":186,"column":4},"end":{"line":186,"column":62}},"87":{"start":{"line":187,"column":4},"end":{"line":187,"column":59}},"88":{"start":{"line":190,"column":2},"end":{"line":198,"column":3}},"89":{"start":{"line":191,"column":26},"end":{"line":191,"column":67}},"90":{"start":{"line":192,"column":4},"end":{"line":194,"column":5}},"91":{"start":{"line":193,"column":6},"end":{"line":193,"column":69}},"92":{"start":{"line":196,"column":4},"end":{"line":196,"column":63}},"93":{"start":{"line":197,"column":4},"end":{"line":197,"column":59}},"94":{"start":{"line":200,"column":2},"end":{"line":248,"column":3}},"95":{"start":{"line":201,"column":17},"end":{"line":201,"column":41}},"96":{"start":{"line":202,"column":27},"end":{"line":202,"column":60}},"97":{"start":{"line":203,"column":28},"end":{"line":203,"column":49}},"98":{"start":{"line":205,"column":4},"end":{"line":231,"column":5}},"99":{"start":{"line":207,"column":27},"end":{"line":207,"column":41}},"100":{"start":{"line":209,"column":6},"end":{"line":213,"column":8}},"101":{"start":{"line":215,"column":6},"end":{"line":230,"column":7}},"102":{"start":{"line":216,"column":25},"end":{"line":224,"column":null}},"103":{"start":{"line":226,"column":8},"end":{"line":226,"column":60}},"104":{"start":{"line":227,"column":8},"end":{"line":227,"column":46}},"105":{"start":{"line":229,"column":8},"end":{"line":229,"column":54}},"106":{"start":{"line":233,"column":27},"end":{"line":238,"column":6}},"107":{"start":{"line":240,"column":4},"end":{"line":244,"column":7}},"108":{"start":{"line":246,"column":4},"end":{"line":246,"column":48}},"109":{"start":{"line":247,"column":4},"end":{"line":247,"column":51}},"110":{"start":{"line":251,"column":23},"end":{"line":277,"column":1}},"111":{"start":{"line":254,"column":17},"end":{"line":254,"column":52}},"112":{"start":{"line":256,"column":2},"end":{"line":258,"column":3}},"113":{"start":{"line":257,"column":4},"end":{"line":257,"column":16}},"114":{"start":{"line":259,"column":22},"end":{"line":265,"column":null}},"115":{"start":{"line":268,"column":23},"end":{"line":274,"column":null}},"116":{"start":{"line":276,"column":2},"end":{"line":276,"column":39}},"117":{"start":{"line":501,"column":9},"end":{"line":501,"column":23}},"118":{"start":{"line":279,"column":14},"end":{"line":332,"column":2}},"119":{"start":{"line":279,"column":52},"end":{"line":332,"column":2}},"120":{"start":{"line":280,"column":33},"end":{"line":280,"column":41}},"121":{"start":{"line":281,"column":2},"end":{"line":281,"column":50}},"122":{"start":{"line":282,"column":2},"end":{"line":285,"column":3}},"123":{"start":{"line":283,"column":4},"end":{"line":283,"column":55}},"124":{"start":{"line":284,"column":4},"end":{"line":284,"column":11}},"125":{"start":{"line":286,"column":2},"end":{"line":331,"column":3}},"126":{"start":{"line":287,"column":17},"end":{"line":287,"column":64}},"127":{"start":{"line":288,"column":4},"end":{"line":291,"column":5}},"128":{"start":{"line":289,"column":6},"end":{"line":289,"column":57}},"129":{"start":{"line":290,"column":6},"end":{"line":290,"column":13}},"130":{"start":{"line":292,"column":26},"end":{"line":292,"column":71}},"131":{"start":{"line":293,"column":4},"end":{"line":296,"column":5}},"132":{"start":{"line":294,"column":6},"end":{"line":294,"column":47}},"133":{"start":{"line":295,"column":6},"end":{"line":295,"column":13}},"134":{"start":{"line":298,"column":19},"end":{"line":298,"column":43}},"135":{"start":{"line":300,"column":4},"end":{"line":303,"column":5}},"136":{"start":{"line":301,"column":6},"end":{"line":301,"column":54}},"137":{"start":{"line":302,"column":6},"end":{"line":302,"column":13}},"138":{"start":{"line":305,"column":42},"end":{"line":305,"column":48}},"139":{"start":{"line":308,"column":4},"end":{"line":310,"column":5}},"140":{"start":{"line":309,"column":6},"end":{"line":309,"column":30}},"141":{"start":{"line":311,"column":4},"end":{"line":311,"column":42}},"142":{"start":{"line":312,"column":4},"end":{"line":312,"column":22}},"143":{"start":{"line":314,"column":4},"end":{"line":325,"column":7}},"144":{"start":{"line":326,"column":4},"end":{"line":326,"column":11}},"145":{"start":{"line":328,"column":4},"end":{"line":328,"column":25}},"146":{"start":{"line":329,"column":4},"end":{"line":329,"column":45}},"147":{"start":{"line":330,"column":4},"end":{"line":330,"column":11}},"148":{"start":{"line":334,"column":16},"end":{"line":401,"column":2}},"149":{"start":{"line":334,"column":54},"end":{"line":401,"column":2}},"150":{"start":{"line":336,"column":27},"end":{"line":336,"column":35}},"151":{"start":{"line":337,"column":2},"end":{"line":337,"column":45}},"152":{"start":{"line":339,"column":2},"end":{"line":342,"column":3}},"153":{"start":{"line":340,"column":4},"end":{"line":340,"column":50}},"154":{"start":{"line":341,"column":4},"end":{"line":341,"column":11}},"155":{"start":{"line":343,"column":2},"end":{"line":346,"column":3}},"156":{"start":{"line":344,"column":4},"end":{"line":344,"column":49}},"157":{"start":{"line":345,"column":4},"end":{"line":345,"column":11}},"158":{"start":{"line":348,"column":2},"end":{"line":400,"column":4}},"159":{"start":{"line":351,"column":37},"end":{"line":399,"column":null}},"160":{"start":{"line":352,"column":6},"end":{"line":355,"column":7}},"161":{"start":{"line":353,"column":8},"end":{"line":353,"column":46}},"162":{"start":{"line":354,"column":8},"end":{"line":354,"column":15}},"163":{"start":{"line":357,"column":22},"end":{"line":357,"column":45}},"164":{"start":{"line":358,"column":6},"end":{"line":398,"column":7}},"165":{"start":{"line":359,"column":21},"end":{"line":359,"column":53}},"166":{"start":{"line":360,"column":8},"end":{"line":363,"column":9}},"167":{"start":{"line":361,"column":10},"end":{"line":361,"column":48}},"168":{"start":{"line":362,"column":10},"end":{"line":362,"column":17}},"169":{"start":{"line":366,"column":8},"end":{"line":370,"column":9}},"170":{"start":{"line":367,"column":10},"end":{"line":367,"column":34}},"171":{"start":{"line":368,"column":10},"end":{"line":368,"column":28}},"172":{"start":{"line":369,"column":10},"end":{"line":369,"column":63}},"173":{"start":{"line":373,"column":26},"end":{"line":373,"column":50}},"174":{"start":{"line":374,"column":8},"end":{"line":379,"column":9}},"175":{"start":{"line":375,"column":10},"end":{"line":375,"column":34}},"176":{"start":{"line":376,"column":10},"end":{"line":376,"column":28}},"177":{"start":{"line":377,"column":10},"end":{"line":377,"column":58}},"178":{"start":{"line":378,"column":10},"end":{"line":378,"column":17}},"179":{"start":{"line":382,"column":8},"end":{"line":384,"column":10}},"180":{"start":{"line":383,"column":21},"end":{"line":383,"column":43}},"181":{"start":{"line":385,"column":8},"end":{"line":385,"column":56}},"182":{"start":{"line":386,"column":8},"end":{"line":386,"column":26}},"183":{"start":{"line":389,"column":8},"end":{"line":392,"column":11}},"184":{"start":{"line":393,"column":8},"end":{"line":393,"column":15}},"185":{"start":{"line":395,"column":8},"end":{"line":395,"column":29}},"186":{"start":{"line":396,"column":8},"end":{"line":396,"column":55}},"187":{"start":{"line":397,"column":8},"end":{"line":397,"column":15}},"188":{"start":{"line":403,"column":15},"end":{"line":474,"column":2}},"189":{"start":{"line":403,"column":53},"end":{"line":474,"column":2}},"190":{"start":{"line":404,"column":27},"end":{"line":404,"column":35}},"191":{"start":{"line":406,"column":2},"end":{"line":409,"column":3}},"192":{"start":{"line":407,"column":4},"end":{"line":407,"column":51}},"193":{"start":{"line":408,"column":4},"end":{"line":408,"column":11}},"194":{"start":{"line":412,"column":2},"end":{"line":473,"column":4}},"195":{"start":{"line":415,"column":37},"end":{"line":472,"column":null}},"196":{"start":{"line":416,"column":6},"end":{"line":419,"column":7}},"197":{"start":{"line":417,"column":8},"end":{"line":417,"column":46}},"198":{"start":{"line":418,"column":8},"end":{"line":418,"column":15}},"199":{"start":{"line":420,"column":22},"end":{"line":420,"column":45}},"200":{"start":{"line":421,"column":6},"end":{"line":471,"column":7}},"201":{"start":{"line":422,"column":19},"end":{"line":422,"column":51}},"202":{"start":{"line":424,"column":8},"end":{"line":428,"column":9}},"203":{"start":{"line":425,"column":10},"end":{"line":425,"column":58}},"204":{"start":{"line":426,"column":10},"end":{"line":426,"column":48}},"205":{"start":{"line":427,"column":10},"end":{"line":427,"column":17}},"206":{"start":{"line":430,"column":8},"end":{"line":430,"column":68}},"207":{"start":{"line":431,"column":8},"end":{"line":431,"column":76}},"208":{"start":{"line":434,"column":8},"end":{"line":436,"column":9}},"209":{"start":{"line":435,"column":10},"end":{"line":435,"column":34}},"210":{"start":{"line":439,"column":8},"end":{"line":439,"column":77}},"211":{"start":{"line":439,"column":63},"end":{"line":439,"column":75}},"212":{"start":{"line":440,"column":29},"end":{"line":440,"column":48}},"213":{"start":{"line":442,"column":8},"end":{"line":442,"column":75}},"214":{"start":{"line":443,"column":8},"end":{"line":443,"column":64}},"215":{"start":{"line":446,"column":30},"end":{"line":447,"column":null}},"216":{"start":{"line":447,"column":21},"end":{"line":447,"column":43}},"217":{"start":{"line":450,"column":8},"end":{"line":453,"column":10}},"218":{"start":{"line":456,"column":8},"end":{"line":460,"column":10}},"219":{"start":{"line":462,"column":8},"end":{"line":462,"column":68}},"220":{"start":{"line":464,"column":8},"end":{"line":464,"column":50}},"221":{"start":{"line":468,"column":8},"end":{"line":468,"column":29}},"222":{"start":{"line":469,"column":8},"end":{"line":469,"column":50}},"223":{"start":{"line":470,"column":8},"end":{"line":470,"column":15}},"224":{"start":{"line":476,"column":30},"end":{"line":499,"column":1}},"225":{"start":{"line":481,"column":21},"end":{"line":481,"column":49}},"226":{"start":{"line":482,"column":16},"end":{"line":482,"column":54}},"227":{"start":{"line":483,"column":2},"end":{"line":486,"column":3}},"228":{"start":{"line":484,"column":4},"end":{"line":484,"column":42}},"229":{"start":{"line":485,"column":4},"end":{"line":485,"column":11}},"230":{"start":{"line":487,"column":2},"end":{"line":490,"column":3}},"231":{"start":{"line":488,"column":4},"end":{"line":488,"column":49}},"232":{"start":{"line":489,"column":4},"end":{"line":489,"column":11}},"233":{"start":{"line":491,"column":2},"end":{"line":498,"column":5}},"234":{"start":{"line":492,"column":4},"end":{"line":495,"column":5}},"235":{"start":{"line":493,"column":6},"end":{"line":493,"column":44}},"236":{"start":{"line":494,"column":6},"end":{"line":494,"column":13}},"237":{"start":{"line":496,"column":4},"end":{"line":496,"column":49}},"238":{"start":{"line":497,"column":4},"end":{"line":497,"column":11}},"239":{"start":{"line":476,"column":13},"end":{"line":476,"column":30}},"240":{"start":{"line":503,"column":0},"end":{"line":510,"column":2}}},"fnMap":{"0":{"name":"(anonymous_8)","decl":{"start":{"line":18,"column":21},"end":{"line":18,"column":28}},"loc":{"start":{"line":18,"column":74},"end":{"line":79,"column":2}}},"1":{"name":"(anonymous_9)","decl":{"start":{"line":18,"column":74},"end":{"line":18,"column":null}},"loc":{"start":{"line":18,"column":74},"end":{"line":79,"column":1}}},"2":{"name":"(anonymous_10)","decl":{"start":{"line":81,"column":29},"end":{"line":81,"column":36}},"loc":{"start":{"line":81,"column":49},"end":{"line":104,"column":2}}},"3":{"name":"(anonymous_11)","decl":{"start":{"line":81,"column":49},"end":{"line":81,"column":null}},"loc":{"start":{"line":81,"column":49},"end":{"line":104,"column":1}}},"4":{"name":"(anonymous_12)","decl":{"start":{"line":108,"column":23},"end":{"line":108,"column":30}},"loc":{"start":{"line":108,"column":76},"end":{"line":166,"column":2}}},"5":{"name":"(anonymous_13)","decl":{"start":{"line":108,"column":76},"end":{"line":108,"column":null}},"loc":{"start":{"line":108,"column":76},"end":{"line":166,"column":1}}},"6":{"name":"(anonymous_14)","decl":{"start":{"line":168,"column":17},"end":{"line":168,"column":24}},"loc":{"start":{"line":168,"column":55},"end":{"line":249,"column":2}}},"7":{"name":"(anonymous_15)","decl":{"start":{"line":168,"column":55},"end":{"line":168,"column":null}},"loc":{"start":{"line":168,"column":55},"end":{"line":249,"column":1}}},"8":{"name":"(anonymous_16)","decl":{"start":{"line":251,"column":23},"end":{"line":251,"column":null}},"loc":{"start":{"line":253,"column":58},"end":{"line":277,"column":1}}},"9":{"name":"(anonymous_17)","decl":{"start":{"line":279,"column":14},"end":{"line":279,"column":21}},"loc":{"start":{"line":279,"column":52},"end":{"line":332,"column":2}}},"10":{"name":"(anonymous_18)","decl":{"start":{"line":279,"column":52},"end":{"line":279,"column":null}},"loc":{"start":{"line":279,"column":52},"end":{"line":332,"column":1}}},"11":{"name":"(anonymous_19)","decl":{"start":{"line":334,"column":16},"end":{"line":334,"column":23}},"loc":{"start":{"line":334,"column":54},"end":{"line":401,"column":2}}},"12":{"name":"(anonymous_20)","decl":{"start":{"line":334,"column":54},"end":{"line":334,"column":null}},"loc":{"start":{"line":334,"column":54},"end":{"line":401,"column":1}}},"13":{"name":"(anonymous_21)","decl":{"start":{"line":351,"column":4},"end":{"line":351,"column":11}},"loc":{"start":{"line":351,"column":37},"end":{"line":399,"column":null}}},"14":{"name":"(anonymous_22)","decl":{"start":{"line":351,"column":37},"end":{"line":351,"column":null}},"loc":{"start":{"line":351,"column":37},"end":{"line":399,"column":5}}},"15":{"name":"(anonymous_23)","decl":{"start":{"line":383,"column":10},"end":{"line":383,"column":11}},"loc":{"start":{"line":383,"column":21},"end":{"line":383,"column":43}}},"16":{"name":"(anonymous_24)","decl":{"start":{"line":403,"column":15},"end":{"line":403,"column":22}},"loc":{"start":{"line":403,"column":53},"end":{"line":474,"column":2}}},"17":{"name":"(anonymous_25)","decl":{"start":{"line":403,"column":53},"end":{"line":403,"column":null}},"loc":{"start":{"line":403,"column":53},"end":{"line":474,"column":1}}},"18":{"name":"(anonymous_26)","decl":{"start":{"line":415,"column":4},"end":{"line":415,"column":11}},"loc":{"start":{"line":415,"column":37},"end":{"line":472,"column":null}}},"19":{"name":"(anonymous_27)","decl":{"start":{"line":415,"column":37},"end":{"line":415,"column":null}},"loc":{"start":{"line":415,"column":37},"end":{"line":472,"column":5}}},"20":{"name":"(anonymous_28)","decl":{"start":{"line":439,"column":52},"end":{"line":439,"column":53}},"loc":{"start":{"line":439,"column":63},"end":{"line":439,"column":75}}},"21":{"name":"(anonymous_29)","decl":{"start":{"line":447,"column":10},"end":{"line":447,"column":11}},"loc":{"start":{"line":447,"column":21},"end":{"line":447,"column":43}}},"22":{"name":"(anonymous_30)","decl":{"start":{"line":476,"column":30},"end":{"line":476,"column":null}},"loc":{"start":{"line":480,"column":4},"end":{"line":499,"column":1}}},"23":{"name":"(anonymous_31)","decl":{"start":{"line":491,"column":46},"end":{"line":491,"column":47}},"loc":{"start":{"line":491,"column":63},"end":{"line":498,"column":3}}}},"branchMap":{"0":{"loc":{"start":{"line":26,"column":18},"end":{"line":26,"column":32}},"type":"cond-expr","locations":[{"start":{"line":26,"column":25},"end":{"line":26,"column":27}},{"start":{"line":26,"column":18},"end":{"line":26,"column":32}}]},"1":{"loc":{"start":{"line":26,"column":18},"end":{"line":26,"column":27}},"type":"binary-expr","locations":[{"start":{"line":26,"column":18},"end":{"line":26,"column":27}},{"start":{"line":26,"column":18},"end":{"line":26,"column":27}}]},"2":{"loc":{"start":{"line":27,"column":4},"end":{"line":30,"column":5}},"type":"if","locations":[{"start":{"line":27,"column":4},"end":{"line":30,"column":5}}]},"3":{"loc":{"start":{"line":33,"column":4},"end":{"line":57,"column":5}},"type":"if","locations":[{"start":{"line":33,"column":4},"end":{"line":57,"column":5}}]},"4":{"loc":{"start":{"line":35,"column":30},"end":{"line":35,"column":63}},"type":"binary-expr","locations":[{"start":{"line":35,"column":30},"end":{"line":35,"column":49}},{"start":{"line":35,"column":53},"end":{"line":35,"column":63}}]},"5":{"loc":{"start":{"line":40,"column":6},"end":{"line":49,"column":7}},"type":"if","locations":[{"start":{"line":40,"column":6},"end":{"line":49,"column":7}}]},"6":{"loc":{"start":{"line":55,"column":27},"end":{"line":55,"column":43}},"type":"cond-expr","locations":[{"start":{"line":55,"column":34},"end":{"line":55,"column":36}},{"start":{"line":55,"column":27},"end":{"line":55,"column":43}}]},"7":{"loc":{"start":{"line":55,"column":27},"end":{"line":55,"column":36}},"type":"binary-expr","locations":[{"start":{"line":55,"column":27},"end":{"line":55,"column":36}},{"start":{"line":55,"column":27},"end":{"line":55,"column":36}}]},"8":{"loc":{"start":{"line":60,"column":4},"end":{"line":63,"column":5}},"type":"if","locations":[{"start":{"line":60,"column":4},"end":{"line":63,"column":5}}]},"9":{"loc":{"start":{"line":65,"column":25},"end":{"line":65,"column":49}},"type":"binary-expr","locations":[{"start":{"line":65,"column":25},"end":{"line":65,"column":43}},{"start":{"line":65,"column":47},"end":{"line":65,"column":49}}]},"10":{"loc":{"start":{"line":83,"column":2},"end":{"line":85,"column":3}},"type":"if","locations":[{"start":{"line":83,"column":2},"end":{"line":85,"column":3}}]},"11":{"loc":{"start":{"line":110,"column":2},"end":{"line":113,"column":3}},"type":"if","locations":[{"start":{"line":110,"column":2},"end":{"line":113,"column":3}}]},"12":{"loc":{"start":{"line":110,"column":6},"end":{"line":110,"column":33}},"type":"binary-expr","locations":[{"start":{"line":110,"column":6},"end":{"line":110,"column":17}},{"start":{"line":110,"column":21},"end":{"line":110,"column":33}}]},"13":{"loc":{"start":{"line":120,"column":18},"end":{"line":120,"column":32}},"type":"cond-expr","locations":[{"start":{"line":120,"column":25},"end":{"line":120,"column":27}},{"start":{"line":120,"column":18},"end":{"line":120,"column":32}}]},"14":{"loc":{"start":{"line":120,"column":18},"end":{"line":120,"column":27}},"type":"binary-expr","locations":[{"start":{"line":120,"column":18},"end":{"line":120,"column":27}},{"start":{"line":120,"column":18},"end":{"line":120,"column":27}}]},"15":{"loc":{"start":{"line":121,"column":4},"end":{"line":126,"column":5}},"type":"if","locations":[{"start":{"line":121,"column":4},"end":{"line":126,"column":5}}]},"16":{"loc":{"start":{"line":129,"column":4},"end":{"line":132,"column":5}},"type":"if","locations":[{"start":{"line":129,"column":4},"end":{"line":132,"column":5}}]},"17":{"loc":{"start":{"line":135,"column":4},"end":{"line":146,"column":5}},"type":"if","locations":[{"start":{"line":135,"column":4},"end":{"line":146,"column":5}},{"start":{"line":138,"column":11},"end":{"line":146,"column":5}}]},"18":{"loc":{"start":{"line":143,"column":18},"end":{"line":143,"column":30}},"type":"cond-expr","locations":[{"start":{"line":143,"column":25},"end":{"line":143,"column":27}},{"start":{"line":143,"column":18},"end":{"line":143,"column":30}}]},"19":{"loc":{"start":{"line":143,"column":18},"end":{"line":143,"column":27}},"type":"binary-expr","locations":[{"start":{"line":143,"column":18},"end":{"line":143,"column":27}},{"start":{"line":143,"column":18},"end":{"line":143,"column":27}}]},"20":{"loc":{"start":{"line":144,"column":27},"end":{"line":144,"column":68}},"type":"binary-expr","locations":[{"start":{"line":144,"column":27},"end":{"line":144,"column":43}},{"start":{"line":144,"column":47},"end":{"line":144,"column":68}}]},"21":{"loc":{"start":{"line":144,"column":27},"end":{"line":144,"column":43}},"type":"cond-expr","locations":[{"start":{"line":144,"column":34},"end":{"line":144,"column":36}},{"start":{"line":144,"column":27},"end":{"line":144,"column":43}}]},"22":{"loc":{"start":{"line":144,"column":27},"end":{"line":144,"column":36}},"type":"binary-expr","locations":[{"start":{"line":144,"column":27},"end":{"line":144,"column":36}},{"start":{"line":144,"column":27},"end":{"line":144,"column":36}}]},"23":{"loc":{"start":{"line":148,"column":4},"end":{"line":151,"column":5}},"type":"if","locations":[{"start":{"line":148,"column":4},"end":{"line":151,"column":5}}]},"24":{"loc":{"start":{"line":152,"column":25},"end":{"line":152,"column":49}},"type":"binary-expr","locations":[{"start":{"line":152,"column":25},"end":{"line":152,"column":43}},{"start":{"line":152,"column":47},"end":{"line":152,"column":49}}]},"25":{"loc":{"start":{"line":175,"column":2},"end":{"line":178,"column":3}},"type":"if","locations":[{"start":{"line":175,"column":2},"end":{"line":178,"column":3}}]},"26":{"loc":{"start":{"line":175,"column":6},"end":{"line":175,"column":38}},"type":"binary-expr","locations":[{"start":{"line":175,"column":6},"end":{"line":175,"column":15}},{"start":{"line":175,"column":19},"end":{"line":175,"column":25}},{"start":{"line":175,"column":29},"end":{"line":175,"column":38}}]},"27":{"loc":{"start":{"line":182,"column":4},"end":{"line":184,"column":5}},"type":"if","locations":[{"start":{"line":182,"column":4},"end":{"line":184,"column":5}}]},"28":{"loc":{"start":{"line":192,"column":4},"end":{"line":194,"column":5}},"type":"if","locations":[{"start":{"line":192,"column":4},"end":{"line":194,"column":5}}]},"29":{"loc":{"start":{"line":205,"column":4},"end":{"line":231,"column":5}},"type":"if","locations":[{"start":{"line":205,"column":4},"end":{"line":231,"column":5}}]},"30":{"loc":{"start":{"line":217,"column":11},"end":{"line":217,"column":40}},"type":"binary-expr","locations":[{"start":{"line":217,"column":11},"end":{"line":217,"column":34}},{"start":{"line":217,"column":38},"end":{"line":217,"column":40}}]},"31":{"loc":{"start":{"line":256,"column":2},"end":{"line":258,"column":3}},"type":"if","locations":[{"start":{"line":256,"column":2},"end":{"line":258,"column":3}}]},"32":{"loc":{"start":{"line":282,"column":2},"end":{"line":285,"column":3}},"type":"if","locations":[{"start":{"line":282,"column":2},"end":{"line":285,"column":3}}]},"33":{"loc":{"start":{"line":282,"column":6},"end":{"line":282,"column":28}},"type":"binary-expr","locations":[{"start":{"line":282,"column":6},"end":{"line":282,"column":15}},{"start":{"line":282,"column":19},"end":{"line":282,"column":28}}]},"34":{"loc":{"start":{"line":288,"column":4},"end":{"line":291,"column":5}},"type":"if","locations":[{"start":{"line":288,"column":4},"end":{"line":291,"column":5}}]},"35":{"loc":{"start":{"line":293,"column":4},"end":{"line":296,"column":5}},"type":"if","locations":[{"start":{"line":293,"column":4},"end":{"line":296,"column":5}}]},"36":{"loc":{"start":{"line":300,"column":4},"end":{"line":303,"column":5}},"type":"if","locations":[{"start":{"line":300,"column":4},"end":{"line":303,"column":5}}]},"37":{"loc":{"start":{"line":308,"column":4},"end":{"line":310,"column":5}},"type":"if","locations":[{"start":{"line":308,"column":4},"end":{"line":310,"column":5}}]},"38":{"loc":{"start":{"line":318,"column":9},"end":{"line":318,"column":38}},"type":"binary-expr","locations":[{"start":{"line":318,"column":9},"end":{"line":318,"column":32}},{"start":{"line":318,"column":36},"end":{"line":318,"column":38}}]},"39":{"loc":{"start":{"line":339,"column":2},"end":{"line":342,"column":3}},"type":"if","locations":[{"start":{"line":339,"column":2},"end":{"line":342,"column":3}}]},"40":{"loc":{"start":{"line":343,"column":2},"end":{"line":346,"column":3}},"type":"if","locations":[{"start":{"line":343,"column":2},"end":{"line":346,"column":3}}]},"41":{"loc":{"start":{"line":352,"column":6},"end":{"line":355,"column":7}},"type":"if","locations":[{"start":{"line":352,"column":6},"end":{"line":355,"column":7}}]},"42":{"loc":{"start":{"line":360,"column":8},"end":{"line":363,"column":9}},"type":"if","locations":[{"start":{"line":360,"column":8},"end":{"line":363,"column":9}}]},"43":{"loc":{"start":{"line":366,"column":8},"end":{"line":370,"column":9}},"type":"if","locations":[{"start":{"line":366,"column":8},"end":{"line":370,"column":9}}]},"44":{"loc":{"start":{"line":366,"column":12},"end":{"line":366,"column":77}},"type":"binary-expr","locations":[{"start":{"line":366,"column":12},"end":{"line":366,"column":31}},{"start":{"line":366,"column":35},"end":{"line":366,"column":77}}]},"45":{"loc":{"start":{"line":374,"column":8},"end":{"line":379,"column":9}},"type":"if","locations":[{"start":{"line":374,"column":8},"end":{"line":379,"column":9}}]},"46":{"loc":{"start":{"line":406,"column":2},"end":{"line":409,"column":3}},"type":"if","locations":[{"start":{"line":406,"column":2},"end":{"line":409,"column":3}}]},"47":{"loc":{"start":{"line":416,"column":6},"end":{"line":419,"column":7}},"type":"if","locations":[{"start":{"line":416,"column":6},"end":{"line":419,"column":7}}]},"48":{"loc":{"start":{"line":424,"column":8},"end":{"line":428,"column":9}},"type":"if","locations":[{"start":{"line":424,"column":8},"end":{"line":428,"column":9}}]},"49":{"loc":{"start":{"line":434,"column":8},"end":{"line":436,"column":9}},"type":"if","locations":[{"start":{"line":434,"column":8},"end":{"line":436,"column":9}}]},"50":{"loc":{"start":{"line":462,"column":47},"end":{"line":462,"column":66}},"type":"cond-expr","locations":[{"start":{"line":462,"column":51},"end":{"line":462,"column":53}},{"start":{"line":462,"column":47},"end":{"line":462,"column":66}}]},"51":{"loc":{"start":{"line":462,"column":47},"end":{"line":462,"column":53}},"type":"binary-expr","locations":[{"start":{"line":462,"column":47},"end":{"line":462,"column":53}},{"start":{"line":462,"column":47},"end":{"line":462,"column":53}}]},"52":{"loc":{"start":{"line":482,"column":16},"end":{"line":482,"column":54}},"type":"binary-expr","locations":[{"start":{"line":482,"column":16},"end":{"line":482,"column":26}},{"start":{"line":482,"column":30},"end":{"line":482,"column":54}}]},"53":{"loc":{"start":{"line":483,"column":2},"end":{"line":486,"column":3}},"type":"if","locations":[{"start":{"line":483,"column":2},"end":{"line":486,"column":3}}]},"54":{"loc":{"start":{"line":487,"column":2},"end":{"line":490,"column":3}},"type":"if","locations":[{"start":{"line":487,"column":2},"end":{"line":490,"column":3}}]},"55":{"loc":{"start":{"line":492,"column":4},"end":{"line":495,"column":5}},"type":"if","locations":[{"start":{"line":492,"column":4},"end":{"line":495,"column":5}}]}},"s":{"0":4,"1":4,"2":4,"3":4,"4":4,"5":4,"6":4,"7":4,"8":4,"9":3,"10":3,"11":3,"12":3,"13":3,"14":3,"15":1,"16":1,"17":2,"18":2,"19":2,"20":2,"21":2,"22":1,"23":1,"24":1,"25":1,"26":1,"27":0,"28":0,"29":1,"30":1,"31":1,"32":1,"33":0,"34":0,"35":4,"36":2,"37":2,"38":2,"39":0,"40":2,"41":2,"42":2,"43":4,"44":2,"45":2,"46":2,"47":0,"48":0,"49":2,"50":2,"51":2,"52":2,"53":2,"54":0,"55":0,"56":2,"57":2,"58":1,"59":1,"60":1,"61":1,"62":1,"63":0,"64":1,"65":1,"66":0,"67":0,"68":1,"69":1,"70":1,"71":1,"72":0,"73":0,"74":4,"75":11,"76":11,"77":11,"78":11,"79":11,"80":0,"81":0,"82":11,"83":11,"84":10,"85":1,"86":1,"87":1,"88":9,"89":9,"90":8,"91":0,"92":1,"93":1,"94":8,"95":8,"96":8,"97":8,"98":8,"99":2,"100":2,"101":2,"102":2,"103":1,"104":1,"105":1,"106":8,"107":7,"108":1,"109":1,"110":4,"111":7,"112":7,"113":2,"114":5,"115":5,"116":5,"117":4,"118":4,"119":10,"120":10,"121":10,"122":10,"123":1,"124":1,"125":9,"126":9,"127":8,"128":1,"129":1,"130":7,"131":7,"132":1,"133":1,"134":6,"135":6,"136":2,"137":2,"138":4,"139":4,"140":0,"141":4,"142":4,"143":4,"144":4,"145":1,"146":1,"147":1,"148":4,"149":7,"150":7,"151":7,"152":7,"153":1,"154":1,"155":6,"156":1,"157":1,"158":5,"159":5,"160":5,"161":1,"162":1,"163":4,"164":4,"165":4,"166":3,"167":1,"168":1,"169":2,"170":1,"171":1,"172":1,"173":1,"174":1,"175":0,"176":0,"177":0,"178":0,"179":1,"180":1,"181":1,"182":1,"183":1,"184":1,"185":1,"186":1,"187":1,"188":4,"189":6,"190":6,"191":6,"192":1,"193":1,"194":5,"195":5,"196":5,"197":1,"198":1,"199":4,"200":4,"201":4,"202":4,"203":1,"204":1,"205":1,"206":3,"207":3,"208":3,"209":0,"210":3,"211":3,"212":3,"213":3,"214":3,"215":3,"216":3,"217":3,"218":3,"219":2,"220":2,"221":1,"222":1,"223":1,"224":4,"225":32,"226":32,"227":32,"228":1,"229":1,"230":31,"231":1,"232":1,"233":30,"234":30,"235":1,"236":1,"237":29,"238":29,"239":4,"240":4},"f":{"0":3,"1":3,"2":2,"3":2,"4":2,"5":2,"6":11,"7":11,"8":7,"9":10,"10":10,"11":7,"12":7,"13":5,"14":5,"15":1,"16":6,"17":6,"18":5,"19":5,"20":3,"21":3,"22":32,"23":30},"b":{"0":[0,3],"1":[3,3],"2":[1],"3":[2],"4":[2,0],"5":[1],"6":[0,1],"7":[1,1],"8":[0],"9":[1,0],"10":[0],"11":[0],"12":[2,2],"13":[0,2],"14":[2,2],"15":[0],"16":[1],"17":[1,0],"18":[0,0],"19":[0,0],"20":[0,0],"21":[0,0],"22":[0,0],"23":[0],"24":[1,0],"25":[0],"26":[11,11,11],"27":[1],"28":[0],"29":[2],"30":[2,0],"31":[2],"32":[1],"33":[10,9],"34":[1],"35":[1],"36":[2],"37":[0],"38":[4,0],"39":[1],"40":[1],"41":[1],"42":[1],"43":[1],"44":[2,2],"45":[0],"46":[1],"47":[1],"48":[1],"49":[0],"50":[0,2],"51":[2,2],"52":[32,31],"53":[1],"54":[1],"55":[1]}}
,"/Users/arelgabay/Desktop/Web-Application-Development/src/controllers/baseController.ts": {"path":"/Users/arelgabay/Desktop/Web-Application-Development/src/controllers/baseController.ts","statementMap":{"0":{"start":{"line":8,"column":4},"end":{"line":8,"column":73}},"1":{"start":{"line":8,"column":16},"end":{"line":8,"column":73}},"2":{"start":{"line":9,"column":4},"end":{"line":9,"column":23}},"3":{"start":{"line":10,"column":4},"end":{"line":10,"column":65}},"4":{"start":{"line":14,"column":17},"end":{"line":14,"column":25}},"5":{"start":{"line":15,"column":4},"end":{"line":15,"column":22}},"6":{"start":{"line":16,"column":4},"end":{"line":23,"column":5}},"7":{"start":{"line":17,"column":6},"end":{"line":17,"column":52}},"8":{"start":{"line":18,"column":19},"end":{"line":18,"column":48}},"9":{"start":{"line":19,"column":6},"end":{"line":19,"column":33}},"10":{"start":{"line":21,"column":6},"end":{"line":21,"column":44}},"11":{"start":{"line":22,"column":6},"end":{"line":22,"column":62}},"12":{"start":{"line":27,"column":4},"end":{"line":27,"column":28}},"13":{"start":{"line":28,"column":24},"end":{"line":28,"column":45}},"14":{"start":{"line":29,"column":4},"end":{"line":29,"column":55}},"15":{"start":{"line":31,"column":4},"end":{"line":43,"column":5}},"16":{"start":{"line":32,"column":6},"end":{"line":40,"column":7}},"17":{"start":{"line":34,"column":21},"end":{"line":34,"column":79}},"18":{"start":{"line":35,"column":8},"end":{"line":35,"column":42}},"19":{"start":{"line":36,"column":8},"end":{"line":36,"column":23}},"20":{"start":{"line":38,"column":22},"end":{"line":38,"column":45}},"21":{"start":{"line":39,"column":8},"end":{"line":39,"column":24}},"22":{"start":{"line":42,"column":6},"end":{"line":42,"column":62}},"23":{"start":{"line":47,"column":15},"end":{"line":47,"column":28}},"24":{"start":{"line":48,"column":4},"end":{"line":57,"column":5}},"25":{"start":{"line":49,"column":19},"end":{"line":49,"column":48}},"26":{"start":{"line":50,"column":6},"end":{"line":54,"column":7}},"27":{"start":{"line":51,"column":8},"end":{"line":51,"column":23}},"28":{"start":{"line":53,"column":8},"end":{"line":53,"column":55}},"29":{"start":{"line":56,"column":6},"end":{"line":56,"column":62}},"30":{"start":{"line":61,"column":17},"end":{"line":61,"column":25}},"31":{"start":{"line":62,"column":4},"end":{"line":62,"column":60}},"32":{"start":{"line":63,"column":4},"end":{"line":63,"column":39}},"33":{"start":{"line":66,"column":4},"end":{"line":102,"column":5}},"34":{"start":{"line":68,"column":6},"end":{"line":78,"column":7}},"35":{"start":{"line":69,"column":8},"end":{"line":69,"column":58}},"36":{"start":{"line":70,"column":8},"end":{"line":70,"column":56}},"37":{"start":{"line":71,"column":13},"end":{"line":78,"column":7}},"38":{"start":{"line":72,"column":8},"end":{"line":72,"column":70}},"39":{"start":{"line":74,"column":8},"end":{"line":74,"column":75}},"40":{"start":{"line":76,"column":8},"end":{"line":76,"column":74}},"41":{"start":{"line":77,"column":8},"end":{"line":77,"column":15}},"42":{"start":{"line":80,"column":6},"end":{"line":80,"column":39}},"43":{"start":{"line":81,"column":6},"end":{"line":85,"column":7}},"44":{"start":{"line":82,"column":8},"end":{"line":82,"column":32}},"45":{"start":{"line":83,"column":8},"end":{"line":83,"column":55}},"46":{"start":{"line":84,"column":8},"end":{"line":84,"column":15}},"47":{"start":{"line":86,"column":6},"end":{"line":86,"column":52}},"48":{"start":{"line":87,"column":6},"end":{"line":87,"column":21}},"49":{"start":{"line":88,"column":6},"end":{"line":88,"column":24}},"50":{"start":{"line":89,"column":6},"end":{"line":89,"column":41}},"51":{"start":{"line":90,"column":6},"end":{"line":90,"column":21}},"52":{"start":{"line":92,"column":25},"end":{"line":92,"column":35}},"53":{"start":{"line":94,"column":6},"end":{"line":100,"column":7}},"54":{"start":{"line":99,"column":8},"end":{"line":99,"column":18}},"55":{"start":{"line":101,"column":6},"end":{"line":101,"column":62}},"56":{"start":{"line":136,"column":4},"end":{"line":146,"column":5}},"57":{"start":{"line":137,"column":19},"end":{"line":137,"column":59}},"58":{"start":{"line":138,"column":6},"end":{"line":141,"column":7}},"59":{"start":{"line":139,"column":8},"end":{"line":139,"column":55}},"60":{"start":{"line":140,"column":8},"end":{"line":140,"column":15}},"61":{"start":{"line":142,"column":6},"end":{"line":142,"column":29}},"62":{"start":{"line":143,"column":6},"end":{"line":143,"column":39}},"63":{"start":{"line":145,"column":6},"end":{"line":145,"column":62}},"64":{"start":{"line":150,"column":0},"end":{"line":150,"column":30}}},"fnMap":{"0":{"name":"(anonymous_7)","decl":{"start":{"line":7,"column":2},"end":{"line":7,"column":14}},"loc":{"start":{"line":7,"column":29},"end":{"line":11,"column":3}}},"1":{"name":"(anonymous_8)","decl":{"start":{"line":13,"column":8},"end":{"line":13,"column":14}},"loc":{"start":{"line":13,"column":42},"end":{"line":24,"column":null}}},"2":{"name":"(anonymous_10)","decl":{"start":{"line":26,"column":8},"end":{"line":26,"column":14}},"loc":{"start":{"line":26,"column":61},"end":{"line":44,"column":null}}},"3":{"name":"(anonymous_12)","decl":{"start":{"line":46,"column":8},"end":{"line":46,"column":15}},"loc":{"start":{"line":46,"column":43},"end":{"line":58,"column":null}}},"4":{"name":"(anonymous_14)","decl":{"start":{"line":60,"column":8},"end":{"line":60,"column":14}},"loc":{"start":{"line":60,"column":42},"end":{"line":103,"column":null}}},"5":{"name":"(anonymous_16)","decl":{"start":{"line":135,"column":8},"end":{"line":135,"column":14}},"loc":{"start":{"line":135,"column":42},"end":{"line":147,"column":null}}}},"branchMap":{"0":{"loc":{"start":{"line":8,"column":4},"end":{"line":8,"column":73}},"type":"if","locations":[{"start":{"line":8,"column":4},"end":{"line":8,"column":73}}]},"1":{"loc":{"start":{"line":32,"column":6},"end":{"line":40,"column":7}},"type":"if","locations":[{"start":{"line":32,"column":6},"end":{"line":40,"column":7}},{"start":{"line":37,"column":13},"end":{"line":40,"column":7}}]},"2":{"loc":{"start":{"line":50,"column":6},"end":{"line":54,"column":7}},"type":"if","locations":[{"start":{"line":50,"column":6},"end":{"line":54,"column":7}},{"start":{"line":52,"column":13},"end":{"line":54,"column":7}}]},"3":{"loc":{"start":{"line":68,"column":6},"end":{"line":78,"column":7}},"type":"if","locations":[{"start":{"line":68,"column":6},"end":{"line":78,"column":7}},{"start":{"line":71,"column":13},"end":{"line":78,"column":7}}]},"4":{"loc":{"start":{"line":71,"column":13},"end":{"line":78,"column":7}},"type":"if","locations":[{"start":{"line":71,"column":13},"end":{"line":78,"column":7}},{"start":{"line":75,"column":13},"end":{"line":78,"column":7}}]},"5":{"loc":{"start":{"line":81,"column":6},"end":{"line":85,"column":7}},"type":"if","locations":[{"start":{"line":81,"column":6},"end":{"line":85,"column":7}}]},"6":{"loc":{"start":{"line":94,"column":6},"end":{"line":100,"column":7}},"type":"if","locations":[{"start":{"line":94,"column":6},"end":{"line":100,"column":7}}]},"7":{"loc":{"start":{"line":95,"column":8},"end":{"line":97,"column":38}},"type":"binary-expr","locations":[{"start":{"line":95,"column":8},"end":{"line":95,"column":33}},{"start":{"line":96,"column":8},"end":{"line":96,"column":29}},{"start":{"line":97,"column":8},"end":{"line":97,"column":38}}]},"8":{"loc":{"start":{"line":138,"column":6},"end":{"line":141,"column":7}},"type":"if","locations":[{"start":{"line":138,"column":6},"end":{"line":141,"column":7}}]}},"s":{"0":12,"1":0,"2":12,"3":12,"4":9,"5":9,"6":9,"7":9,"8":9,"9":7,"10":2,"11":2,"12":8,"13":8,"14":8,"15":8,"16":8,"17":6,"18":4,"19":4,"20":2,"21":1,"22":3,"23":8,"24":8,"25":8,"26":6,"27":3,"28":3,"29":2,"30":14,"31":14,"32":14,"33":14,"34":14,"35":9,"36":9,"37":5,"38":5,"39":5,"40":0,"41":0,"42":11,"43":11,"44":2,"45":2,"46":2,"47":9,"48":9,"49":9,"50":8,"51":8,"52":4,"53":4,"54":1,"55":3,"56":5,"57":5,"58":4,"59":2,"60":2,"61":2,"62":2,"63":1,"64":4},"f":{"0":12,"1":9,"2":8,"3":8,"4":14,"5":5},"b":{"0":[0],"1":[6,2],"2":[3,3],"3":[9,5],"4":[5,0],"5":[2],"6":[1],"7":[4,1,1],"8":[2]}}
,"/Users/arelgabay/Desktop/Web-Application-Development/src/controllers/commentController.ts": {"path":"/Users/arelgabay/Desktop/Web-Application-Development/src/controllers/commentController.ts","statementMap":{"0":{"start":{"line":2,"column":0},"end":{"line":2,"column":60}},"1":{"start":{"line":3,"column":0},"end":{"line":3,"column":46}},"2":{"start":{"line":7,"column":4},"end":{"line":7,"column":24}},"3":{"start":{"line":11,"column":20},"end":{"line":15,"column":6}},"4":{"start":{"line":16,"column":4},"end":{"line":16,"column":23}},"5":{"start":{"line":17,"column":4},"end":{"line":17,"column":27}},"6":{"start":{"line":21,"column":4},"end":{"line":21,"column":28}},"7":{"start":{"line":25,"column":17},"end":{"line":25,"column":25}},"8":{"start":{"line":26,"column":20},"end":{"line":30,"column":6}},"9":{"start":{"line":31,"column":4},"end":{"line":31,"column":23}},"10":{"start":{"line":32,"column":4},"end":{"line":32,"column":27}},"11":{"start":{"line":36,"column":4},"end":{"line":36,"column":27}},"12":{"start":{"line":40,"column":4},"end":{"line":40,"column":37}},"13":{"start":{"line":44,"column":0},"end":{"line":44,"column":40}}},"fnMap":{"0":{"name":"(anonymous_8)","decl":{"start":{"line":6,"column":2},"end":{"line":6,"column":null}},"loc":{"start":{"line":6,"column":2},"end":{"line":8,"column":3}}},"1":{"name":"(anonymous_9)","decl":{"start":{"line":10,"column":8},"end":{"line":10,"column":21}},"loc":{"start":{"line":10,"column":49},"end":{"line":18,"column":null}}},"2":{"name":"(anonymous_12)","decl":{"start":{"line":20,"column":8},"end":{"line":20,"column":22}},"loc":{"start":{"line":20,"column":50},"end":{"line":22,"column":null}}},"3":{"name":"(anonymous_15)","decl":{"start":{"line":24,"column":8},"end":{"line":24,"column":21}},"loc":{"start":{"line":24,"column":49},"end":{"line":33,"column":null}}},"4":{"name":"(anonymous_18)","decl":{"start":{"line":35,"column":8},"end":{"line":35,"column":21}},"loc":{"start":{"line":35,"column":49},"end":{"line":37,"column":null}}},"5":{"name":"(anonymous_21)","decl":{"start":{"line":39,"column":8},"end":{"line":39,"column":25}},"loc":{"start":{"line":39,"column":53},"end":{"line":41,"column":null}}}},"branchMap":{},"s":{"0":4,"1":4,"2":4,"3":2,"4":2,"5":2,"6":3,"7":3,"8":3,"9":3,"10":3,"11":3,"12":2,"13":4},"f":{"0":4,"1":2,"2":3,"3":3,"4":3,"5":2},"b":{}}
,"/Users/arelgabay/Desktop/Web-Application-Development/src/controllers/postController.ts": {"path":"/Users/arelgabay/Desktop/Web-Application-Development/src/controllers/postController.ts","statementMap":{"0":{"start":{"line":3,"column":0},"end":{"line":3,"column":26}},"1":{"start":{"line":4,"column":0},"end":{"line":4,"column":33}},"2":{"start":{"line":5,"column":0},"end":{"line":5,"column":50}},"3":{"start":{"line":6,"column":0},"end":{"line":6,"column":46}},"4":{"start":{"line":10,"column":4},"end":{"line":10,"column":21}},"5":{"start":{"line":14,"column":4},"end":{"line":17,"column":6}},"6":{"start":{"line":18,"column":17},"end":{"line":18,"column":25}},"7":{"start":{"line":20,"column":4},"end":{"line":20,"column":39}},"8":{"start":{"line":21,"column":4},"end":{"line":21,"column":39}},"9":{"start":{"line":23,"column":29},"end":{"line":23,"column":50}},"10":{"start":{"line":26,"column":4},"end":{"line":48,"column":5}},"11":{"start":{"line":27,"column":6},"end":{"line":27,"column":72}},"12":{"start":{"line":28,"column":27},"end":{"line":28,"column":41}},"13":{"start":{"line":29,"column":6},"end":{"line":29,"column":74}},"14":{"start":{"line":31,"column":6},"end":{"line":47,"column":7}},"15":{"start":{"line":33,"column":29},"end":{"line":41,"column":null}},"16":{"start":{"line":43,"column":8},"end":{"line":43,"column":64}},"17":{"start":{"line":44,"column":8},"end":{"line":44,"column":43}},"18":{"start":{"line":46,"column":8},"end":{"line":46,"column":73}},"19":{"start":{"line":51,"column":27},"end":{"line":57,"column":6}},"20":{"start":{"line":60,"column":4},"end":{"line":60,"column":23}},"21":{"start":{"line":61,"column":4},"end":{"line":61,"column":46}},"22":{"start":{"line":64,"column":4},"end":{"line":64,"column":27}},"23":{"start":{"line":68,"column":4},"end":{"line":68,"column":31}},"24":{"start":{"line":72,"column":4},"end":{"line":72,"column":28}},"25":{"start":{"line":77,"column":4},"end":{"line":77,"column":37}},"26":{"start":{"line":81,"column":4},"end":{"line":81,"column":49}},"27":{"start":{"line":82,"column":17},"end":{"line":82,"column":25}},"28":{"start":{"line":83,"column":4},"end":{"line":83,"column":31}},"29":{"start":{"line":86,"column":29},"end":{"line":86,"column":50}},"30":{"start":{"line":89,"column":4},"end":{"line":107,"column":5}},"31":{"start":{"line":90,"column":6},"end":{"line":90,"column":22}},"32":{"start":{"line":91,"column":6},"end":{"line":106,"column":7}},"33":{"start":{"line":92,"column":29},"end":{"line":101,"column":null}},"34":{"start":{"line":103,"column":8},"end":{"line":103,"column":66}},"35":{"start":{"line":105,"column":8},"end":{"line":105,"column":72}},"36":{"start":{"line":110,"column":4},"end":{"line":153,"column":5}},"37":{"start":{"line":111,"column":6},"end":{"line":111,"column":70}},"38":{"start":{"line":112,"column":27},"end":{"line":112,"column":41}},"39":{"start":{"line":113,"column":6},"end":{"line":113,"column":74}},"40":{"start":{"line":116,"column":22},"end":{"line":116,"column":40}},"41":{"start":{"line":117,"column":6},"end":{"line":117,"column":48}},"42":{"start":{"line":119,"column":6},"end":{"line":152,"column":7}},"43":{"start":{"line":121,"column":8},"end":{"line":147,"column":9}},"44":{"start":{"line":123,"column":10},"end":{"line":135,"column":12}},"45":{"start":{"line":137,"column":10},"end":{"line":146,"column":12}},"46":{"start":{"line":148,"column":8},"end":{"line":148,"column":64}},"47":{"start":{"line":149,"column":8},"end":{"line":149,"column":43}},"48":{"start":{"line":151,"column":8},"end":{"line":151,"column":73}},"49":{"start":{"line":156,"column":40},"end":{"line":160,"column":6}},"50":{"start":{"line":163,"column":4},"end":{"line":163,"column":27}},"51":{"start":{"line":164,"column":4},"end":{"line":164,"column":50}},"52":{"start":{"line":167,"column":4},"end":{"line":167,"column":27}},"53":{"start":{"line":171,"column":4},"end":{"line":218,"column":5}},"54":{"start":{"line":172,"column":21},"end":{"line":172,"column":34}},"55":{"start":{"line":173,"column":31},"end":{"line":173,"column":48}},"56":{"start":{"line":174,"column":21},"end":{"line":174,"column":36}},"57":{"start":{"line":177,"column":6},"end":{"line":181,"column":7}},"58":{"start":{"line":178,"column":8},"end":{"line":178,"column":62}},"59":{"start":{"line":179,"column":8},"end":{"line":179,"column":69}},"60":{"start":{"line":180,"column":8},"end":{"line":180,"column":15}},"61":{"start":{"line":183,"column":6},"end":{"line":188,"column":8}},"62":{"start":{"line":189,"column":19},"end":{"line":189,"column":51}},"63":{"start":{"line":190,"column":6},"end":{"line":194,"column":7}},"64":{"start":{"line":191,"column":8},"end":{"line":191,"column":56}},"65":{"start":{"line":192,"column":8},"end":{"line":192,"column":60}},"66":{"start":{"line":193,"column":8},"end":{"line":193,"column":15}},"67":{"start":{"line":197,"column":6},"end":{"line":199,"column":7}},"68":{"start":{"line":198,"column":8},"end":{"line":198,"column":24}},"69":{"start":{"line":201,"column":20},"end":{"line":201,"column":46}},"70":{"start":{"line":202,"column":6},"end":{"line":210,"column":7}},"71":{"start":{"line":204,"column":8},"end":{"line":204,"column":32}},"72":{"start":{"line":205,"column":8},"end":{"line":205,"column":49}},"73":{"start":{"line":208,"column":8},"end":{"line":208,"column":36}},"74":{"start":{"line":209,"column":8},"end":{"line":209,"column":53}},"75":{"start":{"line":212,"column":6},"end":{"line":212,"column":24}},"76":{"start":{"line":213,"column":6},"end":{"line":213,"column":69}},"77":{"start":{"line":214,"column":6},"end":{"line":214,"column":33}},"78":{"start":{"line":216,"column":6},"end":{"line":216,"column":79}},"79":{"start":{"line":217,"column":6},"end":{"line":217,"column":64}},"80":{"start":{"line":222,"column":4},"end":{"line":222,"column":27}},"81":{"start":{"line":226,"column":0},"end":{"line":226,"column":37}}},"fnMap":{"0":{"name":"(anonymous_8)","decl":{"start":{"line":9,"column":2},"end":{"line":9,"column":null}},"loc":{"start":{"line":9,"column":2},"end":{"line":11,"column":3}}},"1":{"name":"(anonymous_9)","decl":{"start":{"line":13,"column":8},"end":{"line":13,"column":18}},"loc":{"start":{"line":13,"column":46},"end":{"line":65,"column":null}}},"2":{"name":"(anonymous_12)","decl":{"start":{"line":67,"column":8},"end":{"line":67,"column":16}},"loc":{"start":{"line":67,"column":44},"end":{"line":69,"column":null}}},"3":{"name":"(anonymous_15)","decl":{"start":{"line":71,"column":8},"end":{"line":71,"column":19}},"loc":{"start":{"line":71,"column":47},"end":{"line":73,"column":null}}},"4":{"name":"(anonymous_18)","decl":{"start":{"line":75,"column":8},"end":{"line":75,"column":24}},"loc":{"start":{"line":75,"column":52},"end":{"line":78,"column":null}}},"5":{"name":"(anonymous_21)","decl":{"start":{"line":80,"column":8},"end":{"line":80,"column":18}},"loc":{"start":{"line":80,"column":46},"end":{"line":168,"column":null}}},"6":{"name":"(anonymous_24)","decl":{"start":{"line":170,"column":8},"end":{"line":170,"column":18}},"loc":{"start":{"line":170,"column":46},"end":{"line":219,"column":null}}},"7":{"name":"(anonymous_26)","decl":{"start":{"line":221,"column":8},"end":{"line":221,"column":18}},"loc":{"start":{"line":221,"column":46},"end":{"line":223,"column":null}}}},"branchMap":{"0":{"loc":{"start":{"line":16,"column":6},"end":{"line":16,"column":44}},"type":"binary-expr","locations":[{"start":{"line":16,"column":6},"end":{"line":16,"column":25}},{"start":{"line":16,"column":29},"end":{"line":16,"column":44}}]},"1":{"loc":{"start":{"line":23,"column":29},"end":{"line":23,"column":50}},"type":"binary-expr","locations":[{"start":{"line":23,"column":29},"end":{"line":23,"column":44}},{"start":{"line":23,"column":48},"end":{"line":23,"column":50}}]},"2":{"loc":{"start":{"line":26,"column":4},"end":{"line":48,"column":5}},"type":"if","locations":[{"start":{"line":26,"column":4},"end":{"line":48,"column":5}}]},"3":{"loc":{"start":{"line":34,"column":11},"end":{"line":34,"column":40}},"type":"binary-expr","locations":[{"start":{"line":34,"column":11},"end":{"line":34,"column":34}},{"start":{"line":34,"column":38},"end":{"line":34,"column":40}}]},"4":{"loc":{"start":{"line":39,"column":29},"end":{"line":39,"column":60}},"type":"binary-expr","locations":[{"start":{"line":39,"column":29},"end":{"line":39,"column":54}},{"start":{"line":39,"column":58},"end":{"line":39,"column":60}}]},"5":{"loc":{"start":{"line":86,"column":29},"end":{"line":86,"column":50}},"type":"binary-expr","locations":[{"start":{"line":86,"column":29},"end":{"line":86,"column":44}},{"start":{"line":86,"column":48},"end":{"line":86,"column":50}}]},"6":{"loc":{"start":{"line":89,"column":4},"end":{"line":107,"column":5}},"type":"if","locations":[{"start":{"line":89,"column":4},"end":{"line":107,"column":5}}]},"7":{"loc":{"start":{"line":89,"column":8},"end":{"line":89,"column":64}},"type":"binary-expr","locations":[{"start":{"line":89,"column":8},"end":{"line":89,"column":35}},{"start":{"line":89,"column":39},"end":{"line":89,"column":64}}]},"8":{"loc":{"start":{"line":93,"column":11},"end":{"line":93,"column":40}},"type":"binary-expr","locations":[{"start":{"line":93,"column":11},"end":{"line":93,"column":34}},{"start":{"line":93,"column":38},"end":{"line":93,"column":40}}]},"9":{"loc":{"start":{"line":99,"column":29},"end":{"line":99,"column":60}},"type":"binary-expr","locations":[{"start":{"line":99,"column":29},"end":{"line":99,"column":54}},{"start":{"line":99,"column":58},"end":{"line":99,"column":60}}]},"10":{"loc":{"start":{"line":110,"column":4},"end":{"line":153,"column":5}},"type":"if","locations":[{"start":{"line":110,"column":4},"end":{"line":153,"column":5}}]},"11":{"loc":{"start":{"line":121,"column":8},"end":{"line":147,"column":9}},"type":"if","locations":[{"start":{"line":121,"column":8},"end":{"line":147,"column":9}},{"start":{"line":136,"column":15},"end":{"line":147,"column":9}}]},"12":{"loc":{"start":{"line":124,"column":13},"end":{"line":124,"column":42}},"type":"binary-expr","locations":[{"start":{"line":124,"column":13},"end":{"line":124,"column":36}},{"start":{"line":124,"column":40},"end":{"line":124,"column":42}}]},"13":{"loc":{"start":{"line":132,"column":31},"end":{"line":132,"column":62}},"type":"binary-expr","locations":[{"start":{"line":132,"column":31},"end":{"line":132,"column":56}},{"start":{"line":132,"column":60},"end":{"line":132,"column":62}}]},"14":{"loc":{"start":{"line":138,"column":13},"end":{"line":138,"column":42}},"type":"binary-expr","locations":[{"start":{"line":138,"column":13},"end":{"line":138,"column":36}},{"start":{"line":138,"column":40},"end":{"line":138,"column":42}}]},"15":{"loc":{"start":{"line":143,"column":31},"end":{"line":143,"column":62}},"type":"binary-expr","locations":[{"start":{"line":143,"column":31},"end":{"line":143,"column":56}},{"start":{"line":143,"column":60},"end":{"line":143,"column":62}}]},"16":{"loc":{"start":{"line":177,"column":6},"end":{"line":181,"column":7}},"type":"if","locations":[{"start":{"line":177,"column":6},"end":{"line":181,"column":7}}]},"17":{"loc":{"start":{"line":177,"column":10},"end":{"line":177,"column":47}},"type":"binary-expr","locations":[{"start":{"line":177,"column":10},"end":{"line":177,"column":19}},{"start":{"line":177,"column":23},"end":{"line":177,"column":47}}]},"18":{"loc":{"start":{"line":190,"column":6},"end":{"line":194,"column":7}},"type":"if","locations":[{"start":{"line":190,"column":6},"end":{"line":194,"column":7}}]},"19":{"loc":{"start":{"line":197,"column":6},"end":{"line":199,"column":7}},"type":"if","locations":[{"start":{"line":197,"column":6},"end":{"line":199,"column":7}}]},"20":{"loc":{"start":{"line":202,"column":6},"end":{"line":210,"column":7}},"type":"if","locations":[{"start":{"line":202,"column":6},"end":{"line":210,"column":7}},{"start":{"line":206,"column":13},"end":{"line":210,"column":7}}]}},"s":{"0":4,"1":4,"2":4,"3":4,"4":4,"5":7,"6":7,"7":7,"8":7,"9":7,"10":7,"11":2,"12":2,"13":2,"14":2,"15":2,"16":1,"17":1,"18":1,"19":7,"20":7,"21":7,"22":7,"23":2,"24":3,"25":2,"26":6,"27":6,"28":6,"29":6,"30":6,"31":2,"32":2,"33":2,"34":1,"35":1,"36":6,"37":1,"38":1,"39":1,"40":1,"41":1,"42":1,"43":1,"44":0,"45":1,"46":1,"47":1,"48":0,"49":6,"50":6,"51":6,"52":6,"53":6,"54":6,"55":6,"56":6,"57":6,"58":1,"59":1,"60":1,"61":5,"62":5,"63":4,"64":1,"65":1,"66":1,"67":3,"68":1,"69":3,"70":3,"71":2,"72":2,"73":1,"74":1,"75":3,"76":3,"77":3,"78":1,"79":1,"80":2,"81":4},"f":{"0":4,"1":7,"2":2,"3":3,"4":2,"5":6,"6":6,"7":2},"b":{"0":[7,7],"1":[7,4],"2":[2],"3":[2,0],"4":[2,0],"5":[6,4],"6":[2],"7":[6,4],"8":[2,0],"9":[2,0],"10":[1],"11":[0,1],"12":[0,0],"13":[0,0],"14":[1,0],"15":[1,0],"16":[1],"17":[6,6],"18":[1],"19":[1],"20":[2,1]}}
,"/Users/arelgabay/Desktop/Web-Application-Development/src/controllers/userController.ts": {"path":"/Users/arelgabay/Desktop/Web-Application-Development/src/controllers/userController.ts","statementMap":{"0":{"start":{"line":2,"column":0},"end":{"line":2,"column":50}},"1":{"start":{"line":3,"column":0},"end":{"line":3,"column":46}},"2":{"start":{"line":4,"column":0},"end":{"line":4,"column":26}},"3":{"start":{"line":5,"column":0},"end":{"line":5,"column":33}},"4":{"start":{"line":6,"column":0},"end":{"line":6,"column":36}},"5":{"start":{"line":10,"column":4},"end":{"line":10,"column":21}},"6":{"start":{"line":14,"column":4},"end":{"line":14,"column":66}},"7":{"start":{"line":15,"column":4},"end":{"line":15,"column":39}},"8":{"start":{"line":19,"column":4},"end":{"line":19,"column":54}},"9":{"start":{"line":20,"column":4},"end":{"line":20,"column":28}},"10":{"start":{"line":24,"column":4},"end":{"line":24,"column":62}},"11":{"start":{"line":25,"column":4},"end":{"line":25,"column":44}},"12":{"start":{"line":29,"column":4},"end":{"line":103,"column":5}},"13":{"start":{"line":31,"column":6},"end":{"line":60,"column":7}},"14":{"start":{"line":32,"column":8},"end":{"line":32,"column":59}},"15":{"start":{"line":34,"column":29},"end":{"line":34,"column":43}},"16":{"start":{"line":35,"column":8},"end":{"line":35,"column":76}},"17":{"start":{"line":38,"column":8},"end":{"line":59,"column":9}},"18":{"start":{"line":39,"column":31},"end":{"line":47,"column":null}},"19":{"start":{"line":50,"column":10},"end":{"line":53,"column":12}},"20":{"start":{"line":54,"column":10},"end":{"line":54,"column":52}},"21":{"start":{"line":56,"column":10},"end":{"line":56,"column":73}},"22":{"start":{"line":57,"column":10},"end":{"line":57,"column":78}},"23":{"start":{"line":58,"column":10},"end":{"line":58,"column":17}},"24":{"start":{"line":63,"column":42},"end":{"line":63,"column":44}},"25":{"start":{"line":65,"column":6},"end":{"line":67,"column":7}},"26":{"start":{"line":66,"column":8},"end":{"line":66,"column":49}},"27":{"start":{"line":69,"column":6},"end":{"line":71,"column":7}},"28":{"start":{"line":70,"column":8},"end":{"line":70,"column":58}},"29":{"start":{"line":73,"column":6},"end":{"line":75,"column":7}},"30":{"start":{"line":74,"column":8},"end":{"line":74,"column":39}},"31":{"start":{"line":78,"column":27},"end":{"line":80,"column":8}},"32":{"start":{"line":82,"column":6},"end":{"line":85,"column":7}},"33":{"start":{"line":83,"column":8},"end":{"line":83,"column":58}},"34":{"start":{"line":84,"column":8},"end":{"line":84,"column":15}},"35":{"start":{"line":88,"column":6},"end":{"line":91,"column":7}},"36":{"start":{"line":89,"column":8},"end":{"line":89,"column":61}},"37":{"start":{"line":90,"column":8},"end":{"line":90,"column":15}},"38":{"start":{"line":94,"column":6},"end":{"line":94,"column":36}},"39":{"start":{"line":95,"column":6},"end":{"line":95,"column":32}},"40":{"start":{"line":97,"column":6},"end":{"line":97,"column":69}},"41":{"start":{"line":99,"column":6},"end":{"line":99,"column":29}},"42":{"start":{"line":101,"column":6},"end":{"line":101,"column":58}},"43":{"start":{"line":102,"column":6},"end":{"line":102,"column":70}},"44":{"start":{"line":107,"column":4},"end":{"line":107,"column":55}},"45":{"start":{"line":108,"column":4},"end":{"line":108,"column":44}},"46":{"start":{"line":112,"column":4},"end":{"line":214,"column":5}},"47":{"start":{"line":114,"column":6},"end":{"line":166,"column":7}},"48":{"start":{"line":115,"column":8},"end":{"line":115,"column":49}},"49":{"start":{"line":118,"column":29},"end":{"line":118,"column":43}},"50":{"start":{"line":119,"column":8},"end":{"line":119,"column":76}},"51":{"start":{"line":121,"column":24},"end":{"line":121,"column":53}},"52":{"start":{"line":123,"column":8},"end":{"line":123,"column":42}},"53":{"start":{"line":124,"column":8},"end":{"line":165,"column":9}},"54":{"start":{"line":125,"column":10},"end":{"line":125,"column":69}},"55":{"start":{"line":127,"column":10},"end":{"line":143,"column":11}},"56":{"start":{"line":128,"column":33},"end":{"line":136,"column":null}},"57":{"start":{"line":139,"column":12},"end":{"line":139,"column":68}},"58":{"start":{"line":140,"column":12},"end":{"line":140,"column":54}},"59":{"start":{"line":142,"column":12},"end":{"line":142,"column":58}},"60":{"start":{"line":145,"column":10},"end":{"line":164,"column":11}},"61":{"start":{"line":146,"column":33},"end":{"line":157,"column":null}},"62":{"start":{"line":160,"column":12},"end":{"line":160,"column":68}},"63":{"start":{"line":161,"column":12},"end":{"line":161,"column":54}},"64":{"start":{"line":163,"column":12},"end":{"line":163,"column":58}},"65":{"start":{"line":169,"column":42},"end":{"line":169,"column":44}},"66":{"start":{"line":170,"column":6},"end":{"line":173,"column":7}},"67":{"start":{"line":171,"column":8},"end":{"line":171,"column":49}},"68":{"start":{"line":172,"column":8},"end":{"line":172,"column":61}},"69":{"start":{"line":175,"column":6},"end":{"line":178,"column":7}},"70":{"start":{"line":176,"column":8},"end":{"line":176,"column":72}},"71":{"start":{"line":177,"column":8},"end":{"line":177,"column":58}},"72":{"start":{"line":180,"column":6},"end":{"line":182,"column":7}},"73":{"start":{"line":181,"column":8},"end":{"line":181,"column":39}},"74":{"start":{"line":185,"column":6},"end":{"line":185,"column":29}},"75":{"start":{"line":188,"column":6},"end":{"line":210,"column":7}},"76":{"start":{"line":189,"column":8},"end":{"line":189,"column":39}},"77":{"start":{"line":190,"column":8},"end":{"line":190,"column":37}},"78":{"start":{"line":191,"column":32},"end":{"line":193,"column":10}},"79":{"start":{"line":194,"column":8},"end":{"line":194,"column":34}},"80":{"start":{"line":196,"column":27},"end":{"line":196,"column":null}},"81":{"start":{"line":200,"column":8},"end":{"line":209,"column":9}},"82":{"start":{"line":205,"column":10},"end":{"line":207,"column":13}},"83":{"start":{"line":208,"column":10},"end":{"line":208,"column":17}},"84":{"start":{"line":212,"column":6},"end":{"line":212,"column":51}},"85":{"start":{"line":213,"column":6},"end":{"line":213,"column":63}},"86":{"start":{"line":218,"column":0},"end":{"line":218,"column":36}}},"fnMap":{"0":{"name":"(anonymous_8)","decl":{"start":{"line":9,"column":2},"end":{"line":9,"column":null}},"loc":{"start":{"line":9,"column":2},"end":{"line":11,"column":3}}},"1":{"name":"(anonymous_9)","decl":{"start":{"line":13,"column":8},"end":{"line":13,"column":25}},"loc":{"start":{"line":13,"column":53},"end":{"line":16,"column":null}}},"2":{"name":"(anonymous_12)","decl":{"start":{"line":18,"column":8},"end":{"line":18,"column":19}},"loc":{"start":{"line":18,"column":47},"end":{"line":21,"column":null}}},"3":{"name":"(anonymous_15)","decl":{"start":{"line":23,"column":8},"end":{"line":23,"column":24}},"loc":{"start":{"line":23,"column":52},"end":{"line":104,"column":null}}},"4":{"name":"(anonymous_17)","decl":{"start":{"line":106,"column":8},"end":{"line":106,"column":18}},"loc":{"start":{"line":106,"column":46},"end":{"line":215,"column":null}}}},"branchMap":{"0":{"loc":{"start":{"line":31,"column":6},"end":{"line":60,"column":7}},"type":"if","locations":[{"start":{"line":31,"column":6},"end":{"line":60,"column":7}}]},"1":{"loc":{"start":{"line":40,"column":13},"end":{"line":40,"column":42}},"type":"binary-expr","locations":[{"start":{"line":40,"column":13},"end":{"line":40,"column":36}},{"start":{"line":40,"column":40},"end":{"line":40,"column":42}}]},"2":{"loc":{"start":{"line":65,"column":6},"end":{"line":67,"column":7}},"type":"if","locations":[{"start":{"line":65,"column":6},"end":{"line":67,"column":7}}]},"3":{"loc":{"start":{"line":69,"column":6},"end":{"line":71,"column":7}},"type":"if","locations":[{"start":{"line":69,"column":6},"end":{"line":71,"column":7}}]},"4":{"loc":{"start":{"line":73,"column":6},"end":{"line":75,"column":7}},"type":"if","locations":[{"start":{"line":73,"column":6},"end":{"line":75,"column":7}}]},"5":{"loc":{"start":{"line":82,"column":6},"end":{"line":85,"column":7}},"type":"if","locations":[{"start":{"line":82,"column":6},"end":{"line":85,"column":7}}]},"6":{"loc":{"start":{"line":88,"column":6},"end":{"line":91,"column":7}},"type":"if","locations":[{"start":{"line":88,"column":6},"end":{"line":91,"column":7}}]},"7":{"loc":{"start":{"line":114,"column":6},"end":{"line":166,"column":7}},"type":"if","locations":[{"start":{"line":114,"column":6},"end":{"line":166,"column":7}}]},"8":{"loc":{"start":{"line":124,"column":8},"end":{"line":165,"column":9}},"type":"if","locations":[{"start":{"line":124,"column":8},"end":{"line":165,"column":9}},{"start":{"line":144,"column":15},"end":{"line":165,"column":9}}]},"9":{"loc":{"start":{"line":129,"column":15},"end":{"line":129,"column":44}},"type":"binary-expr","locations":[{"start":{"line":129,"column":15},"end":{"line":129,"column":38}},{"start":{"line":129,"column":42},"end":{"line":129,"column":44}}]},"10":{"loc":{"start":{"line":147,"column":15},"end":{"line":147,"column":44}},"type":"binary-expr","locations":[{"start":{"line":147,"column":15},"end":{"line":147,"column":38}},{"start":{"line":147,"column":42},"end":{"line":147,"column":44}}]},"11":{"loc":{"start":{"line":170,"column":6},"end":{"line":173,"column":7}},"type":"if","locations":[{"start":{"line":170,"column":6},"end":{"line":173,"column":7}}]},"12":{"loc":{"start":{"line":175,"column":6},"end":{"line":178,"column":7}},"type":"if","locations":[{"start":{"line":175,"column":6},"end":{"line":178,"column":7}}]},"13":{"loc":{"start":{"line":180,"column":6},"end":{"line":182,"column":7}},"type":"if","locations":[{"start":{"line":180,"column":6},"end":{"line":182,"column":7}}]},"14":{"loc":{"start":{"line":200,"column":8},"end":{"line":209,"column":9}},"type":"if","locations":[{"start":{"line":200,"column":8},"end":{"line":209,"column":9}}]},"15":{"loc":{"start":{"line":201,"column":10},"end":{"line":203,"column":40}},"type":"binary-expr","locations":[{"start":{"line":201,"column":10},"end":{"line":201,"column":35}},{"start":{"line":202,"column":10},"end":{"line":202,"column":31}},{"start":{"line":203,"column":10},"end":{"line":203,"column":40}}]}},"s":{"0":4,"1":4,"2":4,"3":4,"4":4,"5":4,"6":2,"7":2,"8":2,"9":2,"10":5,"11":5,"12":5,"13":5,"14":2,"15":2,"16":2,"17":2,"18":2,"19":1,"20":1,"21":1,"22":1,"23":1,"24":4,"25":4,"26":4,"27":4,"28":1,"29":4,"30":4,"31":4,"32":4,"33":1,"34":1,"35":3,"36":1,"37":1,"38":2,"39":2,"40":2,"41":2,"42":0,"43":0,"44":5,"45":5,"46":5,"47":5,"48":2,"49":2,"50":2,"51":2,"52":2,"53":2,"54":1,"55":1,"56":1,"57":1,"58":1,"59":0,"60":1,"61":1,"62":1,"63":1,"64":0,"65":5,"66":5,"67":5,"68":5,"69":5,"70":2,"71":2,"72":5,"73":5,"74":5,"75":5,"76":5,"77":5,"78":4,"79":4,"80":5,"81":5,"82":1,"83":1,"84":0,"85":0,"86":4},"f":{"0":4,"1":2,"2":2,"3":5,"4":5},"b":{"0":[2],"1":[2,0],"2":[4],"3":[1],"4":[4],"5":[1],"6":[1],"7":[2],"8":[1,1],"9":[1,0],"10":[1,0],"11":[5],"12":[2],"13":[5],"14":[1],"15":[5,1,1]}}
,"/Users/arelgabay/Desktop/Web-Application-Development/src/models/Comments.ts": {"path":"/Users/arelgabay/Desktop/Web-Application-Development/src/models/Comments.ts","statementMap":{"0":{"start":{"line":1,"column":0},"end":{"line":1,"column":32}},"1":{"start":{"line":9,"column":22},"end":{"line":13,"column":2}},"2":{"start":{"line":15,"column":21},"end":{"line":15,"column":71}},"3":{"start":{"line":17,"column":0},"end":{"line":17,"column":28}}},"fnMap":{},"branchMap":{},"s":{"0":4,"1":4,"2":4,"3":4},"f":{},"b":{}}
,"/Users/arelgabay/Desktop/Web-Application-Development/src/models/Post.ts": {"path":"/Users/arelgabay/Desktop/Web-Application-Development/src/models/Post.ts","statementMap":{"0":{"start":{"line":1,"column":0},"end":{"line":1,"column":32}},"1":{"start":{"line":11,"column":19},"end":{"line":17,"column":2}},"2":{"start":{"line":19,"column":18},"end":{"line":19,"column":59}},"3":{"start":{"line":21,"column":0},"end":{"line":21,"column":25}}},"fnMap":{},"branchMap":{},"s":{"0":4,"1":4,"2":4,"3":4},"f":{},"b":{}}
,"/Users/arelgabay/Desktop/Web-Application-Development/src/models/User.ts": {"path":"/Users/arelgabay/Desktop/Web-Application-Development/src/models/User.ts","statementMap":{"0":{"start":{"line":1,"column":0},"end":{"line":1,"column":32}},"1":{"start":{"line":14,"column":19},"end":{"line":52,"column":2}},"2":{"start":{"line":29,"column":6},"end":{"line":29,"column":28}},"3":{"start":{"line":54,"column":18},"end":{"line":54,"column":59}},"4":{"start":{"line":56,"column":0},"end":{"line":56,"column":25}}},"fnMap":{"0":{"name":"(anonymous_1)","decl":{"start":{"line":28,"column":14},"end":{"line":28,"column":null}},"loc":{"start":{"line":28,"column":14},"end":{"line":30,"column":5}}}},"branchMap":{},"s":{"0":4,"1":4,"2":31,"3":4,"4":4},"f":{"0":31},"b":{}}
,"/Users/arelgabay/Desktop/Web-Application-Development/src/routes/AstronomyApiRoute.ts": {"path":"/Users/arelgabay/Desktop/Web-Application-Development/src/routes/AstronomyApiRoute.ts","statementMap":{"0":{"start":{"line":2,"column":0},"end":{"line":2,"column":52}},"1":{"start":{"line":3,"column":0},"end":{"line":3,"column":26}},"2":{"start":{"line":4,"column":0},"end":{"line":4,"column":28}},"3":{"start":{"line":6,"column":0},"end":{"line":6,"column":16}},"4":{"start":{"line":8,"column":15},"end":{"line":8,"column":23}},"5":{"start":{"line":10,"column":15},"end":{"line":10,"column":43}},"6":{"start":{"line":11,"column":19},"end":{"line":11,"column":51}},"7":{"start":{"line":13,"column":0},"end":{"line":15,"column":1}},"8":{"start":{"line":14,"column":2},"end":{"line":14,"column":59}},"9":{"start":{"line":18,"column":27},"end":{"line":20,"column":1}},"10":{"start":{"line":19,"column":2},"end":{"line":19,"column":78}},"11":{"start":{"line":23,"column":25},"end":{"line":47,"column":2}},"12":{"start":{"line":23,"column":49},"end":{"line":47,"column":2}},"13":{"start":{"line":24,"column":2},"end":{"line":46,"column":3}},"14":{"start":{"line":25,"column":21},"end":{"line":33,"column":null}},"15":{"start":{"line":36,"column":4},"end":{"line":38,"column":5}},"16":{"start":{"line":37,"column":6},"end":{"line":37,"column":44}},"17":{"start":{"line":40,"column":4},"end":{"line":43,"column":6}},"18":{"start":{"line":45,"column":4},"end":{"line":45,"column":69}},"19":{"start":{"line":50,"column":23},"end":{"line":90,"column":2}},"20":{"start":{"line":54,"column":4},"end":{"line":90,"column":2}},"21":{"start":{"line":55,"column":18},"end":{"line":73,"column":4}},"22":{"start":{"line":75,"column":2},"end":{"line":89,"column":3}},"23":{"start":{"line":76,"column":21},"end":{"line":84,"column":null}},"24":{"start":{"line":86,"column":4},"end":{"line":86,"column":25}},"25":{"start":{"line":88,"column":4},"end":{"line":88,"column":73}},"26":{"start":{"line":125,"column":0},"end":{"line":154,"column":2}},"27":{"start":{"line":127,"column":55},"end":{"line":153,"column":null}},"28":{"start":{"line":128,"column":4},"end":{"line":152,"column":5}},"29":{"start":{"line":130,"column":9},"end":{"line":130,"column":76}},"30":{"start":{"line":134,"column":6},"end":{"line":145,"column":7}},"31":{"start":{"line":135,"column":28},"end":{"line":135,"column":77}},"32":{"start":{"line":136,"column":8},"end":{"line":136,"column":40}},"33":{"start":{"line":137,"column":8},"end":{"line":137,"column":42}},"34":{"start":{"line":139,"column":8},"end":{"line":141,"column":20}},"35":{"start":{"line":142,"column":8},"end":{"line":144,"column":20}},"36":{"start":{"line":147,"column":28},"end":{"line":147,"column":75}},"37":{"start":{"line":148,"column":6},"end":{"line":148,"column":30}},"38":{"start":{"line":150,"column":6},"end":{"line":150,"column":70}},"39":{"start":{"line":151,"column":6},"end":{"line":151,"column":53}},"40":{"start":{"line":157,"column":23},"end":{"line":192,"column":2}},"41":{"start":{"line":161,"column":4},"end":{"line":192,"column":2}},"42":{"start":{"line":162,"column":18},"end":{"line":175,"column":4}},"43":{"start":{"line":177,"column":2},"end":{"line":191,"column":3}},"44":{"start":{"line":178,"column":21},"end":{"line":186,"column":null}},"45":{"start":{"line":188,"column":4},"end":{"line":188,"column":25}},"46":{"start":{"line":190,"column":4},"end":{"line":190,"column":73}},"47":{"start":{"line":227,"column":0},"end":{"line":256,"column":2}},"48":{"start":{"line":229,"column":55},"end":{"line":255,"column":null}},"49":{"start":{"line":230,"column":4},"end":{"line":254,"column":5}},"50":{"start":{"line":232,"column":9},"end":{"line":232,"column":76}},"51":{"start":{"line":236,"column":6},"end":{"line":247,"column":7}},"52":{"start":{"line":237,"column":28},"end":{"line":237,"column":77}},"53":{"start":{"line":238,"column":8},"end":{"line":238,"column":40}},"54":{"start":{"line":239,"column":8},"end":{"line":239,"column":42}},"55":{"start":{"line":241,"column":8},"end":{"line":243,"column":20}},"56":{"start":{"line":244,"column":8},"end":{"line":246,"column":20}},"57":{"start":{"line":249,"column":28},"end":{"line":249,"column":75}},"58":{"start":{"line":250,"column":6},"end":{"line":250,"column":30}},"59":{"start":{"line":252,"column":6},"end":{"line":252,"column":70}},"60":{"start":{"line":253,"column":6},"end":{"line":253,"column":53}},"61":{"star
[...]
,"decl":{"start":{"line":229,"column":2},"end":{"line":229,"column":9}},"loc":{"start":{"line":229,"column":55},"end":{"line":255,"column":null}}},"10":{"name":"(anonymous_18)","decl":{"start":{"line":229,"column":55},"end":{"line":229,"column":null}},"loc":{"start":{"line":229,"column":55},"end":{"line":255,"column":3}}}},"branchMap":{"0":{"loc":{"start":{"line":13,"column":0},"end":{"line":15,"column":1}},"type":"if","locations":[{"start":{"line":13,"column":0},"end":{"line":15,"column":1}}]},"1":{"loc":{"start":{"line":13,"column":4},"end":{"line":13,"column":26}},"type":"binary-expr","locations":[{"start":{"line":13,"column":4},"end":{"line":13,"column":11}},{"start":{"line":13,"column":15},"end":{"line":13,"column":26}}]},"2":{"loc":{"start":{"line":36,"column":4},"end":{"line":38,"column":5}},"type":"if","locations":[{"start":{"line":36,"column":4},"end":{"line":38,"column":5}}]},"3":{"loc":{"start":{"line":130,"column":9},"end":{"line":130,"column":76}},"type":"binary-expr","locations":[{"start":{"line":130,"column":9},"end":{"line":130,"column":34}},{"start":{"line":130,"column":38},"end":{"line":130,"column":76}}]},"4":{"loc":{"start":{"line":134,"column":6},"end":{"line":145,"column":7}},"type":"if","locations":[{"start":{"line":134,"column":6},"end":{"line":145,"column":7}},{"start":{"line":138,"column":13},"end":{"line":145,"column":7}}]},"5":{"loc":{"start":{"line":139,"column":19},"end":{"line":141,"column":19}},"type":"cond-expr","locations":[{"start":{"line":140,"column":12},"end":{"line":140,"column":52}},{"start":{"line":141,"column":12},"end":{"line":141,"column":19}}]},"6":{"loc":{"start":{"line":142,"column":20},"end":{"line":144,"column":19}},"type":"cond-expr","locations":[{"start":{"line":143,"column":12},"end":{"line":143,"column":53}},{"start":{"line":144,"column":12},"end":{"line":144,"column":19}}]},"7":{"loc":{"start":{"line":232,"column":9},"end":{"line":232,"column":76}},"type":"binary-expr","locations":[{"start":{"line":232,"column":9},"end":{"line":232,"column":34}},{"start":{"line":232,"column":38},"end":{"line":232,"column":76}}]},"8":{"loc":{"start":{"line":236,"column":6},"end":{"line":247,"column":7}},"type":"if","locations":[{"start":{"line":236,"column":6},"end":{"line":247,"column":7}},{"start":{"line":240,"column":13},"end":{"line":247,"column":7}}]},"9":{"loc":{"start":{"line":241,"column":19},"end":{"line":243,"column":19}},"type":"cond-expr","locations":[{"start":{"line":242,"column":12},"end":{"line":242,"column":52}},{"start":{"line":243,"column":12},"end":{"line":243,"column":19}}]},"10":{"loc":{"start":{"line":244,"column":20},"end":{"line":246,"column":19}},"type":"cond-expr","locations":[{"start":{"line":245,"column":12},"end":{"line":245,"column":53}},{"start":{"line":246,"column":12},"end":{"line":246,"column":19}}]}},"s":{"0":4,"1":4,"2":4,"3":4,"4":4,"5":4,"6":4,"7":4,"8":0,"9":4,"10":0,"11":4,"12":0,"13":0,"14":0,"15":0,"16":0,"17":0,"18":0,"19":4,"20":0,"21":0,"22":0,"23":0,"24":0,"25":0,"26":4,"27":0,"28":0,"29":0,"30":0,"31":0,"32":0,"33":0,"34":0,"35":0,"36":0,"37":0,"38":0,"39":0,"40":4,"41":0,"42":0,"43":0,"44":0,"45":0,"46":0,"47":4,"48":0,"49":0,"50":0,"51":0,"52":0,"53":0,"54":0,"55":0,"56":0,"57":0,"58":0,"59":0,"60":0,"61":4},"f":{"0":0,"1":0,"2":0,"3":0,"4":0,"5":0,"6":0,"7":0,"8":0,"9":0,"10":0},"b":{"0":[0],"1":[4,4],"2":[0],"3":[0,0],"4":[0,0],"5":[0,0],"6":[0,0],"7":[0,0],"8":[0,0],"9":[0,0],"10":[0,0]}}
,"/Users/arelgabay/Desktop/Web-Application-Development/src/routes/AuthRoute.ts": {"path":"/Users/arelgabay/Desktop/Web-Application-Development/src/routes/AuthRoute.ts","statementMap":{"0":{"start":{"line":1,"column":0},"end":{"line":1,"column":30}},"1":{"start":{"line":2,"column":15},"end":{"line":2,"column":31}},"2":{"start":{"line":3,"column":0},"end":{"line":3,"column":59}},"3":{"start":{"line":4,"column":0},"end":{"line":4,"column":28}},"4":{"start":{"line":6,"column":15},"end":{"line":6,"column":23}},"5":{"start":{"line":65,"column":0},"end":{"line":75,"column":2}},"6":{"start":{"line":68,"column":27},"end":{"line":74,"column":null}},"7":{"start":{"line":69,"column":4},"end":{"line":73,"column":5}},"8":{"start":{"line":70,"column":6},"end":{"line":70,"column":46}},"9":{"start":{"line":72,"column":6},"end":{"line":72,"column":18}},"10":{"start":{"line":77,"column":0},"end":{"line":77,"column":52}},"11":{"start":{"line":79,"column":0},"end":{"line":79,"column":63}},"12":{"start":{"line":114,"column":0},"end":{"line":114,"column":44}},"13":{"start":{"line":145,"column":0},"end":{"line":145,"column":48}},"14":{"start":{"line":176,"column":0},"end":{"line":176,"column":46}},"15":{"start":{"line":178,"column":0},"end":{"line":178,"column":22}}},"fnMap":{"0":{"name":"(anonymous_8)","decl":{"start":{"line":68,"column":2},"end":{"line":68,"column":9}},"loc":{"start":{"line":68,"column":27},"end":{"line":74,"column":null}}},"1":{"name":"(anonymous_9)","decl":{"start":{"line":68,"column":27},"end":{"line":68,"column":null}},"loc":{"start":{"line":68,"column":27},"end":{"line":74,"column":3}}}},"branchMap":{},"s":{"0":4,"1":4,"2":4,"3":4,"4":4,"5":4,"6":11,"7":11,"8":11,"9":0,"10":4,"11":4,"12":4,"13":4,"14":4,"15":4},"f":{"0":11,"1":11},"b":{}}
,"/Users/arelgabay/Desktop/Web-Application-Development/src/routes/CommentRoute.ts": {"path":"/Users/arelgabay/Desktop/Web-Application-Development/src/routes/CommentRoute.ts","statementMap":{"0":{"start":{"line":1,"column":0},"end":{"line":1,"column":30}},"1":{"start":{"line":2,"column":15},"end":{"line":2,"column":31}},"2":{"start":{"line":3,"column":0},"end":{"line":3,"column":65}},"3":{"start":{"line":4,"column":0},"end":{"line":4,"column":63}},"4":{"start":{"line":104,"column":0},"end":{"line":104,"column":90}},"5":{"start":{"line":145,"column":0},"end":{"line":145,"column":77}},"6":{"start":{"line":204,"column":0},"end":{"line":204,"column":92}},"7":{"start":{"line":230,"column":0},"end":{"line":230,"column":95}},"8":{"start":{"line":258,"column":0},"end":{"line":258,"column":89}},"9":{"start":{"line":260,"column":0},"end":{"line":260,"column":22}}},"fnMap":{},"branchMap":{},"s":{"0":4,"1":4,"2":4,"3":4,"4":4,"5":4,"6":4,"7":4,"8":4,"9":4},"f":{},"b":{}}
,"/Users/arelgabay/Desktop/Web-Application-Development/src/routes/FileRoute.ts": {"path":"/Users/arelgabay/Desktop/Web-Application-Development/src/routes/FileRoute.ts","statementMap":{"0":{"start":{"line":1,"column":0},"end":{"line":1,"column":53}},"1":{"start":{"line":2,"column":0},"end":{"line":2,"column":28}},"2":{"start":{"line":3,"column":0},"end":{"line":3,"column":20}},"3":{"start":{"line":4,"column":0},"end":{"line":4,"column":24}},"4":{"start":{"line":5,"column":0},"end":{"line":5,"column":63}},"5":{"start":{"line":7,"column":15},"end":{"line":7,"column":31}},"6":{"start":{"line":9,"column":18},"end":{"line":9,"column":27}},"7":{"start":{"line":11,"column":0},"end":{"line":13,"column":1}},"8":{"start":{"line":12,"column":2},"end":{"line":12,"column":47}},"9":{"start":{"line":16,"column":16},"end":{"line":24,"column":2}},"10":{"start":{"line":18,"column":4},"end":{"line":18,"column":24}},"11":{"start":{"line":21,"column":16},"end":{"line":21,"column":79}},"12":{"start":{"line":22,"column":4},"end":{"line":22,"column":37}},"13":{"start":{"line":25,"column":15},"end":{"line":25,"column":43}},"14":{"start":{"line":72,"column":0},"end":{"line":86,"column":2}},"15":{"start":{"line":77,"column":4},"end":{"line":77,"column":26}},"16":{"start":{"line":78,"column":4},"end":{"line":81,"column":5}},"17":{"start":{"line":79,"column":6},"end":{"line":79,"column":58}},"18":{"start":{"line":80,"column":6},"end":{"line":80,"column":13}},"19":{"start":{"line":82,"column":20},"end":{"line":82,"column":37}},"20":{"start":{"line":83,"column":4},"end":{"line":83,"column":43}},"21":{"start":{"line":84,"column":4},"end":{"line":84,"column":43}},"22":{"start":{"line":137,"column":0},"end":{"line":185,"column":2}},"23":{"start":{"line":142,"column":24},"end":{"line":142,"column":65}},"24":{"start":{"line":143,"column":4},"end":{"line":143,"column":71}},"25":{"start":{"line":144,"column":4},"end":{"line":144,"column":47}},"26":{"start":{"line":146,"column":4},"end":{"line":149,"column":5}},"27":{"start":{"line":147,"column":6},"end":{"line":147,"column":49}},"28":{"start":{"line":148,"column":6},"end":{"line":148,"column":62}},"29":{"start":{"line":152,"column":4},"end":{"line":183,"column":7}},"30":{"start":{"line":153,"column":6},"end":{"line":156,"column":7}},"31":{"start":{"line":154,"column":8},"end":{"line":154,"column":59}},"32":{"start":{"line":155,"column":8},"end":{"line":155,"column":65}},"33":{"start":{"line":158,"column":6},"end":{"line":158,"column":64}},"34":{"start":{"line":161,"column":6},"end":{"line":182,"column":9}},"35":{"start":{"line":162,"column":8},"end":{"line":165,"column":9}},"36":{"start":{"line":163,"column":10},"end":{"line":163,"column":61}},"37":{"start":{"line":164,"column":10},"end":{"line":164,"column":76}},"38":{"start":{"line":167,"column":8},"end":{"line":167,"column":54}},"39":{"start":{"line":170,"column":8},"end":{"line":181,"column":9}},"40":{"start":{"line":171,"column":26},"end":{"line":171,"column":43}},"41":{"start":{"line":172,"column":10},"end":{"line":172,"column":63}},"42":{"start":{"line":173,"column":10},"end":{"line":173,"column":48}},"43":{"start":{"line":175,"column":10},"end":{"line":177,"column":75}},"44":{"start":{"line":179,"column":10},"end":{"line":179,"column":75}},"45":{"start":{"line":180,"column":10},"end":{"line":180,"column":73}},"46":{"start":{"line":211,"column":0},"end":{"line":221,"column":3}},"47":{"start":{"line":212,"column":19},"end":{"line":212,"column":60}},"48":{"start":{"line":215,"column":2},"end":{"line":220,"column":5}},"49":{"start":{"line":216,"column":4},"end":{"line":218,"column":5}},"50":{"start":{"line":217,"column":6},"end":{"line":217,"column":68}},"51":{"start":{"line":219,"column":4},"end":{"line":219,"column":67}},"52":{"start":{"line":223,"column":0},"end":{"line":223,"column":16}}},"fnMap":{"0":{"name":"(anonymous_1)","decl":{"start":{"line":17,"column":15},"end":{"line":17,"column":25}},"loc":{"start":{"line":17,"column":38},"end":{"line":19,"column":3}}},"1":{"name":"(anonymous_2)","decl":{"start":{"line":20,"column":12},"end":{"line":20,"column":22}},"loc":{"start":{"line":20,"column":35},"end":{"line":23,"column":3}}},"2":{"name":"(anonymous_3)","decl":{"start":{"line":76,"column":2},"end":{"line":76,"column":3}},"loc":{"start":{"line":76,"column":40},"end":{"line":85,"column":3}}},"3":{"name":"(anonymous_4)","decl":{"start":{"line":141,"column":2},"end":{"line":141,"column":3}},"loc":{"start":{"line":141,"column":40},"end":{"line":184,"column":3}}},"4":{"name":"(anonymous_5)","decl":{"start":{"line":152,"column":46},"end":{"line":152,"column":47}},"loc":{"start":{"line":152,"column":54},"end":{"line":183,"column":5}}},"5":{"name":"(anonymous_6)","decl":{"start":{"line":161,"column":29},"end":{"line":161,"column":30}},"loc":{"start":{"line":161,"column":43},"end":{"line":182,"column":7}}},"6":{"name":"(anonymous_7)","decl":{"start":{"line":211,"column":44},"end":{"line":211,"column":45}},"loc":{"start":{"line":211,"column":57},"end":{"line":221,"column":1}}},"7":{"name":"(anonymous_8)","decl":{"start":{"line":215,"column":22},"end":{"line":215,"column":23}},"loc":{"start":{"line":215,"column":30},"end":{"line":220,"column":3}}}},"branchMap":{"0":{"loc":{"start":{"line":11,"column":0},"end":{"line":13,"column":1}},"type":"if","locations":[{"start":{"line":11,"column":0},"end":{"line":13,"column":1}}]},"1":{"loc":{"start":{"line":78,"column":4},"end":{"line":81,"column":5}},"type":"if","locations":[{"start":{"line":78,"column":4},"end":{"line":81,"column":5}}]},"2":{"loc":{"start":{"line":146,"column":4},"end":{"line":149,"column":5}},"type":"if","locations":[{"start":{"line":146,"column":4},"end":{"line":149,"column":5}}]},"3":{"loc":{"start":{"line":153,"column":6},"end":{"line":156,"column":7}},"type":"if","locations":[{"start":{"line":153,"column":6},"end":{"line":156,"column":7}}]},"4":{"loc":{"start":{"line":162,"column":8},"end":{"line":165,"column":9}},"type":"if","locations":[{"start":{"line":162,"column":8},"end":{"line":165,"column":9}}]},"5":{"loc":{"start":{"line":170,"column":8},"end":{"line":181,"column":9}},"type":"if","locations":[{"start":{"line":170,"column":8},"end":{"line":181,"column":9}},{"start":{"line":178,"column":15},"end":{"line":181,"column":9}}]},"6":{"loc":{"start":{"line":216,"column":4},"end":{"line":218,"column":5}},"type":"if","locations":[{"start":{"line":216,"column":4},"end":{"line":218,"column":5}}]}},"s":{"0":5,"1":5,"2":5,"3":5,"4":5,"5":5,"6":5,"7":5,"8":0,"9":5,"10":3,"11":3,"12":3,"13":5,"14":5,"15":2,"16":2,"17":1,"18":1,"19":1,"20":1,"21":1,"22":5,"23":3,"24":3,"25":3,"26":3,"27":1,"28":1,"29":3,"30":2,"31":1,"32":1,"33":1,"34":1,"35":1,"36":0,"37":0,"38":1,"39":1,"40":1,"41":1,"42":1,"43":1,"44":0,"45":0,"46":5,"47":2,"48":2,"49":2,"50":1,"51":1,"52":5},"f":{"0":3,"1":3,"2":2,"3":3,"4":2,"5":1,"6":2,"7":2},"b":{"0":[0],"1":[1],"2":[1],"3":[1],"4":[0],"5":[1,0],"6":[1]}}
,"/Users/arelgabay/Desktop/Web-Application-Development/src/routes/IndexRoute.ts": {"path":"/Users/arelgabay/Desktop/Web-Application-Development/src/routes/IndexRoute.ts","statementMap":{"0":{"start":{"line":1,"column":0},"end":{"line":1,"column":30}},"1":{"start":{"line":2,"column":15},"end":{"line":2,"column":31}},"2":{"start":{"line":4,"column":0},"end":{"line":6,"column":3}},"3":{"start":{"line":5,"column":4},"end":{"line":5,"column":28}},"4":{"start":{"line":8,"column":0},"end":{"line":8,"column":22}}},"fnMap":{"0":{"name":"(anonymous_1)","decl":{"start":{"line":4,"column":16},"end":{"line":4,"column":17}},"loc":{"start":{"line":4,"column":29},"end":{"line":6,"column":1}}}},"branchMap":{},"s":{"0":4,"1":4,"2":4,"3":0,"4":4},"f":{"0":0},"b":{}}
,"/Users/arelgabay/Desktop/Web-Application-Development/src/routes/PostRoute.ts": {"path":"/Users/arelgabay/Desktop/Web-Application-Development/src/routes/PostRoute.ts","statementMap":{"0":{"start":{"line":1,"column":0},"end":{"line":1,"column":30}},"1":{"start":{"line":2,"column":15},"end":{"line":2,"column":31}},"2":{"start":{"line":3,"column":0},"end":{"line":3,"column":59}},"3":{"start":{"line":4,"column":0},"end":{"line":4,"column":63}},"4":{"start":{"line":5,"column":0},"end":{"line":5,"column":28}},"5":{"start":{"line":7,"column":15},"end":{"line":7,"column":23}},"6":{"start":{"line":114,"column":0},"end":{"line":119,"column":2}},"7":{"start":{"line":140,"column":0},"end":{"line":140,"column":62}},"8":{"start":{"line":168,"column":0},"end":{"line":168,"column":68}},"9":{"start":{"line":196,"column":0},"end":{"line":199,"column":2}},"10":{"start":{"line":235,"column":0},"end":{"line":240,"column":2}},"11":{"start":{"line":242,"column":0},"end":{"line":246,"column":2}},"12":{"start":{"line":248,"column":0},"end":{"line":252,"column":2}},"13":{"start":{"line":254,"column":0},"end":{"line":254,"column":22}}},"fnMap":{},"branchMap":{},"s":{"0":4,"1":4,"2":4,"3":4,"4":4,"5":4,"6":4,"7":4,"8":4,"9":4,"10":4,"11":4,"12":4,"13":4},"f":{},"b":{}}
,"/Users/arelgabay/Desktop/Web-Application-Development/src/routes/UserRoute.ts": {"path":"/Users/arelgabay/Desktop/Web-Application-Development/src/routes/UserRoute.ts","statementMap":{"0":{"start":{"line":1,"column":0},"end":{"line":1,"column":30}},"1":{"start":{"line":2,"column":0},"end":{"line":2,"column":59}},"2":{"start":{"line":3,"column":0},"end":{"line":3,"column":28}},"3":{"start":{"line":5,"column":15},"end":{"line":5,"column":31}},"4":{"start":{"line":6,"column":15},"end":{"line":6,"column":23}},"5":{"start":{"line":8,"column":0},"end":{"line":8,"column":80}},"6":{"start":{"line":9,"column":0},"end":{"line":9,"column":71}},"7":{"start":{"line":10,"column":0},"end":{"line":14,"column":2}},"8":{"start":{"line":15,"column":0},"end":{"line":19,"column":2}},"9":{"start":{"line":21,"column":0},"end":{"line":21,"column":22}}},"fnMap":{},"branchMap":{},"s":{"0":4,"1":4,"2":4,"3":4,"4":4,"5":4,"6":4,"7":4,"8":4,"9":4},"f":{},"b":{}}
,"/Users/arelgabay/Desktop/Web-Application-Development/src/routes/aiRoute.ts": {"path":"/Users/arelgabay/Desktop/Web-Application-Development/src/routes/aiRoute.ts","statementMap":{"0":{"start":{"line":1,"column":0},"end":{"line":1,"column":53}},"1":{"start":{"line":2,"column":0},"end":{"line":2,"column":63}},"2":{"start":{"line":3,"column":0},"end":{"line":3,"column":66}},"3":{"start":{"line":5,"column":15},"end":{"line":5,"column":31}},"4":{"start":{"line":54,"column":0},"end":{"line":79,"column":2}},"5":{"start":{"line":57,"column":55},"end":{"line":78,"column":null}},"6":{"start":{"line":58,"column":4},"end":{"line":77,"column":5}},"7":{"start":{"line":60,"column":21},"end":{"line":60,"column":47}},"8":{"start":{"line":62,"column":6},"end":{"line":65,"column":7}},"9":{"start":{"line":63,"column":8},"end":{"line":63,"column":64}},"10":{"start":{"line":64,"column":8},"end":{"line":64,"column":15}},"11":{"start":{"line":67,"column":26},"end":{"line":67,"column":65}},"12":{"start":{"line":68,"column":6},"end":{"line":68,"column":57}},"13":{"start":{"line":69,"column":6},"end":{"line":69,"column":44}},"14":{"start":{"line":71,"column":6},"end":{"line":75,"column":7}},"15":{"start":{"line":72,"column":8},"end":{"line":72,"column":70}},"16":{"start":{"line":74,"column":8},"end":{"line":74,"column":62}},"17":{"start":{"line":76,"column":6},"end":{"line":76,"column":74}},"18":{"start":{"line":81,"column":0},"end":{"line":81,"column":22}}},"fnMap":{"0":{"name":"(anonymous_8)","decl":{"start":{"line":57,"column":2},"end":{"line":57,"column":9}},"loc":{"start":{"line":57,"column":55},"end":{"line":78,"column":null}}},"1":{"name":"(anonymous_9)","decl":{"start":{"line":57,"column":55},"end":{"line":57,"column":null}},"loc":{"start":{"line":57,"column":55},"end":{"line":78,"column":3}}}},"branchMap":{"0":{"loc":{"start":{"line":62,"column":6},"end":{"line":65,"column":7}},"type":"if","locations":[{"start":{"line":62,"column":6},"end":{"line":65,"column":7}}]},"1":{"loc":{"start":{"line":71,"column":6},"end":{"line":75,"column":7}},"type":"if","locations":[{"start":{"line":71,"column":6},"end":{"line":75,"column":7}},{"start":{"line":73,"column":13},"end":{"line":75,"column":7}}]}},"s":{"0":4,"1":4,"2":4,"3":4,"4":4,"5":0,"6":0,"7":0,"8":0,"9":0,"10":0,"11":0,"12":0,"13":0,"14":0,"15":0,"16":0,"17":0,"18":4},"f":{"0":0,"1":0},"b":{"0":[0],"1":[0,0]}}
,"/Users/arelgabay/Desktop/Web-Application-Development/src/services/aiService.ts": {"path":"/Users/arelgabay/Desktop/Web-Application-Development/src/services/aiService.ts","statementMap":{"0":{"start":{"line":1,"column":0},"end":{"line":1,"column":59}},"1":{"start":{"line":4,"column":14},"end":{"line":4,"column":74}},"2":{"start":{"line":11,"column":41},"end":{"line":24,"column":2}},"3":{"start":{"line":11,"column":83},"end":{"line":24,"column":2}},"4":{"start":{"line":12,"column":2},"end":{"line":23,"column":3}},"5":{"start":{"line":13,"column":18},"end":{"line":13,"column":71}},"6":{"start":{"line":15,"column":19},"end":{"line":15,"column":54}},"7":{"start":{"line":16,"column":21},"end":{"line":16,"column":42}},"8":{"start":{"line":18,"column":17},"end":{"line":18,"column":32}},"9":{"start":{"line":19,"column":4},"end":{"line":19,"column":16}},"10":{"start":{"line":21,"column":4},"end":{"line":21,"column":56}},"11":{"start":{"line":22,"column":4},"end":{"line":22,"column":54}},"12":{"start":{"line":11,"column":13},"end":{"line":11,"column":41}}},"fnMap":{"0":{"name":"(anonymous_7)","decl":{"start":{"line":11,"column":41},"end":{"line":11,"column":48}},"loc":{"start":{"line":11,"column":83},"end":{"line":24,"column":2}}},"1":{"name":"(anonymous_8)","decl":{"start":{"line":11,"column":83},"end":{"line":11,"column":null}},"loc":{"start":{"line":11,"column":83},"end":{"line":24,"column":1}}}},"branchMap":{},"s":{"0":4,"1":4,"2":4,"3":0,"4":0,"5":0,"6":0,"7":0,"8":0,"9":0,"10":0,"11":0,"12":4},"f":{"0":0,"1":0},"b":{}}
}
