{"/Users/arelgabay/Desktop/Web-Application-Development/src/server.ts": {"path":"/Users/arelgabay/Desktop/Web-Application-Development/src/server.ts","statementMap":{"0":{"start":{"line":3,"column":0},"end":{"line":3,"column":43}},"1":{"start":{"line":4,"column":0},"end":{"line":4,"column":28}},"2":{"start":{"line":5,"column":0},"end":{"line":5,"column":32}},"3":{"start":{"line":6,"column":0},"end":{"line":6,"column":43}},"4":{"start":{"line":7,"column":0},"end":{"line":7,"column":41}},"5":{"start":{"line":8,"column":0},"end":{"line":8,"column":24}},"6":{"start":{"line":10,"column":0},"end":{"line":10,"column":16}},"7":{"start":{"line":13,"column":16},"end":{"line":28,"column":2}},"8":{"start":{"line":29,"column":14},"end":{"line":29,"column":35}},"9":{"start":{"line":32,"column":0},"end":{"line":32,"column":46}},"10":{"start":{"line":33,"column":0},"end":{"line":33,"column":44}},"11":{"start":{"line":34,"column":0},"end":{"line":34,"column":50}},"12":{"start":{"line":35,"column":0},"end":{"line":35,"column":44}},"13":{"start":{"line":36,"column":0},"end":{"line":36,"column":44}},"14":{"start":{"line":37,"column":0},"end":{"line":37,"column":59}},"15":{"start":{"line":38,"column":0},"end":{"line":38,"column":43}},"16":{"start":{"line":41,"column":25},"end":{"line":82,"column":2}},"17":{"start":{"line":41,"column":54},"end":{"line":82,"column":2}},"18":{"start":{"line":42,"column":2},"end":{"line":44,"column":3}},"19":{"start":{"line":43,"column":4},"end":{"line":43,"column":47}},"20":{"start":{"line":46,"column":2},"end":{"line":81,"column":3}},"21":{"start":{"line":47,"column":4},"end":{"line":47,"column":53}},"22":{"start":{"line":48,"column":4},"end":{"line":48,"column":41}},"23":{"start":{"line":50,"column":16},"end":{"line":50,"column":25}},"24":{"start":{"line":51,"column":4},"end":{"line":51,"column":28}},"25":{"start":{"line":54,"column":4},"end":{"line":61,"column":6}},"26":{"start":{"line":62,"column":4},"end":{"line":62,"column":29}},"27":{"start":{"line":63,"column":4},"end":{"line":63,"column":28}},"28":{"start":{"line":64,"column":4},"end":{"line":64,"column":52}},"29":{"start":{"line":67,"column":4},"end":{"line":67,"column":30}},"30":{"start":{"line":68,"column":4},"end":{"line":68,"column":38}},"31":{"start":{"line":69,"column":4},"end":{"line":69,"column":44}},"32":{"start":{"line":70,"column":4},"end":{"line":70,"column":37}},"33":{"start":{"line":71,"column":4},"end":{"line":71,"column":37}},"34":{"start":{"line":72,"column":4},"end":{"line":72,"column":49}},"35":{"start":{"line":73,"column":4},"end":{"line":73,"column":37}},"36":{"start":{"line":74,"column":4},"end":{"line":74,"column":49}},"37":{"start":{"line":75,"column":4},"end":{"line":75,"column":66}},"38":{"start":{"line":77,"column":4},"end":{"line":77,"column":15}},"39":{"start":{"line":79,"column":4},"end":{"line":79,"column":54}},"40":{"start":{"line":80,"column":4},"end":{"line":80,"column":16}},"41":{"start":{"line":84,"column":0},"end":{"line":84,"column":32}}},"fnMap":{"0":{"name":"(anonymous_8)","decl":{"start":{"line":41,"column":25},"end":{"line":41,"column":52}},"loc":{"start":{"line":41,"column":54},"end":{"line":82,"column":2}}},"1":{"name":"(anonymous_9)","decl":{"start":{"line":41,"column":54},"end":{"line":41,"column":null}},"loc":{"start":{"line":41,"column":54},"end":{"line":82,"column":1}}}},"branchMap":{"0":{"loc":{"start":{"line":42,"column":2},"end":{"line":44,"column":3}},"type":"if","locations":[{"start":{"line":42,"column":2},"end":{"line":44,"column":3}}]}},"s":{"0":1,"1":1,"2":1,"3":1,"4":1,"5":1,"6":1,"7":1,"8":1,"9":1,"10":1,"11":1,"12":1,"13":1,"14":1,"15":1,"16":1,"17":1,"18":1,"19":0,"20":1,"21":1,"22":1,"23":1,"24":1,"25":1,"26":1,"27":1,"28":1,"29":1,"30":1,"31":1,"32":1,"33":1,"34":1,"35":1,"36":1,"37":1,"38":1,"39":0,"40":0,"41":1},"f":{"0":1,"1":1},"b":{"0":[0]}}
,"/Users/arelgabay/Desktop/Web-Application-Development/src/controllers/authController.ts": {"path":"/Users/arelgabay/Desktop/Web-Application-Development/src/controllers/authController.ts","statementMap":{"0":{"start":{"line":3,"column":0},"end":{"line":3,"column":50}},"1":{"start":{"line":4,"column":0},"end":{"line":4,"column":28}},"2":{"start":{"line":5,"column":0},"end":{"line":5,"column":48}},"3":{"start":{"line":6,"column":0},"end":{"line":6,"column":26}},"4":{"start":{"line":7,"column":0},"end":{"line":7,"column":33}},"5":{"start":{"line":8,"column":0},"end":{"line":8,"column":51}},"6":{"start":{"line":9,"column":0},"end":{"line":9,"column":34}},"7":{"start":{"line":15,"column":15},"end":{"line":15,"column":33}},"8":{"start":{"line":17,"column":21},"end":{"line":67,"column":2}},"9":{"start":{"line":17,"column":74},"end":{"line":67,"column":2}},"10":{"start":{"line":18,"column":2},"end":{"line":18,"column":24}},"11":{"start":{"line":19,"column":2},"end":{"line":66,"column":3}},"12":{"start":{"line":20,"column":19},"end":{"line":23,"column":6}},"13":{"start":{"line":25,"column":20},"end":{"line":25,"column":39}},"14":{"start":{"line":26,"column":18},"end":{"line":26,"column":32}},"15":{"start":{"line":28,"column":4},"end":{"line":31,"column":5}},"16":{"start":{"line":29,"column":6},"end":{"line":29,"column":76}},"17":{"start":{"line":30,"column":6},"end":{"line":30,"column":13}},"18":{"start":{"line":34,"column":15},"end":{"line":34,"column":51}},"19":{"start":{"line":37,"column":4},"end":{"line":44,"column":5}},"20":{"start":{"line":38,"column":6},"end":{"line":43,"column":9}},"21":{"start":{"line":46,"column":19},"end":{"line":46,"column":51}},"22":{"start":{"line":48,"column":4},"end":{"line":51,"column":5}},"23":{"start":{"line":49,"column":6},"end":{"line":49,"column":54}},"24":{"start":{"line":50,"column":6},"end":{"line":50,"column":13}},"25":{"start":{"line":53,"column":4},"end":{"line":53,"column":50}},"26":{"start":{"line":54,"column":4},"end":{"line":54,"column":49}},"27":{"start":{"line":55,"column":4},"end":{"line":55,"column":22}},"28":{"start":{"line":57,"column":4},"end":{"line":62,"column":7}},"29":{"start":{"line":64,"column":4},"end":{"line":64,"column":48}},"30":{"start":{"line":65,"column":4},"end":{"line":65,"column":50}},"31":{"start":{"line":70,"column":29},"end":{"line":95,"column":2}},"32":{"start":{"line":70,"column":49},"end":{"line":95,"column":2}},"33":{"start":{"line":71,"column":17},"end":{"line":71,"column":52}},"34":{"start":{"line":73,"column":2},"end":{"line":75,"column":3}},"35":{"start":{"line":74,"column":4},"end":{"line":74,"column":16}},"36":{"start":{"line":76,"column":22},"end":{"line":83,"column":null}},"37":{"start":{"line":86,"column":23},"end":{"line":92,"column":null}},"38":{"start":{"line":94,"column":2},"end":{"line":94,"column":39}},"39":{"start":{"line":97,"column":17},"end":{"line":158,"column":2}},"40":{"start":{"line":97,"column":55},"end":{"line":158,"column":2}},"41":{"start":{"line":98,"column":40},"end":{"line":98,"column":48}},"42":{"start":{"line":100,"column":25},"end":{"line":100,"column":56}},"43":{"start":{"line":102,"column":2},"end":{"line":102,"column":74}},"44":{"start":{"line":104,"column":2},"end":{"line":107,"column":3}},"45":{"start":{"line":105,"column":4},"end":{"line":105,"column":67}},"46":{"start":{"line":106,"column":4},"end":{"line":106,"column":11}},"47":{"start":{"line":109,"column":2},"end":{"line":157,"column":3}},"48":{"start":{"line":110,"column":17},"end":{"line":110,"column":41}},"49":{"start":{"line":111,"column":27},"end":{"line":111,"column":60}},"50":{"start":{"line":112,"column":28},"end":{"line":112,"column":78}},"51":{"start":{"line":114,"column":4},"end":{"line":140,"column":5}},"52":{"start":{"line":116,"column":27},"end":{"line":116,"column":41}},"53":{"start":{"line":118,"column":6},"end":{"line":122,"column":8}},"54":{"start":{"line":124,"column":6},"end":{"line":139,"column":7}},"55":{"start":{"line":125,"column":25},"end":{"line":133,"column":null}},"56":{"start":{"line":135,"column":8},"end":{"line":135,"column":60}},"57":{"start":{"line":136,"column":8},"end":{"line":136,"column":46}},"58":{"start":{"line":138,"column":8},"end":{"line":138,"column":54}},"59":{"start":{"line":142,"column":27},"end":{"line":147,"column":6}},"60":{"start":{"line":149,"column":4},"end":{"line":153,"column":7}},"61":{"start":{"line":155,"column":4},"end":{"line":155,"column":48}},"62":{"start":{"line":156,"column":4},"end":{"line":156,"column":51}},"63":{"start":{"line":160,"column":23},"end":{"line":186,"column":1}},"64":{"start":{"line":163,"column":17},"end":{"line":163,"column":52}},"65":{"start":{"line":165,"column":2},"end":{"line":167,"column":3}},"66":{"start":{"line":166,"column":4},"end":{"line":166,"column":16}},"67":{"start":{"line":168,"column":22},"end":{"line":174,"column":null}},"68":{"start":{"line":177,"column":23},"end":{"line":183,"column":null}},"69":{"start":{"line":185,"column":2},"end":{"line":185,"column":39}},"70":{"start":{"line":188,"column":14},"end":{"line":235,"column":2}},"71":{"start":{"line":188,"column":52},"end":{"line":235,"column":2}},"72":{"start":{"line":189,"column":30},"end":{"line":189,"column":38}},"73":{"start":{"line":190,"column":2},"end":{"line":193,"column":3}},"74":{"start":{"line":191,"column":4},"end":{"line":191,"column":52}},"75":{"start":{"line":192,"column":4},"end":{"line":192,"column":11}},"76":{"start":{"line":194,"column":2},"end":{"line":234,"column":3}},"77":{"start":{"line":195,"column":17},"end":{"line":195,"column":58}},"78":{"start":{"line":196,"column":4},"end":{"line":199,"column":5}},"79":{"start":{"line":197,"column":6},"end":{"line":197,"column":54}},"80":{"start":{"line":198,"column":6},"end":{"line":198,"column":13}},"81":{"start":{"line":200,"column":26},"end":{"line":200,"column":71}},"82":{"start":{"line":201,"column":4},"end":{"line":204,"column":5}},"83":{"start":{"line":202,"column":6},"end":{"line":202,"column":47}},"84":{"start":{"line":203,"column":6},"end":{"line":203,"column":13}},"85":{"start":{"line":206,"column":19},"end":{"line":206,"column":43}},"86":{"start":{"line":208,"column":4},"end":{"line":211,"column":5}},"87":{"start":{"line":209,"column":6},"end":{"line":209,"column":54}},"88":{"start":{"line":210,"column":6},"end":{"line":210,"column":13}},"89":{"start":{"line":213,"column":42},"end":{"line":213,"column":48}},"90":{"start":{"line":216,"column":4},"end":{"line":218,"column":5}},"91":{"start":{"line":217,"column":6},"end":{"line":217,"column":30}},"92":{"start":{"line":219,"column":4},"end":{"line":219,"column":42}},"93":{"start":{"line":220,"column":4},"end":{"line":220,"column":22}},"94":{"start":{"line":222,"column":4},"end":{"line":228,"column":7}},"95":{"start":{"line":229,"column":4},"end":{"line":229,"column":11}},"96":{"start":{"line":231,"column":4},"end":{"line":231,"column":25}},"97":{"start":{"line":232,"column":4},"end":{"line":232,"column":45}},"98":{"start":{"line":233,"column":4},"end":{"line":233,"column":11}},"99":{"start":{"line":237,"column":16},"end":{"line":304,"column":2}},"100":{"start":{"line":237,"column":54},"end":{"line":304,"column":2}},"101":{"start":{"line":239,"column":27},"end":{"line":239,"column":35}},"102":{"start":{"line":240,"column":2},"end":{"line":240,"column":45}},"103":{"start":{"line":242,"column":2},"end":{"line":245,"column":3}},"104":{"start":{"line":243,"column":4},"end":{"line":243,"column":50}},"105":{"start":{"line":244,"column":4},"end":{"line":244,"column":11}},"106":{"start":{"line":246,"column":2},"end":{"line":249,"column":3}},"107":{"start":{"line":247,"column":4},"end":{"line":247,"column":49}},"108":{"start":{"line":248,"column":4},"end":{"line":248,"column":11}},"109":{"start":{"line":251,"column":2},"end":{"line":303,"column":4}},"110":{"start":{"line":254,"column":37},"end":{"line":302,"column":null}},"111":{"start":{"line":255,"column":6},"end":{"line":258,"column":7}},"112":{"start":{"line":256,"column":8},"end":{"line":256,"column":46}},"113":{"start":{"line":257,"column":8},"end":{"line":257,"column":15}},"114":{"start":{"line":260,"column":22},"end":{"line":260,"column":45}},"115":{"start":{"line":261,"column":6},"end":{"line":301,"column":7}},"116":{"start":{"line":262,"column":21},"end":{"line":262,"column":53}},"117":{"start":{"line":263,"column":8},"end":{"line":266,"column":9}},"118":{"start":{"line":264,"column":10},"end":{"line":264,"column":48}},"119":{"start":{"line":265,"column":10},"end":{"line":265,"column":17}},"120":{"start":{"line":269,"column":8},"end":{"line":273,"column":9}},"121":{"start":{"line":270,"column":10},"end":{"line":270,"column":34}},"122":{"start":{"line":271,"column":10},"end":{"line":271,"column":28}},"123":{"start":{"line":272,"column":10},"end":{"line":272,"column":63}},"124":{"start":{"line":276,"column":26},"end":{"line":276,"column":50}},"125":{"start":{"line":277,"column":8},"end":{"line":282,"column":9}},"126":{"start":{"line":278,"column":10},"end":{"line":278,"column":34}},"127":{"start":{"line":279,"column":10},"end":{"line":279,"column":28}},"128":{"start":{"line":280,"column":10},"end":{"line":280,"column":58}},"129":{"start":{"line":281,"column":10},"end":{"line":281,"column":17}},"130":{"start":{"line":285,"column":8},"end":{"line":287,"column":10}},"131":{"start":{"line":286,"column":21},"end":{"line":286,"column":43}},"132":{"start":{"line":288,"column":8},"end":{"line":288,"column":56}},"133":{"start":{"line":289,"column":8},"end":{"line":289,"column":26}},"134":{"start":{"line":292,"column":8},"end":{"line":295,"column":11}},"135":{"start":{"line":296,"column":8},"end":{"line":296,"column":15}},"136":{"start":{"line":298,"column":8},"end":{"line":298,"column":29}},"137":{"start":{"line":299,"column":8},"end":{"line":299,"column":55}},"138":{"start":{"line":300,"column":8},"end":{"line":300,"column":15}},"139":{"start":{"line":306,"column":15},"end":{"line":377,"column":2}},"140":{"start":{"line":306,"column":53},"end":{"line":377,"column":2}},"141":{"start":{"line":307,"column":27},"end":{"line":307,"column":35}},"142":{"start":{"line":309,"column":2},"end":{"line":312,"column":3}},"143":{"start":{"line":310,"column":4},"end":{"line":310,"column":51}},"144":{"start":{"line":311,"column":4},"end":{"line":311,"column":11}},"145":{"start":{"line":315,"column":2},"end":{"line":376,"column":4}},"146":{"start":{"line":318,"column":37},"end":{"line":375,"column":null}},"147":{"start":{"line":319,"column":6},"end":{"line":322,"column":7}},"148":{"start":{"line":320,"column":8},"end":{"line":320,"column":46}},"149":{"start":{"line":321,"column":8},"end":{"line":321,"column":15}},"150":{"start":{"line":323,"column":22},"end":{"line":323,"column":45}},"151":{"start":{"line":324,"column":6},"end":{"line":374,"column":7}},"152":{"start":{"line":325,"column":19},"end":{"line":325,"column":51}},"153":{"start":{"line":327,"column":8},"end":{"line":331,"column":9}},"154":{"start":{"line":328,"column":10},"end":{"line":328,"column":58}},"155":{"start":{"line":329,"column":10},"end":{"line":329,"column":48}},"156":{"start":{"line":330,"column":10},"end":{"line":330,"column":17}},"157":{"start":{"line":333,"column":8},"end":{"line":333,"column":68}},"158":{"start":{"line":334,"column":8},"end":{"line":334,"column":76}},"159":{"start":{"line":337,"column":8},"end":{"line":339,"column":9}},"160":{"start":{"line":338,"column":10},"end":{"line":338,"column":34}},"161":{"start":{"line":342,"column":8},"end":{"line":342,"column":77}},"162":{"start":{"line":342,"column":63},"end":{"line":342,"column":75}},"163":{"start":{"line":343,"column":29},"end":{"line":343,"column":48}},"164":{"start":{"line":345,"column":8},"end":{"line":345,"column":75}},"165":{"start":{"line":346,"column":8},"end":{"line":346,"column":64}},"166":{"start":{"line":349,"column":30},"end":{"line":350,"column":null}},"167":{"start":{"line":350,"column":21},"end":{"line":350,"column":43}},"168":{"start":{"line":353,"column":8},"end":{"line":356,"column":10}},"169":{"start":{"line":359,"column":8},"end":{"line":363,"column":10}},"170":{"start":{"line":365,"column":8},"end":{"line":365,"column":68}},"171":{"start":{"line":367,"column":8},"end":{"line":367,"column":50}},"172":{"start":{"line":371,"column":8},"end":{"line":371,"column":29}},"173":{"start":{"line":372,"column":8},"end":{"line":372,"column":50}},"174":{"start":{"line":373,"column":8},"end":{"line":373,"column":15}},"175":{"start":{"line":379,"column":30},"end":{"line":402,"column":1}},"176":{"start":{"line":384,"column":21},"end":{"line":384,"column":49}},"177":{"start":{"line":385,"column":16},"end":{"line":385,"column":54}},"178":{"start":{"line":386,"column":2},"end":{"line":389,"column":3}},"179":{"start":{"line":387,"column":4},"end":{"line":387,"column":42}},"180":{"start":{"line":388,"column":4},"end":{"line":388,"column":11}},"181":{"start":{"line":390,"column":2},"end":{"line":393,"column":3}},"182":{"start":{"line":391,"column":4},"end":{"line":391,"column":49}},"183":{"start":{"line":392,"column":4},"end":{"line":392,"column":11}},"184":{"start":{"line":394,"column":2},"end":{"line":401,"column":5}},"185":{"start":{"line":395,"column":4},"end":{"line":398,"column":5}},"186":{"start":{"line":396,"column":6},"end":{"line":396,"column":44}},"187":{"start":{"line":397,"column":6},"end":{"line":397,"column":13}},"188":{"start":{"line":399,"column":4},"end":{"line":399,"column":49}},"189":{"start":{"line":400,"column":4},"end":{"line":400,"column":11}},"190":{"start":{"line":379,"column":13},"end":{"line":379,"column":30}},"191":{"start":{"line":404,"column":0},"end":{"line":404,"column":66}}},"fnMap":{"0":{"name":"(anonymous_8)","decl":{"start":{"line":17,"column":21},"end":{"line":17,"column":28}},"loc":{"start":{"line":17,"column":74},"end":{"line":67,"column":2}}},"1":{"name":"(anonymous_9)","decl":{"start":{"line":17,"column":74},"end":{"line":17,"column":null}},"loc":{"start":{"line":17,"column":74},"end":{"line":67,"column":1}}},"2":{"name":"(anonymous_10)","decl":{"start":{"line":70,"column":29},"end":{"line":70,"column":36}},"loc":{"start":{"line":70,"column":49},"end":{"line":95,"column":2}}},"3":{"name":"(anonymous_11)","decl":{"start":{"line":70,"column":49},"end":{"line":70,"column":null}},"loc":{"start":{"line":70,"column":49},"end":{"line":95,"column":1}}},"4":{"name":"(anonymous_12)","decl":{"start":{"line":97,"column":17},"end":{"line":97,"column":24}},"loc":{"start":{"line":97,"column":55},"end":{"line":158,"column":2}}},"5":{"name":"(anonymous_13)","decl":{"start":{"line":97,"column":55},"end":{"line":97,"column":null}},"loc":{"start":{"line":97,"column":55},"end":{"line":158,"column":1}}},"6":{"name":"(anonymous_14)","decl":{"start":{"line":160,"column":23},"end":{"line":160,"column":null}},"loc":{"start":{"line":162,"column":58},"end":{"line":186,"column":1}}},"7":{"name":"(anonymous_15)","decl":{"start":{"line":188,"column":14},"end":{"line":188,"column":21}},"loc":{"start":{"line":188,"column":52},"end":{"line":235,"column":2}}},"8":{"name":"(anonymous_16)","decl":{"start":{"line":188,"column":52},"end":{"line":188,"column":null}},"loc":{"start":{"line":188,"column":52},"end":{"line":235,"column":1}}},"9":{"name":"(anonymous_17)","decl":{"start":{"line":237,"column":16},"end":{"line":237,"column":23}},"loc":{"start":{"line":237,"column":54},"end":{"line":304,"column":2}}},"10":{"name":"(anonymous_18)","decl":{"start":{"line":237,"column":54},"end":{"line":237,"column":null}},"loc":{"start":{"line":237,"column":54},"end":{"line":304,"column":1}}},"11":{"name":"(anonymous_19)","decl":{"start":{"line":254,"column":4},"end":{"line":254,"column":11}},"loc":{"start":{"line":254,"column":37},"end":{"line":302,"column":null}}},"12":{"name":"(anonymous_20)","decl":{"start":{"line":254,"column":37},"end":{"line":254,"column":null}},"loc":{"start":{"line":254,"column":37},"end":{"line":302,"column":5}}},"13":{"name":"(anonymous_21)","decl":{"start":{"line":286,"column":10},"end":{"line":286,"column":11}},"loc":{"start":{"line":286,"column":21},"end":{"line":286,"column":43}}},"14":{"name":"(anonymous_22)","decl":{"start":{"line":306,"column":15},"end":{"line":306,"column":22}},"loc":{"start":{"line":306,"column":53},"end":{"line":377,"column":2}}},"15":{"name":"(anonymous_23)","decl":{"start":{"line":306,"column":53},"end":{"line":306,"column":null}},"loc":{"start":{"line":306,"column":53},"end":{"line":377,"column":1}}},"16":{"name":"(anonymous_24)","decl":{"start":{"line":318,"column":4},"end":{"line":318,"column":11}},"loc":{"start":{"line":318,"column":37},"end":{"line":375,"column":null}}},"17":{"name":"(anonymous_25)","decl":{"start":{"line":318,"column":37},"end":{"line":318,"column":null}},"loc":{"start":{"line":318,"column":37},"end":{"line":375,"column":5}}},"18":{"name":"(anonymous_26)","decl":{"start":{"line":342,"column":52},"end":{"line":342,"column":53}},"loc":{"start":{"line":342,"column":63},"end":{"line":342,"column":75}}},"19":{"name":"(anonymous_27)","decl":{"start":{"line":350,"column":10},"end":{"line":350,"column":11}},"loc":{"start":{"line":350,"column":21},"end":{"line":350,"column":43}}},"20":{"name":"(anonymous_28)","decl":{"start":{"line":379,"column":30},"end":{"line":379,"column":null}},"loc":{"start":{"line":383,"column":4},"end":{"line":402,"column":1}}},"21":{"name":"(anonymous_29)","decl":{"start":{"line":394,"column":46},"end":{"line":394,"column":47}},"loc":{"start":{"line":394,"column":63},"end":{"line":401,"column":3}}}},"branchMap":{"0":{"loc":{"start":{"line":26,"column":18},"end":{"line":26,"column":32}},"type":"cond-expr","locations":[{"start":{"line":26,"column":25},"end":{"line":26,"column":27}},{"start":{"line":26,"column":18},"end":{"line":26,"column":32}}]},"1":{"loc":{"start":{"line":26,"column":18},"end":{"line":26,"column":27}},"type":"binary-expr","locations":[{"start":{"line":26,"column":18},"end":{"line":26,"column":27}},{"start":{"line":26,"column":18},"end":{"line":26,"column":27}}]},"2":{"loc":{"start":{"line":28,"column":4},"end":{"line":31,"column":5}},"type":"if","locations":[{"start":{"line":28,"column":4},"end":{"line":31,"column":5}}]},"3":{"loc":{"start":{"line":37,"column":4},"end":{"line":44,"column":5}},"type":"if","locations":[{"start":{"line":37,"column":4},"end":{"line":44,"column":5}}]},"4":{"loc":{"start":{"line":40,"column":18},"end":{"line":40,"column":45}},"type":"binary-expr","locations":[{"start":{"line":40,"column":18},"end":{"line":40,"column":31}},{"start":{"line":40,"column":35},"end":{"line":40,"column":45}}]},"5":{"loc":{"start":{"line":40,"column":18},"end":{"line":40,"column":31}},"type":"cond-expr","locations":[{"start":{"line":40,"column":25},"end":{"line":40,"column":27}},{"start":{"line":40,"column":18},"end":{"line":40,"column":31}}]},"6":{"loc":{"start":{"line":40,"column":18},"end":{"line":40,"column":27}},"type":"binary-expr","locations":[{"start":{"line":40,"column":18},"end":{"line":40,"column":27}},{"start":{"line":40,"column":18},"end":{"line":40,"column":27}}]},"7":{"loc":{"start":{"line":42,"column":27},"end":{"line":42,"column":43}},"type":"cond-expr","locations":[{"start":{"line":42,"column":34},"end":{"line":42,"column":36}},{"start":{"line":42,"column":27},"end":{"line":42,"column":43}}]},"8":{"loc":{"start":{"line":42,"column":27},"end":{"line":42,"column":36}},"type":"binary-expr","locations":[{"start":{"line":42,"column":27},"end":{"line":42,"column":36}},{"start":{"line":42,"column":27},"end":{"line":42,"column":36}}]},"9":{"loc":{"start":{"line":48,"column":4},"end":{"line":51,"column":5}},"type":"if","locations":[{"start":{"line":48,"column":4},"end":{"line":51,"column":5}}]},"10":{"loc":{"start":{"line":53,"column":25},"end":{"line":53,"column":49}},"type":"binary-expr","locations":[{"start":{"line":53,"column":25},"end":{"line":53,"column":43}},{"start":{"line":53,"column":47},"end":{"line":53,"column":49}}]},"11":{"loc":{"start":{"line":73,"column":2},"end":{"line":75,"column":3}},"type":"if","locations":[{"start":{"line":73,"column":2},"end":{"line":75,"column":3}}]},"12":{"loc":{"start":{"line":104,"column":2},"end":{"line":107,"column":3}},"type":"if","locations":[{"start":{"line":104,"column":2},"end":{"line":107,"column":3}}]},"13":{"loc":{"start":{"line":104,"column":6},"end":{"line":104,"column":38}},"type":"binary-expr","locations":[{"start":{"line":104,"column":6},"end":{"line":104,"column":15}},{"start":{"line":104,"column":19},"end":{"line":104,"column":25}},{"start":{"line":104,"column":29},"end":{"line":104,"column":38}}]},"14":{"loc":{"start":{"line":114,"column":4},"end":{"line":140,"column":5}},"type":"if","locations":[{"start":{"line":114,"column":4},"end":{"line":140,"column":5}}]},"15":{"loc":{"start":{"line":165,"column":2},"end":{"line":167,"column":3}},"type":"if","locations":[{"start":{"line":165,"column":2},"end":{"line":167,"column":3}}]},"16":{"loc":{"start":{"line":190,"column":2},"end":{"line":193,"column":3}},"type":"if","locations":[{"start":{"line":190,"column":2},"end":{"line":193,"column":3}}]},"17":{"loc":{"start":{"line":190,"column":6},"end":{"line":190,"column":25}},"type":"binary-expr","locations":[{"start":{"line":190,"column":6},"end":{"line":190,"column":12}},{"start":{"line":190,"column":16},"end":{"line":190,"column":25}}]},"18":{"loc":{"start":{"line":196,"column":4},"end":{"line":199,"column":5}},"type":"if","locations":[{"start":{"line":196,"column":4},"end":{"line":199,"column":5}}]},"19":{"loc":{"start":{"line":201,"column":4},"end":{"line":204,"column":5}},"type":"if","locations":[{"start":{"line":201,"column":4},"end":{"line":204,"column":5}}]},"20":{"loc":{"start":{"line":208,"column":4},"end":{"line":211,"column":5}},"type":"if","locations":[{"start":{"line":208,"column":4},"end":{"line":211,"column":5}}]},"21":{"loc":{"start":{"line":216,"column":4},"end":{"line":218,"column":5}},"type":"if","locations":[{"start":{"line":216,"column":4},"end":{"line":218,"column":5}}]},"22":{"loc":{"start":{"line":242,"column":2},"end":{"line":245,"column":3}},"type":"if","locations":[{"start":{"line":242,"column":2},"end":{"line":245,"column":3}}]},"23":{"loc":{"start":{"line":246,"column":2},"end":{"line":249,"column":3}},"type":"if","locations":[{"start":{"line":246,"column":2},"end":{"line":249,"column":3}}]},"24":{"loc":{"start":{"line":255,"column":6},"end":{"line":258,"column":7}},"type":"if","locations":[{"start":{"line":255,"column":6},"end":{"line":258,"column":7}}]},"25":{"loc":{"start":{"line":263,"column":8},"end":{"line":266,"column":9}},"type":"if","locations":[{"start":{"line":263,"column":8},"end":{"line":266,"column":9}}]},"26":{"loc":{"start":{"line":269,"column":8},"end":{"line":273,"column":9}},"type":"if","locations":[{"start":{"line":269,"column":8},"end":{"line":273,"column":9}}]},"27":{"loc":{"start":{"line":269,"column":12},"end":{"line":269,"column":77}},"type":"binary-expr","locations":[{"start":{"line":269,"column":12},"end":{"line":269,"column":31}},{"start":{"line":269,"column":35},"end":{"line":269,"column":77}}]},"28":{"loc":{"start":{"line":277,"column":8},"end":{"line":282,"column":9}},"type":"if","locations":[{"start":{"line":277,"column":8},"end":{"line":282,"column":9}}]},"29":{"loc":{"start":{"line":309,"column":2},"end":{"line":312,"column":3}},"type":"if","locations":[{"start":{"line":309,"column":2},"end":{"line":312,"column":3}}]},"30":{"loc":{"start":{"line":319,"column":6},"end":{"line":322,"column":7}},"type":"if","locations":[{"start":{"line":319,"column":6},"end":{"line":322,"column":7}}]},"31":{"loc":{"start":{"line":327,"column":8},"end":{"line":331,"column":9}},"type":"if","locations":[{"start":{"line":327,"column":8},"end":{"line":331,"column":9}}]},"32":{"loc":{"start":{"line":337,"column":8},"end":{"line":339,"column":9}},"type":"if","locations":[{"start":{"line":337,"column":8},"end":{"line":339,"column":9}}]},"33":{"loc":{"start":{"line":365,"column":47},"end":{"line":365,"column":66}},"type":"cond-expr","locations":[{"start":{"line":365,"column":51},"end":{"line":365,"column":53}},{"start":{"line":365,"column":47},"end":{"line":365,"column":66}}]},"34":{"loc":{"start":{"line":365,"column":47},"end":{"line":365,"column":53}},"type":"binary-expr","locations":[{"start":{"line":365,"column":47},"end":{"line":365,"column":53}},{"start":{"line":365,"column":47},"end":{"line":365,"column":53}}]},"35":{"loc":{"start":{"line":385,"column":16},"end":{"line":385,"column":54}},"type":"binary-expr","locations":[{"start":{"line":385,"column":16},"end":{"line":385,"column":26}},{"start":{"line":385,"column":30},"end":{"line":385,"column":54}}]},"36":{"loc":{"start":{"line":386,"column":2},"end":{"line":389,"column":3}},"type":"if","locations":[{"start":{"line":386,"column":2},"end":{"line":389,"column":3}}]},"37":{"loc":{"start":{"line":390,"column":2},"end":{"line":393,"column":3}},"type":"if","locations":[{"start":{"line":390,"column":2},"end":{"line":393,"column":3}}]},"38":{"loc":{"start":{"line":395,"column":4},"end":{"line":398,"column":5}},"type":"if","locations":[{"start":{"line":395,"column":4},"end":{"line":398,"column":5}}]}},"s":{"0":1,"1":1,"2":1,"3":1,"4":1,"5":1,"6":1,"7":1,"8":1,"9":0,"10":0,"11":0,"12":0,"13":0,"14":0,"15":0,"16":0,"17":0,"18":0,"19":0,"20":0,"21":0,"22":0,"23":0,"24":0,"25":0,"26":0,"27":0,"28":0,"29":0,"30":0,"31":1,"32":0,"33":0,"34":0,"35":0,"36":0,"37":0,"38":0,"39":1,"40":2,"41":2,"42":2,"43":2,"44":2,"45":0,"46":0,"47":2,"48":2,"49":2,"50":2,"51":2,"52":0,"53":0,"54":0,"55":0,"56":0,"57":0,"58":0,"59":2,"60":1,"61":1,"62":1,"63":1,"64":5,"65":5,"66":0,"67":5,"68":5,"69":5,"70":1,"71":3,"72":3,"73":3,"74":0,"75":0,"76":3,"77":3,"78":3,"79":0,"80":0,"81":3,"82":3,"83":0,"84":0,"85":3,"86":3,"87":0,"88":0,"89":3,"90":3,"91":0,"92":3,"93":3,"94":3,"95":3,"96":0,"97":0,"98":0,"99":1,"100":5,"101":5,"102":5,"103":5,"104":0,"105":0,"106":5,"107":0,"108":0,"109":5,"110":5,"111":5,"112":0,"113":0,"114":5,"115":5,"116":5,"117":5,"118":0,"119":0,"120":5,"121":3,"122":3,"123":3,"124":2,"125":2,"126":0,"127":0,"128":0,"129":0,"130":2,"131":3,"132":2,"133":2,"134":2,"135":2,"136":0,"137":0,"138":0,"139":1,"140":1,"141":1,"142":1,"143":0,"144":0,"145":1,"146":1,"147":1,"148":0,"149":0,"150":1,"151":1,"152":1,"153":1,"154":0,"155":0,"156":0,"157":1,"158":1,"159":1,"160":0,"161":1,"162":2,"163":1,"164":1,"165":1,"166":1,"167":2,"168":1,"169":1,"170":1,"171":1,"172":0,"173":0,"174":0,"175":1,"176":3,"177":3,"178":3,"179":1,"180":1,"181":2,"182":0,"183":0,"184":2,"185":2,"186":1,"187":1,"188":1,"189":1,"190":1,"191":1},"f":{"0":0,"1":0,"2":0,"3":0,"4":2,"5":2,"6":5,"7":3,"8":3,"9":5,"10":5,"11":5,"12":5,"13":3,"14":1,"15":1,"16":1,"17":1,"18":2,"19":2,"20":3,"21":2},"b":{"0":[0,0],"1":[0,0],"2":[0],"3":[0],"4":[0,0],"5":[0,0],"6":[0,0],"7":[0,0],"8":[0,0],"9":[0],"10":[0,0],"11":[0],"12":[0],"13":[2,2,2],"14":[0],"15":[0],"16":[0],"17":[3,3],"18":[0],"19":[0],"20":[0],"21":[0],"22":[0],"23":[0],"24":[0],"25":[0],"26":[3],"27":[5,5],"28":[0],"29":[0],"30":[0],"31":[0],"32":[0],"33":[0,1],"34":[1,1],"35":[3,2],"36":[1],"37":[0],"38":[1]}}
,"/Users/arelgabay/Desktop/Web-Application-Development/src/controllers/baseController.ts": {"path":"/Users/arelgabay/Desktop/Web-Application-Development/src/controllers/baseController.ts","statementMap":{"0":{"start":{"line":7,"column":4},"end":{"line":7,"column":73}},"1":{"start":{"line":7,"column":16},"end":{"line":7,"column":73}},"2":{"start":{"line":8,"column":4},"end":{"line":8,"column":23}},"3":{"start":{"line":9,"column":4},"end":{"line":9,"column":65}},"4":{"start":{"line":13,"column":17},"end":{"line":13,"column":25}},"5":{"start":{"line":14,"column":4},"end":{"line":14,"column":22}},"6":{"start":{"line":15,"column":4},"end":{"line":22,"column":5}},"7":{"start":{"line":16,"column":6},"end":{"line":16,"column":52}},"8":{"start":{"line":17,"column":19},"end":{"line":17,"column":48}},"9":{"start":{"line":18,"column":6},"end":{"line":18,"column":33}},"10":{"start":{"line":20,"column":6},"end":{"line":20,"column":44}},"11":{"start":{"line":21,"column":6},"end":{"line":21,"column":62}},"12":{"start":{"line":26,"column":4},"end":{"line":26,"column":28}},"13":{"start":{"line":27,"column":24},"end":{"line":27,"column":45}},"14":{"start":{"line":28,"column":4},"end":{"line":28,"column":55}},"15":{"start":{"line":30,"column":4},"end":{"line":42,"column":5}},"16":{"start":{"line":31,"column":6},"end":{"line":39,"column":7}},"17":{"start":{"line":33,"column":21},"end":{"line":33,"column":79}},"18":{"start":{"line":34,"column":8},"end":{"line":34,"column":42}},"19":{"start":{"line":35,"column":8},"end":{"line":35,"column":23}},"20":{"start":{"line":37,"column":22},"end":{"line":37,"column":45}},"21":{"start":{"line":38,"column":8},"end":{"line":38,"column":24}},"22":{"start":{"line":41,"column":6},"end":{"line":41,"column":62}},"23":{"start":{"line":46,"column":15},"end":{"line":46,"column":28}},"24":{"start":{"line":47,"column":4},"end":{"line":56,"column":5}},"25":{"start":{"line":48,"column":19},"end":{"line":48,"column":48}},"26":{"start":{"line":49,"column":6},"end":{"line":53,"column":7}},"27":{"start":{"line":50,"column":8},"end":{"line":50,"column":23}},"28":{"start":{"line":52,"column":8},"end":{"line":52,"column":55}},"29":{"start":{"line":55,"column":6},"end":{"line":55,"column":62}},"30":{"start":{"line":60,"column":17},"end":{"line":60,"column":25}},"31":{"start":{"line":64,"column":4},"end":{"line":72,"column":5}},"32":{"start":{"line":65,"column":6},"end":{"line":65,"column":54}},"33":{"start":{"line":66,"column":11},"end":{"line":72,"column":5}},"34":{"start":{"line":68,"column":6},"end":{"line":68,"column":73}},"35":{"start":{"line":70,"column":6},"end":{"line":70,"column":72}},"36":{"start":{"line":71,"column":6},"end":{"line":71,"column":13}},"37":{"start":{"line":74,"column":4},"end":{"line":74,"column":37}},"38":{"start":{"line":75,"column":4},"end":{"line":78,"column":5}},"39":{"start":{"line":76,"column":6},"end":{"line":76,"column":53}},"40":{"start":{"line":77,"column":6},"end":{"line":77,"column":13}},"41":{"start":{"line":79,"column":4},"end":{"line":79,"column":19}},"42":{"start":{"line":80,"column":4},"end":{"line":80,"column":22}},"43":{"start":{"line":81,"column":4},"end":{"line":81,"column":19}},"44":{"start":{"line":85,"column":4},"end":{"line":95,"column":5}},"45":{"start":{"line":86,"column":19},"end":{"line":86,"column":59}},"46":{"start":{"line":87,"column":6},"end":{"line":90,"column":7}},"47":{"start":{"line":88,"column":8},"end":{"line":88,"column":55}},"48":{"start":{"line":89,"column":8},"end":{"line":89,"column":15}},"49":{"start":{"line":91,"column":6},"end":{"line":91,"column":29}},"50":{"start":{"line":92,"column":6},"end":{"line":92,"column":39}},"51":{"start":{"line":94,"column":6},"end":{"line":94,"column":62}},"52":{"start":{"line":99,"column":0},"end":{"line":99,"column":30}}},"fnMap":{"0":{"name":"(anonymous_7)","decl":{"start":{"line":6,"column":2},"end":{"line":6,"column":14}},"loc":{"start":{"line":6,"column":29},"end":{"line":10,"column":3}}},"1":{"name":"(anonymous_8)","decl":{"start":{"line":12,"column":8},"end":{"line":12,"column":14}},"loc":{"start":{"line":12,"column":42},"end":{"line":23,"column":null}}},"2":{"name":"(anonymous_10)","decl":{"start":{"line":25,"column":8},"end":{"line":25,"column":14}},"loc":{"start":{"line":25,"column":61},"end":{"line":43,"column":null}}},"3":{"name":"(anonymous_12)","decl":{"start":{"line":45,"column":8},"end":{"line":45,"column":15}},"loc":{"start":{"line":45,"column":43},"end":{"line":57,"column":null}}},"4":{"name":"(anonymous_14)","decl":{"start":{"line":59,"column":8},"end":{"line":59,"column":14}},"loc":{"start":{"line":59,"column":42},"end":{"line":82,"column":null}}},"5":{"name":"(anonymous_16)","decl":{"start":{"line":84,"column":8},"end":{"line":84,"column":14}},"loc":{"start":{"line":84,"column":42},"end":{"line":96,"column":null}}}},"branchMap":{"0":{"loc":{"start":{"line":7,"column":4},"end":{"line":7,"column":73}},"type":"if","locations":[{"start":{"line":7,"column":4},"end":{"line":7,"column":73}}]},"1":{"loc":{"start":{"line":31,"column":6},"end":{"line":39,"column":7}},"type":"if","locations":[{"start":{"line":31,"column":6},"end":{"line":39,"column":7}},{"start":{"line":36,"column":13},"end":{"line":39,"column":7}}]},"2":{"loc":{"start":{"line":49,"column":6},"end":{"line":53,"column":7}},"type":"if","locations":[{"start":{"line":49,"column":6},"end":{"line":53,"column":7}},{"start":{"line":51,"column":13},"end":{"line":53,"column":7}}]},"3":{"loc":{"start":{"line":64,"column":4},"end":{"line":72,"column":5}},"type":"if","locations":[{"start":{"line":64,"column":4},"end":{"line":72,"column":5}},{"start":{"line":66,"column":11},"end":{"line":72,"column":5}}]},"4":{"loc":{"start":{"line":66,"column":11},"end":{"line":72,"column":5}},"type":"if","locations":[{"start":{"line":66,"column":11},"end":{"line":72,"column":5}},{"start":{"line":69,"column":11},"end":{"line":72,"column":5}}]},"5":{"loc":{"start":{"line":75,"column":4},"end":{"line":78,"column":5}},"type":"if","locations":[{"start":{"line":75,"column":4},"end":{"line":78,"column":5}}]},"6":{"loc":{"start":{"line":87,"column":6},"end":{"line":90,"column":7}},"type":"if","locations":[{"start":{"line":87,"column":6},"end":{"line":90,"column":7}}]}},"s":{"0":3,"1":0,"2":3,"3":3,"4":1,"5":1,"6":1,"7":1,"8":1,"9":1,"10":0,"11":0,"12":0,"13":0,"14":0,"15":0,"16":0,"17":0,"18":0,"19":0,"20":0,"21":0,"22":0,"23":0,"24":0,"25":0,"26":0,"27":0,"28":0,"29":0,"30":0,"31":0,"32":0,"33":0,"34":0,"35":0,"36":0,"37":0,"38":0,"39":0,"40":0,"41":0,"42":0,"43":0,"44":0,"45":0,"46":0,"47":0,"48":0,"49":0,"50":0,"51":0,"52":1},"f":{"0":3,"1":1,"2":0,"3":0,"4":0,"5":0},"b":{"0":[0],"1":[0,0],"2":[0,0],"3":[0,0],"4":[0,0],"5":[0],"6":[0]}}
,"/Users/arelgabay/Desktop/Web-Application-Development/src/controllers/commentController.ts": {"path":"/Users/arelgabay/Desktop/Web-Application-Development/src/controllers/commentController.ts","statementMap":{"0":{"start":{"line":2,"column":0},"end":{"line":2,"column":60}},"1":{"start":{"line":3,"column":0},"end":{"line":3,"column":46}},"2":{"start":{"line":7,"column":4},"end":{"line":7,"column":24}},"3":{"start":{"line":11,"column":20},"end":{"line":15,"column":6}},"4":{"start":{"line":16,"column":4},"end":{"line":16,"column":23}},"5":{"start":{"line":17,"column":4},"end":{"line":17,"column":27}},"6":{"start":{"line":21,"column":4},"end":{"line":21,"column":28}},"7":{"start":{"line":25,"column":17},"end":{"line":25,"column":25}},"8":{"start":{"line":26,"column":20},"end":{"line":30,"column":6}},"9":{"start":{"line":31,"column":4},"end":{"line":31,"column":23}},"10":{"start":{"line":32,"column":4},"end":{"line":32,"column":27}},"11":{"start":{"line":36,"column":4},"end":{"line":36,"column":27}},"12":{"start":{"line":40,"column":4},"end":{"line":40,"column":37}},"13":{"start":{"line":44,"column":0},"end":{"line":44,"column":40}}},"fnMap":{"0":{"name":"(anonymous_8)","decl":{"start":{"line":6,"column":2},"end":{"line":6,"column":null}},"loc":{"start":{"line":6,"column":2},"end":{"line":8,"column":3}}},"1":{"name":"(anonymous_9)","decl":{"start":{"line":10,"column":8},"end":{"line":10,"column":21}},"loc":{"start":{"line":10,"column":49},"end":{"line":18,"column":null}}},"2":{"name":"(anonymous_12)","decl":{"start":{"line":20,"column":8},"end":{"line":20,"column":22}},"loc":{"start":{"line":20,"column":50},"end":{"line":22,"column":null}}},"3":{"name":"(anonymous_15)","decl":{"start":{"line":24,"column":8},"end":{"line":24,"column":21}},"loc":{"start":{"line":24,"column":49},"end":{"line":33,"column":null}}},"4":{"name":"(anonymous_18)","decl":{"start":{"line":35,"column":8},"end":{"line":35,"column":21}},"loc":{"start":{"line":35,"column":49},"end":{"line":37,"column":null}}},"5":{"name":"(anonymous_21)","decl":{"start":{"line":39,"column":8},"end":{"line":39,"column":25}},"loc":{"start":{"line":39,"column":53},"end":{"line":41,"column":null}}}},"branchMap":{},"s":{"0":1,"1":1,"2":1,"3":0,"4":0,"5":0,"6":0,"7":0,"8":0,"9":0,"10":0,"11":0,"12":0,"13":1},"f":{"0":1,"1":0,"2":0,"3":0,"4":0,"5":0},"b":{}}
,"/Users/arelgabay/Desktop/Web-Application-Development/src/controllers/postController.ts": {"path":"/Users/arelgabay/Desktop/Web-Application-Development/src/controllers/postController.ts","statementMap":{"0":{"start":{"line":3,"column":0},"end":{"line":3,"column":50}},"1":{"start":{"line":4,"column":0},"end":{"line":4,"column":46}},"2":{"start":{"line":8,"column":4},"end":{"line":8,"column":21}},"3":{"start":{"line":13,"column":24},"end":{"line":19,"column":6}},"4":{"start":{"line":20,"column":4},"end":{"line":20,"column":20}},"5":{"start":{"line":21,"column":4},"end":{"line":21,"column":27}},"6":{"start":{"line":25,"column":4},"end":{"line":25,"column":31}},"7":{"start":{"line":29,"column":4},"end":{"line":29,"column":28}},"8":{"start":{"line":34,"column":4},"end":{"line":34,"column":37}},"9":{"start":{"line":38,"column":17},"end":{"line":38,"column":25}},"10":{"start":{"line":40,"column":33},"end":{"line":46,"column":6}},"11":{"start":{"line":47,"column":4},"end":{"line":47,"column":20}},"12":{"start":{"line":48,"column":4},"end":{"line":48,"column":27}},"13":{"start":{"line":52,"column":4},"end":{"line":98,"column":5}},"14":{"start":{"line":53,"column":21},"end":{"line":53,"column":34}},"15":{"start":{"line":54,"column":31},"end":{"line":54,"column":48}},"16":{"start":{"line":57,"column":6},"end":{"line":61,"column":7}},"17":{"start":{"line":58,"column":8},"end":{"line":58,"column":62}},"18":{"start":{"line":59,"column":8},"end":{"line":59,"column":69}},"19":{"start":{"line":60,"column":8},"end":{"line":60,"column":15}},"20":{"start":{"line":63,"column":6},"end":{"line":68,"column":8}},"21":{"start":{"line":69,"column":19},"end":{"line":69,"column":51}},"22":{"start":{"line":70,"column":6},"end":{"line":74,"column":7}},"23":{"start":{"line":71,"column":8},"end":{"line":71,"column":56}},"24":{"start":{"line":72,"column":8},"end":{"line":72,"column":60}},"25":{"start":{"line":73,"column":8},"end":{"line":73,"column":15}},"26":{"start":{"line":77,"column":6},"end":{"line":79,"column":7}},"27":{"start":{"line":78,"column":8},"end":{"line":78,"column":24}},"28":{"start":{"line":81,"column":20},"end":{"line":81,"column":48}},"29":{"start":{"line":82,"column":6},"end":{"line":90,"column":7}},"30":{"start":{"line":84,"column":8},"end":{"line":84,"column":34}},"31":{"start":{"line":85,"column":8},"end":{"line":85,"column":51}},"32":{"start":{"line":88,"column":8},"end":{"line":88,"column":36}},"33":{"start":{"line":89,"column":8},"end":{"line":89,"column":55}},"34":{"start":{"line":92,"column":6},"end":{"line":92,"column":24}},"35":{"start":{"line":93,"column":6},"end":{"line":93,"column":69}},"36":{"start":{"line":94,"column":6},"end":{"line":94,"column":33}},"37":{"start":{"line":96,"column":6},"end":{"line":96,"column":79}},"38":{"start":{"line":97,"column":6},"end":{"line":97,"column":64}},"39":{"start":{"line":102,"column":0},"end":{"line":102,"column":37}}},"fnMap":{"0":{"name":"(anonymous_8)","decl":{"start":{"line":7,"column":2},"end":{"line":7,"column":null}},"loc":{"start":{"line":7,"column":2},"end":{"line":9,"column":3}}},"1":{"name":"(anonymous_9)","decl":{"start":{"line":11,"column":8},"end":{"line":11,"column":18}},"loc":{"start":{"line":11,"column":46},"end":{"line":22,"column":null}}},"2":{"name":"(anonymous_12)","decl":{"start":{"line":24,"column":8},"end":{"line":24,"column":16}},"loc":{"start":{"line":24,"column":44},"end":{"line":26,"column":null}}},"3":{"name":"(anonymous_15)","decl":{"start":{"line":28,"column":8},"end":{"line":28,"column":19}},"loc":{"start":{"line":28,"column":47},"end":{"line":30,"column":null}}},"4":{"name":"(anonymous_18)","decl":{"start":{"line":32,"column":8},"end":{"line":32,"column":24}},"loc":{"start":{"line":32,"column":52},"end":{"line":35,"column":null}}},"5":{"name":"(anonymous_21)","decl":{"start":{"line":37,"column":8},"end":{"line":37,"column":18}},"loc":{"start":{"line":37,"column":46},"end":{"line":49,"column":null}}},"6":{"name":"(anonymous_24)","decl":{"start":{"line":51,"column":8},"end":{"line":51,"column":18}},"loc":{"start":{"line":51,"column":46},"end":{"line":99,"column":null}}}},"branchMap":{"0":{"loc":{"start":{"line":16,"column":14},"end":{"line":16,"column":52}},"type":"binary-expr","locations":[{"start":{"line":16,"column":14},"end":{"line":16,"column":33}},{"start":{"line":16,"column":37},"end":{"line":16,"column":52}}]},"1":{"loc":{"start":{"line":18,"column":13},"end":{"line":18,"column":33}},"type":"binary-expr","locations":[{"start":{"line":18,"column":13},"end":{"line":18,"column":27}},{"start":{"line":18,"column":31},"end":{"line":18,"column":33}}]},"2":{"loc":{"start":{"line":57,"column":6},"end":{"line":61,"column":7}},"type":"if","locations":[{"start":{"line":57,"column":6},"end":{"line":61,"column":7}}]},"3":{"loc":{"start":{"line":57,"column":10},"end":{"line":57,"column":47}},"type":"binary-expr","locations":[{"start":{"line":57,"column":10},"end":{"line":57,"column":19}},{"start":{"line":57,"column":23},"end":{"line":57,"column":47}}]},"4":{"loc":{"start":{"line":70,"column":6},"end":{"line":74,"column":7}},"type":"if","locations":[{"start":{"line":70,"column":6},"end":{"line":74,"column":7}}]},"5":{"loc":{"start":{"line":77,"column":6},"end":{"line":79,"column":7}},"type":"if","locations":[{"start":{"line":77,"column":6},"end":{"line":79,"column":7}}]},"6":{"loc":{"start":{"line":82,"column":6},"end":{"line":90,"column":7}},"type":"if","locations":[{"start":{"line":82,"column":6},"end":{"line":90,"column":7}},{"start":{"line":86,"column":13},"end":{"line":90,"column":7}}]}},"s":{"0":1,"1":1,"2":1,"3":1,"4":1,"5":1,"6":0,"7":0,"8":0,"9":0,"10":0,"11":0,"12":0,"13":0,"14":0,"15":0,"16":0,"17":0,"18":0,"19":0,"20":0,"21":0,"22":0,"23":0,"24":0,"25":0,"26":0,"27":0,"28":0,"29":0,"30":0,"31":0,"32":0,"33":0,"34":0,"35":0,"36":0,"37":0,"38":0,"39":1},"f":{"0":1,"1":1,"2":0,"3":0,"4":0,"5":0,"6":0},"b":{"0":[1,1],"1":[1,0],"2":[0],"3":[0,0],"4":[0],"5":[0],"6":[0,0]}}
,"/Users/arelgabay/Desktop/Web-Application-Development/src/controllers/userController.ts": {"path":"/Users/arelgabay/Desktop/Web-Application-Development/src/controllers/userController.ts","statementMap":{"0":{"start":{"line":2,"column":0},"end":{"line":2,"column":50}},"1":{"start":{"line":3,"column":0},"end":{"line":3,"column":46}},"2":{"start":{"line":4,"column":0},"end":{"line":4,"column":26}},"3":{"start":{"line":5,"column":0},"end":{"line":5,"column":33}},"4":{"start":{"line":6,"column":0},"end":{"line":6,"column":28}},"5":{"start":{"line":10,"column":4},"end":{"line":10,"column":21}},"6":{"start":{"line":14,"column":4},"end":{"line":14,"column":66}},"7":{"start":{"line":15,"column":4},"end":{"line":15,"column":39}},"8":{"start":{"line":19,"column":4},"end":{"line":19,"column":55}},"9":{"start":{"line":20,"column":4},"end":{"line":20,"column":44}},"10":{"start":{"line":21,"column":25},"end":{"line":21,"column":33}},"11":{"start":{"line":25,"column":4},"end":{"line":78,"column":5}},"12":{"start":{"line":27,"column":6},"end":{"line":30,"column":7}},"13":{"start":{"line":28,"column":21},"end":{"line":28,"column":45}},"14":{"start":{"line":29,"column":8},"end":{"line":29,"column":59}},"15":{"start":{"line":33,"column":6},"end":{"line":58,"column":7}},"16":{"start":{"line":34,"column":8},"end":{"line":34,"column":49}},"17":{"start":{"line":36,"column":29},"end":{"line":36,"column":43}},"18":{"start":{"line":37,"column":8},"end":{"line":37,"column":76}},"19":{"start":{"line":38,"column":24},"end":{"line":38,"column":53}},"20":{"start":{"line":40,"column":8},"end":{"line":40,"column":42}},"21":{"start":{"line":42,"column":8},"end":{"line":57,"column":9}},"22":{"start":{"line":43,"column":31},"end":{"line":51,"column":null}},"23":{"start":{"line":53,"column":10},"end":{"line":53,"column":66}},"24":{"start":{"line":54,"column":10},"end":{"line":54,"column":52}},"25":{"start":{"line":56,"column":10},"end":{"line":56,"column":56}},"26":{"start":{"line":61,"column":42},"end":{"line":61,"column":44}},"27":{"start":{"line":62,"column":6},"end":{"line":64,"column":7}},"28":{"start":{"line":63,"column":8},"end":{"line":63,"column":46}},"29":{"start":{"line":65,"column":6},"end":{"line":68,"column":7}},"30":{"start":{"line":66,"column":8},"end":{"line":66,"column":72}},"31":{"start":{"line":67,"column":8},"end":{"line":67,"column":58}},"32":{"start":{"line":71,"column":6},"end":{"line":71,"column":29}},"33":{"start":{"line":74,"column":6},"end":{"line":74,"column":29}},"34":{"start":{"line":76,"column":6},"end":{"line":76,"column":51}},"35":{"start":{"line":77,"column":6},"end":{"line":77,"column":63}},"36":{"start":{"line":82,"column":0},"end":{"line":82,"column":36}}},"fnMap":{"0":{"name":"(anonymous_8)","decl":{"start":{"line":9,"column":2},"end":{"line":9,"column":null}},"loc":{"start":{"line":9,"column":2},"end":{"line":11,"column":3}}},"1":{"name":"(anonymous_9)","decl":{"start":{"line":13,"column":8},"end":{"line":13,"column":25}},"loc":{"start":{"line":13,"column":53},"end":{"line":16,"column":null}}},"2":{"name":"(anonymous_12)","decl":{"start":{"line":18,"column":8},"end":{"line":18,"column":18}},"loc":{"start":{"line":18,"column":46},"end":{"line":79,"column":null}}}},"branchMap":{"0":{"loc":{"start":{"line":27,"column":6},"end":{"line":30,"column":7}},"type":"if","locations":[{"start":{"line":27,"column":6},"end":{"line":30,"column":7}}]},"1":{"loc":{"start":{"line":33,"column":6},"end":{"line":58,"column":7}},"type":"if","locations":[{"start":{"line":33,"column":6},"end":{"line":58,"column":7}}]},"2":{"loc":{"start":{"line":62,"column":6},"end":{"line":64,"column":7}},"type":"if","locations":[{"start":{"line":62,"column":6},"end":{"line":64,"column":7}}]},"3":{"loc":{"start":{"line":65,"column":6},"end":{"line":68,"column":7}},"type":"if","locations":[{"start":{"line":65,"column":6},"end":{"line":68,"column":7}}]}},"s":{"0":1,"1":1,"2":1,"3":1,"4":1,"5":1,"6":0,"7":0,"8":0,"9":0,"10":0,"11":0,"12":0,"13":0,"14":0,"15":0,"16":0,"17":0,"18":0,"19":0,"20":0,"21":0,"22":0,"23":0,"24":0,"25":0,"26":0,"27":0,"28":0,"29":0,"30":0,"31":0,"32":0,"33":0,"34":0,"35":0,"36":1},"f":{"0":1,"1":0,"2":0},"b":{"0":[0],"1":[0],"2":[0],"3":[0]}}
,"/Users/arelgabay/Desktop/Web-Application-Development/src/models/Comments.ts": {"path":"/Users/arelgabay/Desktop/Web-Application-Development/src/models/Comments.ts","statementMap":{"0":{"start":{"line":1,"column":0},"end":{"line":1,"column":32}},"1":{"start":{"line":9,"column":22},"end":{"line":13,"column":2}},"2":{"start":{"line":15,"column":21},"end":{"line":15,"column":71}},"3":{"start":{"line":17,"column":0},"end":{"line":17,"column":28}}},"fnMap":{},"branchMap":{},"s":{"0":1,"1":1,"2":1,"3":1},"f":{},"b":{}}
,"/Users/arelgabay/Desktop/Web-Application-Development/src/models/Post.ts": {"path":"/Users/arelgabay/Desktop/Web-Application-Development/src/models/Post.ts","statementMap":{"0":{"start":{"line":1,"column":0},"end":{"line":1,"column":32}},"1":{"start":{"line":11,"column":19},"end":{"line":17,"column":2}},"2":{"start":{"line":19,"column":18},"end":{"line":19,"column":59}},"3":{"start":{"line":21,"column":0},"end":{"line":21,"column":25}}},"fnMap":{},"branchMap":{},"s":{"0":1,"1":1,"2":1,"3":1},"f":{},"b":{}}
,"/Users/arelgabay/Desktop/Web-Application-Development/src/models/User.ts": {"path":"/Users/arelgabay/Desktop/Web-Application-Development/src/models/User.ts","statementMap":{"0":{"start":{"line":1,"column":0},"end":{"line":1,"column":32}},"1":{"start":{"line":13,"column":19},"end":{"line":46,"column":2}},"2":{"start":{"line":28,"column":6},"end":{"line":28,"column":28}},"3":{"start":{"line":48,"column":18},"end":{"line":48,"column":59}},"4":{"start":{"line":50,"column":0},"end":{"line":50,"column":25}}},"fnMap":{"0":{"name":"(anonymous_1)","decl":{"start":{"line":27,"column":14},"end":{"line":27,"column":null}},"loc":{"start":{"line":27,"column":14},"end":{"line":29,"column":5}}}},"branchMap":{},"s":{"0":1,"1":1,"2":10,"3":1,"4":1},"f":{"0":10},"b":{}}
,"/Users/arelgabay/Desktop/Web-Application-Development/src/routes/AstronomyApiRoute.ts": {"path":"/Users/arelgabay/Desktop/Web-Application-Development/src/routes/AstronomyApiRoute.ts","statementMap":{"0":{"start":{"line":2,"column":0},"end":{"line":2,"column":52}},"1":{"start":{"line":3,"column":0},"end":{"line":3,"column":26}},"2":{"start":{"line":4,"column":0},"end":{"line":4,"column":28}},"3":{"start":{"line":6,"column":0},"end":{"line":6,"column":16}},"4":{"start":{"line":8,"column":15},"end":{"line":8,"column":23}},"5":{"start":{"line":10,"column":15},"end":{"line":10,"column":43}},"6":{"start":{"line":11,"column":19},"end":{"line":11,"column":51}},"7":{"start":{"line":13,"column":0},"end":{"line":15,"column":1}},"8":{"start":{"line":14,"column":2},"end":{"line":14,"column":59}},"9":{"start":{"line":18,"column":27},"end":{"line":20,"column":1}},"10":{"start":{"line":19,"column":2},"end":{"line":19,"column":78}},"11":{"start":{"line":23,"column":25},"end":{"line":47,"column":2}},"12":{"start":{"line":23,"column":49},"end":{"line":47,"column":2}},"13":{"start":{"line":24,"column":2},"end":{"line":46,"column":3}},"14":{"start":{"line":25,"column":21},"end":{"line":33,"column":null}},"15":{"start":{"line":36,"column":4},"end":{"line":38,"column":5}},"16":{"start":{"line":37,"column":6},"end":{"line":37,"column":44}},"17":{"start":{"line":40,"column":4},"end":{"line":43,"column":6}},"18":{"start":{"line":45,"column":4},"end":{"line":45,"column":69}},"19":{"start":{"line":50,"column":23},"end":{"line":90,"column":2}},"20":{"start":{"line":54,"column":4},"end":{"line":90,"column":2}},"21":{"start":{"line":55,"column":18},"end":{"line":73,"column":4}},"22":{"start":{"line":75,"column":2},"end":{"line":89,"column":3}},"23":{"start":{"line":76,"column":21},"end":{"line":84,"column":null}},"24":{"start":{"line":86,"column":4},"end":{"line":86,"column":25}},"25":{"start":{"line":88,"column":4},"end":{"line":88,"column":73}},"26":{"start":{"line":125,"column":0},"end":{"line":154,"column":2}},"27":{"start":{"line":127,"column":55},"end":{"line":153,"column":null}},"28":{"start":{"line":128,"column":4},"end":{"line":152,"column":5}},"29":{"start":{"line":130,"column":9},"end":{"line":130,"column":76}},"30":{"start":{"line":134,"column":6},"end":{"line":145,"column":7}},"31":{"start":{"line":135,"column":28},"end":{"line":135,"column":77}},"32":{"start":{"line":136,"column":8},"end":{"line":136,"column":40}},"33":{"start":{"line":137,"column":8},"end":{"line":137,"column":42}},"34":{"start":{"line":139,"column":8},"end":{"line":141,"column":20}},"35":{"start":{"line":142,"column":8},"end":{"line":144,"column":20}},"36":{"start":{"line":147,"column":28},"end":{"line":147,"column":75}},"37":{"start":{"line":148,"column":6},"end":{"line":148,"column":30}},"38":{"start":{"line":150,"column":6},"end":{"line":150,"column":70}},"39":{"start":{"line":151,"column":6},"end":{"line":151,"column":53}},"40":{"start":{"line":157,"column":23},"end":{"line":192,"column":2}},"41":{"start":{"line":161,"column":4},"end":{"line":192,"column":2}},"42":{"start":{"line":162,"column":18},"end":{"line":175,"column":4}},"43":{"start":{"line":177,"column":2},"end":{"line":191,"column":3}},"44":{"start":{"line":178,"column":21},"end":{"line":186,"column":null}},"45":{"start":{"line":188,"column":4},"end":{"line":188,"column":25}},"46":{"start":{"line":190,"column":4},"end":{"line":190,"column":73}},"47":{"start":{"line":227,"column":0},"end":{"line":256,"column":2}},"48":{"start":{"line":229,"column":55},"end":{"line":255,"column":null}},"49":{"start":{"line":230,"column":4},"end":{"line":254,"column":5}},"50":{"start":{"line":232,"column":9},"end":{"line":232,"column":76}},"51":{"start":{"line":236,"column":6},"end":{"line":247,"column":7}},"52":{"start":{"line":237,"column":28},"end":{"line":237,"column":77}},"53":{"start":{"line":238,"column":8},"end":{"line":238,"column":40}},"54":{"start":{"line":239,"column":8},"end":{"line":239,"column":42}},"55":{"start":{"line":241,"column":8},"end":{"line":243,"column":20}},"56":{"start":{"line":244,"column":8},"end":{"line":246,"column":20}},"57":{"start":{"line":249,"column":28},"end":{"line":249,"column":75}},"58":{"start":{"line":250,"column":6},"end":{"line":250,"column":30}},"59":{"start":{"line":252,"column":6},"end":{"line":252,"column":70}},"60":{"start":{"line":253,"column":6},"end":{"line":253,"column":53}},"61":{"start":{"line":258,"column":0},"end":{"line":258,"column":22}}},"fnMap":{"0":{"name":"(anonymous_8)","decl":{"start":{"line":18,"column":27},"end":{"line":18,"column":38}},"loc":{"start":{"line":18,"column":40},"end":{"line":20,"column":1}}},"1":{"name":"(anonymous_9)","decl":{"start":{"line":23,"column":25},"end":{"line":23,"column":32}},"loc":{"start":{"line":23,"column":49},"end":{"line":47,"column":2}}},"2":{"name":"(anonymous_10)","decl":{"start":{"line":23,"column":49},"end":{"line":23,"column":null}},"loc":{"start":{"line":23,"column":49},"end":{"line":47,"column":1}}},"3":{"name":"(anonymous_11)","decl":{"start":{"line":50,"column":23},"end":{"line":50,"column":null}},"loc":{"start":{"line":54,"column":4},"end":{"line":90,"column":2}}},"4":{"name":"(anonymous_12)","decl":{"start":{"line":54,"column":4},"end":{"line":54,"column":null}},"loc":{"start":{"line":54,"column":4},"end":{"line":90,"column":1}}},"5":{"name":"(anonymous_13)","decl":{"start":{"line":127,"column":2},"end":{"line":127,"column":9}},"loc":{"start":{"line":127,"column":55},"end":{"line":153,"column":null}}},"6":{"name":"(anonymous_14)","decl":{"start":{"line":127,"column":55},"end":{"line":127,"column":null}},"loc":{"start":{"line":127,"column":55},"end":{"line":153,"column":3}}},"7":{"name":"(anonymous_15)","decl":{"start":{"line":157,"column":23},"end":{"line":157,"column":null}},"loc":{"start":{"line":161,"column":4},"end":{"line":192,"column":2}}},"8":{"name":"(anonymous_16)","decl":{"start":{"line":161,"column":4},"end":{"line":161,"column":null}},"loc":{"start":{"line":161,"column":4},"end":{"line":192,"column":1}}},"9":{"name":"(anonymous_17)","decl":{"start":{"line":229,"column":2},"end":{"line":229,"column":9}},"loc":{"start":{"line":229,"column":55},"end":{"line":255,"column":null}}},"10":{"name":"(anonymous_18)","decl":{"start":{"line":229,"column":55},"end":{"line":229,"column":null}},"loc":{"start":{"line":229,"column":55},"end":{"line":255,"column":3}}}},"branchMap":{"0":{"loc":{"start":{"line":13,"column":0},"end":{"line":15,"column":1}},"type":"if","locations":[{"start":{"line":13,"column":0},"end":{"line":15,"column":1}}]},"1":{"loc":{"start":{"line":13,"column":4},"end":{"line":13,"column":26}},"type":"binary-expr","locations":[{"start":{"line":13,"column":4},"end":{"line":13,"column":11}},{"start":{"line":13,"column":15},"end":{"line":13,"column":26}}]},"2":{"loc":{"start":{"line":36,"column":4},"end":{"line":38,"column":5}},"type":"if","locations":[{"start":{"line":36,"column":4},"end":{"line":38,"column":5}}]},"3":{"loc":{"start":{"line":130,"column":9},"end":{"line":130,"column":76}},"type":"binary-expr","locations":[{"start":{"line":130,"column":9},"end":{"line":130,"column":34}},{"start":{"line":130,"column":38},"end":{"line":130,"column":76}}]},"4":{"loc":{"start":{"line":134,"column":6},"end":{"line":145,"column":7}},"type":"if","locations":[{"start":{"line":134,"column":6},"end":{"line":145,"column":7}},{"start":{"line":138,"column":13},"end":{"line":145,"column":7}}]},"5":{"loc":{"start":{"line":139,"column":19},"end":{"line":141,"column":19}},"type":"cond-expr","locations":[{"start":{"line":140,"column":12},"end":{"line":140,"column":52}},{"start":{"line":141,"column":12},"end":{"line":141,"column":19}}]},"6":{"loc":{"start":{"line":142,"column":20},"end":{"line":144,"column":19}},"type":"cond-expr","locations":[{"start":{"line":143,"column":12},"end":{"line":143,"column":53}},{"start":{"line":144,"column":12},"end":{"line":144,"column":19}}]},"7":{"loc":{"start":{"line":232,"column":9},"end":{"line":232,"column":76}},"type":"binary-expr","locations":[{"start":{"line":232,"column":9},"end":{"line":232,"column":34}},{"start":{"line":232,"column":38},"end":{"line":232,"column":76}}]},"8":{"loc":{"start":{"line":236,"column":6},"end":{"line":247,"column":7}},"type":"if","locations":[{"start":{"line":236,"column":6},"end":{"line":247,"column":7}},{"start":{"line":240,"column":13},"end":{"line":247,"column":7}}]},"9":{"loc":{"start":{"line":241,"column":19},"end":{"line":243,"column":19}},"type":"cond-expr","locations":[{"start":{"line":242,"column":12},"end":{"line":242,"column":52}},{"start":{"line":243,"column":12},"end":{"line":243,"column":19}}]},"10":{"loc":{"start":{"line":244,"column":20},"end":{"line":246,"column":19}},"type":"cond-expr","locations":[{"start":{"line":245,"column":12},"end":{"line":245,"column":53}},{"start":{"line":246,"column":12},"end":{"line":246,"column":19}}]}},"s":{"0":1,"1":1,"2":1,"3":1,"4":1,"5":1,"6":1,"7":1,"8":0,"9":1,"10":0,"11":1,"12":0,"13":0,"14":0,"15":0,"16":0,"17":0,"18":0,"19":1,"20":0,"21":0,"22":0,"23":0,"24":0,"25":0,"26":1,"27":0,"28":0,"29":0,"30":0,"31":0,"32":0,"33":0,"34":0,"35":0,"36":0,"37":0,"38":0,"39":0,"40":1,"41":0,"42":0,"43":0,"44":0,"45":0,"46":0,"47":1,"48":0,"49":0,"50":0,"51":0,"52":0,"53":0,"54":0,"55":0,"56":0,"57":0,"58":0,"59":0,"60":0,"61":1},"f":{"0":0,"1":0,"2":0,"3":0,"4":0,"5":0,"6":0,"7":0,"8":0,"9":0,"10":0},"b":{"0":[0],"1":[1,1],"2":[0],"3":[0,0],"4":[0,0],"5":[0,0],"6":[0,0],"7":[0,0],"8":[0,0],"9":[0,0],"10":[0,0]}}
,"/Users/arelgabay/Desktop/Web-Application-Development/src/routes/AuthRoute.ts": {"path":"/Users/arelgabay/Desktop/Web-Application-Development/src/routes/AuthRoute.ts","statementMap":{"0":{"start":{"line":1,"column":0},"end":{"line":1,"column":30}},"1":{"start":{"line":2,"column":15},"end":{"line":2,"column":31}},"2":{"start":{"line":3,"column":0},"end":{"line":3,"column":59}},"3":{"start":{"line":4,"column":0},"end":{"line":4,"column":28}},"4":{"start":{"line":6,"column":15},"end":{"line":6,"column":23}},"5":{"start":{"line":65,"column":0},"end":{"line":69,"column":2}},"6":{"start":{"line":71,"column":0},"end":{"line":74,"column":2}},"7":{"start":{"line":109,"column":0},"end":{"line":109,"column":44}},"8":{"start":{"line":140,"column":0},"end":{"line":140,"column":48}},"9":{"start":{"line":171,"column":0},"end":{"line":171,"column":46}},"10":{"start":{"line":173,"column":0},"end":{"line":173,"column":22}}},"fnMap":{},"branchMap":{},"s":{"0":1,"1":1,"2":1,"3":1,"4":1,"5":1,"6":1,"7":1,"8":1,"9":1,"10":1},"f":{},"b":{}}
,"/Users/arelgabay/Desktop/Web-Application-Development/src/routes/CommentRoute.ts": {"path":"/Users/arelgabay/Desktop/Web-Application-Development/src/routes/CommentRoute.ts","statementMap":{"0":{"start":{"line":1,"column":0},"end":{"line":1,"column":30}},"1":{"start":{"line":2,"column":15},"end":{"line":2,"column":31}},"2":{"start":{"line":3,"column":0},"end":{"line":3,"column":65}},"3":{"start":{"line":4,"column":0},"end":{"line":4,"column":63}},"4":{"start":{"line":104,"column":0},"end":{"line":104,"column":90}},"5":{"start":{"line":145,"column":0},"end":{"line":145,"column":77}},"6":{"start":{"line":204,"column":0},"end":{"line":204,"column":92}},"7":{"start":{"line":230,"column":0},"end":{"line":230,"column":95}},"8":{"start":{"line":258,"column":0},"end":{"line":258,"column":89}},"9":{"start":{"line":260,"column":0},"end":{"line":260,"column":22}}},"fnMap":{},"branchMap":{},"s":{"0":1,"1":1,"2":1,"3":1,"4":1,"5":1,"6":1,"7":1,"8":1,"9":1},"f":{},"b":{}}
,"/Users/arelgabay/Desktop/Web-Application-Development/src/routes/FileRoute.ts": {"path":"/Users/arelgabay/Desktop/Web-Application-Development/src/routes/FileRoute.ts","statementMap":{"0":{"start":{"line":1,"column":0},"end":{"line":1,"column":53}},"1":{"start":{"line":2,"column":0},"end":{"line":2,"column":28}},"2":{"start":{"line":3,"column":0},"end":{"line":3,"column":20}},"3":{"start":{"line":4,"column":0},"end":{"line":4,"column":24}},"4":{"start":{"line":5,"column":0},"end":{"line":5,"column":63}},"5":{"start":{"line":7,"column":15},"end":{"line":7,"column":31}},"6":{"start":{"line":9,"column":13},"end":{"line":9,"column":42}},"7":{"start":{"line":10,"column":18},"end":{"line":10,"column":27}},"8":{"start":{"line":12,"column":0},"end":{"line":14,"column":1}},"9":{"start":{"line":13,"column":2},"end":{"line":13,"column":47}},"10":{"start":{"line":17,"column":16},"end":{"line":25,"column":2}},"11":{"start":{"line":19,"column":4},"end":{"line":19,"column":24}},"12":{"start":{"line":22,"column":16},"end":{"line":22,"column":79}},"13":{"start":{"line":23,"column":4},"end":{"line":23,"column":37}},"14":{"start":{"line":26,"column":15},"end":{"line":26,"column":43}},"15":{"start":{"line":73,"column":0},"end":{"line":82,"column":3}},"16":{"start":{"line":74,"column":2},"end":{"line":74,"column":24}},"17":{"start":{"line":75,"column":2},"end":{"line":78,"column":3}},"18":{"start":{"line":76,"column":4},"end":{"line":76,"column":56}},"19":{"start":{"line":77,"column":4},"end":{"line":77,"column":11}},"20":{"start":{"line":79,"column":18},"end":{"line":79,"column":35}},"21":{"start":{"line":80,"column":2},"end":{"line":80,"column":41}},"22":{"start":{"line":81,"column":2},"end":{"line":81,"column":41}},"23":{"start":{"line":133,"column":0},"end":{"line":181,"column":2}},"24":{"start":{"line":138,"column":24},"end":{"line":138,"column":65}},"25":{"start":{"line":139,"column":4},"end":{"line":139,"column":71}},"26":{"start":{"line":140,"column":4},"end":{"line":140,"column":47}},"27":{"start":{"line":142,"column":4},"end":{"line":145,"column":5}},"28":{"start":{"line":143,"column":6},"end":{"line":143,"column":49}},"29":{"start":{"line":144,"column":6},"end":{"line":144,"column":62}},"30":{"start":{"line":148,"column":4},"end":{"line":179,"column":7}},"31":{"start":{"line":149,"column":6},"end":{"line":152,"column":7}},"32":{"start":{"line":150,"column":8},"end":{"line":150,"column":59}},"33":{"start":{"line":151,"column":8},"end":{"line":151,"column":65}},"34":{"start":{"line":154,"column":6},"end":{"line":154,"column":64}},"35":{"start":{"line":157,"column":6},"end":{"line":178,"column":9}},"36":{"start":{"line":158,"column":8},"end":{"line":161,"column":9}},"37":{"start":{"line":159,"column":10},"end":{"line":159,"column":61}},"38":{"start":{"line":160,"column":10},"end":{"line":160,"column":76}},"39":{"start":{"line":163,"column":8},"end":{"line":163,"column":54}},"40":{"start":{"line":166,"column":8},"end":{"line":177,"column":9}},"41":{"start":{"line":167,"column":26},"end":{"line":167,"column":43}},"42":{"start":{"line":168,"column":10},"end":{"line":168,"column":63}},"43":{"start":{"line":169,"column":10},"end":{"line":169,"column":48}},"44":{"start":{"line":171,"column":10},"end":{"line":173,"column":75}},"45":{"start":{"line":175,"column":10},"end":{"line":175,"column":75}},"46":{"start":{"line":176,"column":10},"end":{"line":176,"column":73}},"47":{"start":{"line":207,"column":0},"end":{"line":217,"column":3}},"48":{"start":{"line":208,"column":19},"end":{"line":208,"column":60}},"49":{"start":{"line":211,"column":2},"end":{"line":216,"column":5}},"50":{"start":{"line":212,"column":4},"end":{"line":214,"column":5}},"51":{"start":{"line":213,"column":6},"end":{"line":213,"column":68}},"52":{"start":{"line":215,"column":4},"end":{"line":215,"column":67}},"53":{"start":{"line":219,"column":0},"end":{"line":219,"column":16}}},"fnMap":{"0":{"name":"(anonymous_1)","decl":{"start":{"line":18,"column":15},"end":{"line":18,"column":25}},"loc":{"start":{"line":18,"column":38},"end":{"line":20,"column":3}}},"1":{"name":"(anonymous_2)","decl":{"start":{"line":21,"column":12},"end":{"line":21,"column":22}},"loc":{"start":{"line":21,"column":35},"end":{"line":24,"column":3}}},"2":{"name":"(anonymous_3)","decl":{"start":{"line":73,"column":40},"end":{"line":73,"column":41}},"loc":{"start":{"line":73,"column":78},"end":{"line":82,"column":1}}},"3":{"name":"(anonymous_4)","decl":{"start":{"line":137,"column":2},"end":{"line":137,"column":3}},"loc":{"start":{"line":137,"column":40},"end":{"line":180,"column":3}}},"4":{"name":"(anonymous_5)","decl":{"start":{"line":148,"column":46},"end":{"line":148,"column":47}},"loc":{"start":{"line":148,"column":54},"end":{"line":179,"column":5}}},"5":{"name":"(anonymous_6)","decl":{"start":{"line":157,"column":29},"end":{"line":157,"column":30}},"loc":{"start":{"line":157,"column":43},"end":{"line":178,"column":7}}},"6":{"name":"(anonymous_7)","decl":{"start":{"line":207,"column":44},"end":{"line":207,"column":45}},"loc":{"start":{"line":207,"column":57},"end":{"line":217,"column":1}}},"7":{"name":"(anonymous_8)","decl":{"start":{"line":211,"column":22},"end":{"line":211,"column":23}},"loc":{"start":{"line":211,"column":30},"end":{"line":216,"column":3}}}},"branchMap":{"0":{"loc":{"start":{"line":12,"column":0},"end":{"line":14,"column":1}},"type":"if","locations":[{"start":{"line":12,"column":0},"end":{"line":14,"column":1}}]},"1":{"loc":{"start":{"line":75,"column":2},"end":{"line":78,"column":3}},"type":"if","locations":[{"start":{"line":75,"column":2},"end":{"line":78,"column":3}}]},"2":{"loc":{"start":{"line":142,"column":4},"end":{"line":145,"column":5}},"type":"if","locations":[{"start":{"line":142,"column":4},"end":{"line":145,"column":5}}]},"3":{"loc":{"start":{"line":149,"column":6},"end":{"line":152,"column":7}},"type":"if","locations":[{"start":{"line":149,"column":6},"end":{"line":152,"column":7}}]},"4":{"loc":{"start":{"line":158,"column":8},"end":{"line":161,"column":9}},"type":"if","locations":[{"start":{"line":158,"column":8},"end":{"line":161,"column":9}}]},"5":{"loc":{"start":{"line":166,"column":8},"end":{"line":177,"column":9}},"type":"if","locations":[{"start":{"line":166,"column":8},"end":{"line":177,"column":9}},{"start":{"line":174,"column":15},"end":{"line":177,"column":9}}]},"6":{"loc":{"start":{"line":212,"column":4},"end":{"line":214,"column":5}},"type":"if","locations":[{"start":{"line":212,"column":4},"end":{"line":214,"column":5}}]}},"s":{"0":1,"1":1,"2":1,"3":1,"4":1,"5":1,"6":1,"7":1,"8":1,"9":0,"10":1,"11":0,"12":0,"13":0,"14":1,"15":1,"16":0,"17":0,"18":0,"19":0,"20":0,"21":0,"22":0,"23":1,"24":0,"25":0,"26":0,"27":0,"28":0,"29":0,"30":0,"31":0,"32":0,"33":0,"34":0,"35":0,"36":0,"37":0,"38":0,"39":0,"40":0,"41":0,"42":0,"43":0,"44":0,"45":0,"46":0,"47":1,"48":0,"49":0,"50":0,"51":0,"52":0,"53":1},"f":{"0":0,"1":0,"2":0,"3":0,"4":0,"5":0,"6":0,"7":0},"b":{"0":[0],"1":[0],"2":[0],"3":[0],"4":[0],"5":[0,0],"6":[0]}}
,"/Users/arelgabay/Desktop/Web-Application-Development/src/routes/IndexRoute.ts": {"path":"/Users/arelgabay/Desktop/Web-Application-Development/src/routes/IndexRoute.ts","statementMap":{"0":{"start":{"line":1,"column":0},"end":{"line":1,"column":30}},"1":{"start":{"line":2,"column":15},"end":{"line":2,"column":31}},"2":{"start":{"line":4,"column":0},"end":{"line":6,"column":3}},"3":{"start":{"line":5,"column":4},"end":{"line":5,"column":28}},"4":{"start":{"line":8,"column":0},"end":{"line":8,"column":22}}},"fnMap":{"0":{"name":"(anonymous_1)","decl":{"start":{"line":4,"column":16},"end":{"line":4,"column":17}},"loc":{"start":{"line":4,"column":29},"end":{"line":6,"column":1}}}},"branchMap":{},"s":{"0":1,"1":1,"2":1,"3":0,"4":1},"f":{"0":0},"b":{}}
,"/Users/arelgabay/Desktop/Web-Application-Development/src/routes/PostRoute.ts": {"path":"/Users/arelgabay/Desktop/Web-Application-Development/src/routes/PostRoute.ts","statementMap":{"0":{"start":{"line":1,"column":0},"end":{"line":1,"column":30}},"1":{"start":{"line":2,"column":15},"end":{"line":2,"column":31}},"2":{"start":{"line":3,"column":0},"end":{"line":3,"column":59}},"3":{"start":{"line":4,"column":0},"end":{"line":4,"column":63}},"4":{"start":{"line":111,"column":0},"end":{"line":115,"column":2}},"5":{"start":{"line":136,"column":0},"end":{"line":136,"column":62}},"6":{"start":{"line":164,"column":0},"end":{"line":164,"column":68}},"7":{"start":{"line":192,"column":0},"end":{"line":195,"column":2}},"8":{"start":{"line":231,"column":0},"end":{"line":235,"column":2}},"9":{"start":{"line":237,"column":0},"end":{"line":241,"column":2}},"10":{"start":{"line":243,"column":0},"end":{"line":243,"column":22}}},"fnMap":{},"branchMap":{},"s":{"0":1,"1":1,"2":1,"3":1,"4":1,"5":1,"6":1,"7":1,"8":1,"9":1,"10":1},"f":{},"b":{}}
,"/Users/arelgabay/Desktop/Web-Application-Development/src/routes/UserRoute.ts": {"path":"/Users/arelgabay/Desktop/Web-Application-Development/src/routes/UserRoute.ts","statementMap":{"0":{"start":{"line":1,"column":0},"end":{"line":1,"column":30}},"1":{"start":{"line":2,"column":15},"end":{"line":2,"column":31}},"2":{"start":{"line":3,"column":0},"end":{"line":3,"column":59}},"3":{"start":{"line":4,"column":0},"end":{"line":4,"column":28}},"4":{"start":{"line":6,"column":15},"end":{"line":6,"column":23}},"5":{"start":{"line":8,"column":0},"end":{"line":8,"column":80}},"6":{"start":{"line":9,"column":0},"end":{"line":13,"column":2}},"7":{"start":{"line":14,"column":0},"end":{"line":14,"column":22}}},"fnMap":{},"branchMap":{},"s":{"0":1,"1":1,"2":1,"3":1,"4":1,"5":1,"6":1,"7":1},"f":{},"b":{}}
}
