TN:
SF:src/server.ts
FN:40,(anonymous_8)
FN:40,(anonymous_9)
FNF:2
FNH:2
FNDA:3,(anonymous_8)
FNDA:3,(anonymous_9)
DA:3,3
DA:4,3
DA:5,3
DA:6,3
DA:7,3
DA:8,3
DA:10,3
DA:13,3
DA:29,3
DA:32,3
DA:33,3
DA:34,3
DA:35,3
DA:36,3
DA:37,3
DA:40,3
DA:41,3
DA:42,0
DA:45,3
DA:46,3
DA:47,3
DA:49,3
DA:50,3
DA:53,3
DA:61,3
DA:62,3
DA:63,3
DA:66,3
DA:67,3
DA:68,3
DA:69,3
DA:70,3
DA:71,3
DA:72,3
DA:73,3
DA:75,3
DA:77,0
DA:78,0
DA:82,3
LF:39
LH:36
BRDA:41,0,0,0
BRF:1
BRH:0
end_of_record
TN:
SF:src/controllers/authController.ts
FN:10,(anonymous_8)
FN:10,(anonymous_9)
FN:39,(anonymous_10)
FN:65,(anonymous_11)
FN:65,(anonymous_12)
FN:114,(anonymous_13)
FN:114,(anonymous_14)
FN:128,(anonymous_15)
FN:128,(anonymous_16)
FN:159,(anonymous_17)
FN:177,(anonymous_18)
FN:177,(anonymous_19)
FN:187,(anonymous_20)
FN:187,(anonymous_21)
FN:210,(anonymous_22)
FN:226,(anonymous_23)
FN:237,(anonymous_24)
FNF:17
FNH:17
FNDA:4,(anonymous_8)
FNDA:4,(anonymous_9)
FNDA:7,(anonymous_10)
FNDA:5,(anonymous_11)
FNDA:5,(anonymous_12)
FNDA:5,(anonymous_13)
FNDA:5,(anonymous_14)
FNDA:5,(anonymous_15)
FNDA:5,(anonymous_16)
FNDA:3,(anonymous_17)
FNDA:1,(anonymous_18)
FNDA:1,(anonymous_19)
FNDA:1,(anonymous_20)
FNDA:1,(anonymous_21)
FNDA:2,(anonymous_22)
FNDA:17,(anonymous_23)
FNDA:16,(anonymous_24)
DA:2,3
DA:3,3
DA:4,3
DA:10,4
DA:11,4
DA:12,4
DA:13,0
DA:14,0
DA:16,4
DA:17,4
DA:18,4
DA:20,4
DA:25,3
DA:26,3
DA:30,3
DA:33,1
DA:34,1
DA:35,1
DA:39,3
DA:40,7
DA:42,7
DA:43,0
DA:45,7
DA:54,7
DA:62,7
DA:65,5
DA:66,5
DA:67,5
DA:68,0
DA:69,0
DA:71,5
DA:72,5
DA:73,5
DA:74,0
DA:75,0
DA:77,5
DA:78,5
DA:79,0
DA:80,0
DA:83,5
DA:85,5
DA:86,0
DA:87,0
DA:90,5
DA:93,5
DA:94,0
DA:96,5
DA:97,5
DA:99,5
DA:106,5
DA:108,0
DA:109,0
DA:110,0
DA:114,5
DA:116,5
DA:117,5
DA:119,5
DA:120,0
DA:121,0
DA:123,5
DA:124,0
DA:125,0
DA:128,5
DA:129,5
DA:130,0
DA:131,0
DA:134,5
DA:135,5
DA:136,5
DA:137,5
DA:138,0
DA:139,0
DA:143,5
DA:144,3
DA:145,3
DA:146,3
DA:150,2
DA:151,2
DA:152,0
DA:153,0
DA:154,0
DA:155,0
DA:159,3
DA:160,2
DA:161,2
DA:164,2
DA:168,2
DA:170,0
DA:171,0
DA:172,0
DA:177,3
DA:178,1
DA:180,1
DA:181,0
DA:182,0
DA:187,1
DA:188,1
DA:189,0
DA:190,0
DA:192,1
DA:193,1
DA:194,1
DA:196,1
DA:197,0
DA:198,0
DA:199,0
DA:202,1
DA:205,1
DA:206,0
DA:210,2
DA:211,1
DA:213,1
DA:215,1
DA:219,0
DA:220,0
DA:221,0
DA:226,3
DA:227,17
DA:228,17
DA:229,17
DA:230,1
DA:231,1
DA:233,16
DA:234,0
DA:235,0
DA:237,16
DA:238,16
DA:239,1
DA:240,1
DA:242,15
DA:243,15
DA:247,3
LF:132
LH:89
BRDA:12,0,0,0
BRDA:12,1,0,4
BRDA:12,1,1,4
BRDA:12,1,2,4
BRDA:42,2,0,0
BRDA:67,3,0,0
BRDA:67,4,0,5
BRDA:67,4,1,5
BRDA:73,5,0,0
BRDA:78,6,0,0
BRDA:85,7,0,0
BRDA:93,8,0,0
BRDA:119,9,0,0
BRDA:123,10,0,0
BRDA:129,11,0,0
BRDA:137,12,0,0
BRDA:143,13,0,3
BRDA:143,14,0,5
BRDA:143,14,1,5
BRDA:151,15,0,0
BRDA:180,16,0,0
BRDA:188,17,0,0
BRDA:196,18,0,0
BRDA:205,19,0,0
BRDA:228,20,0,17
BRDA:228,20,1,16
BRDA:229,21,0,1
BRDA:233,22,0,0
BRDA:238,23,0,1
BRF:29
BRH:12
end_of_record
TN:
SF:src/controllers/baseController.ts
FN:6,(anonymous_7)
FN:13,(anonymous_8)
FN:26,(anonymous_10)
FN:45,(anonymous_12)
FN:59,(anonymous_14)
FN:75,(anonymous_16)
FNF:6
FNH:6
FNDA:6,(anonymous_7)
FNDA:6,(anonymous_8)
FNDA:6,(anonymous_10)
FNDA:6,(anonymous_12)
FNDA:6,(anonymous_14)
FNDA:3,(anonymous_16)
DA:7,6
DA:8,6
DA:9,6
DA:14,6
DA:15,6
DA:16,6
DA:17,6
DA:18,6
DA:19,4
DA:21,2
DA:22,2
DA:27,6
DA:28,6
DA:29,6
DA:31,6
DA:32,6
DA:34,4
DA:35,2
DA:37,2
DA:38,1
DA:41,3
DA:46,6
DA:47,6
DA:48,6
DA:49,4
DA:50,2
DA:52,2
DA:55,2
DA:60,6
DA:61,6
DA:62,6
DA:63,4
DA:64,2
DA:65,2
DA:67,2
DA:68,2
DA:69,2
DA:71,2
DA:76,3
DA:77,3
DA:78,2
DA:79,1
DA:80,1
DA:82,1
DA:83,1
DA:85,1
DA:90,3
LF:47
LH:47
BRDA:7,0,0,0
BRDA:32,1,0,4
BRDA:32,1,1,2
BRDA:49,2,0,2
BRDA:49,2,1,2
BRDA:63,3,0,2
BRDA:78,4,0,1
BRF:7
BRH:6
end_of_record
TN:
SF:src/controllers/commentController.ts
FN:6,(anonymous_8)
FN:10,(anonymous_9)
FN:20,(anonymous_12)
FN:24,(anonymous_15)
FN:35,(anonymous_18)
FN:39,(anonymous_21)
FNF:6
FNH:6
FNDA:3,(anonymous_8)
FNDA:2,(anonymous_9)
FNDA:3,(anonymous_12)
FNDA:3,(anonymous_15)
FNDA:3,(anonymous_18)
FNDA:2,(anonymous_21)
DA:2,3
DA:3,3
DA:7,3
DA:11,2
DA:16,2
DA:17,2
DA:21,3
DA:25,3
DA:26,3
DA:31,3
DA:32,3
DA:36,3
DA:40,2
DA:44,3
LF:14
LH:14
BRF:0
BRH:0
end_of_record
TN:
SF:src/controllers/postController.ts
FN:6,(anonymous_8)
FN:10,(anonymous_9)
FN:21,(anonymous_12)
FN:26,(anonymous_15)
FN:30,(anonymous_18)
FN:34,(anonymous_21)
FNF:6
FNH:6
FNDA:3,(anonymous_8)
FNDA:4,(anonymous_9)
FNDA:2,(anonymous_12)
FNDA:3,(anonymous_15)
FNDA:2,(anonymous_18)
FNDA:3,(anonymous_21)
DA:2,3
DA:3,3
DA:7,3
DA:11,4
DA:12,4
DA:17,4
DA:18,4
DA:22,2
DA:27,3
DA:31,2
DA:35,3
DA:36,3
DA:41,3
DA:42,3
DA:47,3
LF:15
LH:15
BRF:0
BRH:0
end_of_record
TN:
SF:src/models/Comments.ts
FNF:0
FNH:0
DA:1,3
DA:9,3
DA:15,3
DA:17,3
LF:4
LH:4
BRF:0
BRH:0
end_of_record
TN:
SF:src/models/Post.ts
FNF:0
FNH:0
DA:1,3
DA:9,3
DA:15,3
DA:17,3
LF:4
LH:4
BRF:0
BRH:0
end_of_record
TN:
SF:src/models/User.ts
FNF:0
FNH:0
DA:1,3
DA:11,3
DA:31,3
DA:33,3
LF:4
LH:4
BRF:0
BRH:0
end_of_record
TN:
SF:src/routes/AstronomyApiRoute.ts
FN:20,(anonymous_8)
FN:25,(anonymous_9)
FN:29,(anonymous_10)
FN:69,(anonymous_11)
FN:69,(anonymous_12)
FN:90,(anonymous_13)
FN:94,(anonymous_14)
FN:136,(anonymous_15)
FN:136,(anonymous_16)
FNF:9
FNH:0
FNDA:0,(anonymous_8)
FNDA:0,(anonymous_9)
FNDA:0,(anonymous_10)
FNDA:0,(anonymous_11)
FNDA:0,(anonymous_12)
FNDA:0,(anonymous_13)
FNDA:0,(anonymous_14)
FNDA:0,(anonymous_15)
FNDA:0,(anonymous_16)
DA:2,3
DA:3,3
DA:4,3
DA:6,3
DA:8,3
DA:10,3
DA:11,3
DA:13,3
DA:14,0
DA:17,3
DA:20,3
DA:21,0
DA:25,3
DA:29,0
DA:30,0
DA:49,0
DA:50,0
DA:60,0
DA:62,0
DA:67,3
DA:69,0
DA:70,0
DA:72,0
DA:73,0
DA:76,0
DA:80,0
DA:81,0
DA:83,0
DA:84,0
DA:90,3
DA:94,0
DA:95,0
DA:116,0
DA:117,0
DA:127,0
DA:129,0
DA:134,3
DA:136,0
DA:137,0
DA:138,0
DA:141,0
DA:145,0
DA:147,0
DA:148,0
DA:150,0
DA:151,0
DA:156,3
LF:47
LH:15
BRDA:13,0,0,0
BRDA:13,1,0,3
BRDA:13,1,1,3
BRDA:72,2,0,0
BRDA:72,2,1,0
BRDA:73,3,0,0
BRDA:73,3,1,0
BRDA:76,4,0,0
BRDA:76,4,1,0
BRDA:138,5,0,0
BRDA:138,5,1,0
BRDA:141,6,0,0
BRDA:141,6,1,0
BRDA:145,7,0,0
BRDA:145,7,1,0
BRF:15
BRH:2
end_of_record
TN:
SF:src/routes/AuthRoute.ts
FNF:0
FNH:0
DA:1,3
DA:2,3
DA:3,3
DA:62,3
DA:97,3
DA:128,3
DA:159,3
DA:161,3
LF:8
LH:8
BRF:0
BRH:0
end_of_record
TN:
SF:src/routes/CommentRoute.ts
FNF:0
FNH:0
DA:1,3
DA:2,3
DA:3,3
DA:4,3
DA:104,3
DA:145,3
DA:204,3
DA:230,3
DA:258,3
DA:260,3
LF:10
LH:10
BRF:0
BRH:0
end_of_record
TN:
SF:src/routes/FileRoute.ts
FN:18,(anonymous_1)
FN:21,(anonymous_2)
FN:75,(anonymous_3)
FN:139,(anonymous_4)
FN:150,(anonymous_5)
FN:159,(anonymous_6)
FN:209,(anonymous_7)
FN:213,(anonymous_8)
FNF:8
FNH:0
FNDA:0,(anonymous_1)
FNDA:0,(anonymous_2)
FNDA:0,(anonymous_3)
FNDA:0,(anonymous_4)
FNDA:0,(anonymous_5)
FNDA:0,(anonymous_6)
FNDA:0,(anonymous_7)
FNDA:0,(anonymous_8)
DA:1,3
DA:2,3
DA:3,3
DA:4,3
DA:5,3
DA:7,3
DA:9,3
DA:10,3
DA:12,3
DA:13,0
DA:17,3
DA:19,0
DA:22,0
DA:23,0
DA:26,3
DA:75,3
DA:76,0
DA:77,0
DA:78,0
DA:79,0
DA:81,0
DA:82,0
DA:83,0
DA:135,3
DA:140,0
DA:141,0
DA:142,0
DA:144,0
DA:145,0
DA:146,0
DA:150,0
DA:151,0
DA:152,0
DA:153,0
DA:156,0
DA:159,0
DA:160,0
DA:161,0
DA:162,0
DA:165,0
DA:168,0
DA:169,0
DA:170,0
DA:171,0
DA:173,0
DA:177,0
DA:178,0
DA:209,3
DA:210,0
DA:213,0
DA:214,0
DA:215,0
DA:217,0
DA:221,3
LF:54
LH:15
BRDA:12,0,0,0
BRDA:77,1,0,0
BRDA:144,2,0,0
BRDA:151,3,0,0
BRDA:160,4,0,0
BRDA:168,5,0,0
BRDA:168,5,1,0
BRDA:214,6,0,0
BRF:8
BRH:0
end_of_record
TN:
SF:src/routes/IndexRoute.ts
FN:4,(anonymous_1)
FNF:1
FNH:0
FNDA:0,(anonymous_1)
DA:1,3
DA:2,3
DA:4,3
DA:5,0
DA:8,3
LF:5
LH:4
BRF:0
BRH:0
end_of_record
TN:
SF:src/routes/PostRoute.ts
FNF:0
FNH:0
DA:1,3
DA:2,3
DA:3,3
DA:4,3
DA:100,3
DA:121,3
DA:149,3
DA:177,3
DA:213,3
DA:215,3
LF:10
LH:10
BRF:0
BRH:0
end_of_record
