TN:
SF:src/server.ts
FN:39,(anonymous_8)
FN:39,(anonymous_9)
FNF:2
FNH:2
FNDA:3,(anonymous_8)
FNDA:3,(anonymous_9)
DA:3,3
DA:4,3
DA:5,3
DA:6,3
DA:7,3
DA:10,3
DA:13,3
DA:29,3
DA:32,3
DA:33,3
DA:34,3
DA:35,3
DA:39,3
DA:40,3
DA:41,0
DA:44,3
DA:45,3
DA:46,3
DA:48,3
DA:49,3
DA:52,3
DA:53,3
DA:54,3
DA:55,3
DA:56,3
DA:58,3
DA:60,0
DA:61,0
DA:65,3
LF:29
LH:26
BRDA:40,0,0,0
BRF:1
BRH:0
end_of_record
TN:
SF:src/controllers/authController.ts
FN:11,(anonymous_8)
FN:11,(anonymous_9)
FN:36,(anonymous_10)
FN:62,(anonymous_11)
FN:62,(anonymous_12)
FN:109,(anonymous_13)
FN:109,(anonymous_14)
FN:122,(anonymous_15)
FN:122,(anonymous_16)
FN:152,(anonymous_17)
FN:172,(anonymous_18)
FN:172,(anonymous_19)
FN:181,(anonymous_20)
FN:181,(anonymous_21)
FN:202,(anonymous_22)
FN:213,(anonymous_23)
FN:224,(anonymous_24)
FNF:17
FNH:17
FNDA:4,(anonymous_8)
FNDA:4,(anonymous_9)
FNDA:7,(anonymous_10)
FNDA:5,(anonymous_11)
FNDA:5,(anonymous_12)
FNDA:5,(anonymous_13)
FNDA:5,(anonymous_14)
FNDA:5,(anonymous_15)
FNDA:5,(anonymous_16)
FNDA:3,(anonymous_17)
FNDA:1,(anonymous_18)
FNDA:1,(anonymous_19)
FNDA:1,(anonymous_20)
FNDA:1,(anonymous_21)
FNDA:2,(anonymous_22)
FNDA:17,(anonymous_23)
FNDA:16,(anonymous_24)
DA:2,3
DA:3,3
DA:4,3
DA:11,4
DA:12,4
DA:13,4
DA:14,0
DA:15,0
DA:17,4
DA:18,4
DA:19,4
DA:21,4
DA:25,3
DA:26,3
DA:27,3
DA:30,1
DA:31,1
DA:32,1
DA:36,3
DA:37,7
DA:39,7
DA:40,0
DA:42,7
DA:51,7
DA:59,7
DA:62,5
DA:63,5
DA:64,5
DA:65,0
DA:66,0
DA:68,5
DA:69,5
DA:70,5
DA:71,0
DA:72,0
DA:74,5
DA:75,5
DA:76,0
DA:77,0
DA:80,5
DA:82,5
DA:83,0
DA:84,0
DA:87,5
DA:89,5
DA:90,0
DA:92,5
DA:93,5
DA:95,5
DA:101,5
DA:103,0
DA:104,0
DA:105,0
DA:109,5
DA:111,5
DA:112,5
DA:113,5
DA:114,0
DA:115,0
DA:117,5
DA:118,0
DA:119,0
DA:122,5
DA:123,5
DA:124,0
DA:125,0
DA:128,5
DA:129,5
DA:130,5
DA:131,5
DA:132,0
DA:133,0
DA:136,5
DA:137,3
DA:138,3
DA:139,3
DA:140,3
DA:143,2
DA:144,2
DA:145,0
DA:146,0
DA:147,0
DA:148,0
DA:152,3
DA:155,2
DA:156,2
DA:159,2
DA:163,2
DA:165,0
DA:166,0
DA:167,0
DA:172,3
DA:173,1
DA:174,1
DA:175,0
DA:176,0
DA:181,1
DA:182,1
DA:183,0
DA:184,0
DA:186,1
DA:187,1
DA:188,1
DA:190,1
DA:191,0
DA:192,0
DA:195,1
DA:196,0
DA:197,0
DA:198,0
DA:199,0
DA:202,2
DA:203,1
DA:204,1
DA:206,0
DA:207,0
DA:208,0
DA:213,3
DA:214,17
DA:215,17
DA:216,17
DA:217,1
DA:218,1
DA:220,16
DA:221,0
DA:222,0
DA:224,16
DA:225,16
DA:226,1
DA:227,1
DA:229,15
DA:230,15
DA:234,3
LF:133
LH:88
BRDA:13,0,0,0
BRDA:13,1,0,4
BRDA:13,1,1,4
BRDA:39,2,0,0
BRDA:64,3,0,0
BRDA:64,4,0,5
BRDA:64,4,1,5
BRDA:70,5,0,0
BRDA:75,6,0,0
BRDA:82,7,0,0
BRDA:89,8,0,0
BRDA:113,9,0,0
BRDA:117,10,0,0
BRDA:123,11,0,0
BRDA:131,12,0,0
BRDA:136,13,0,3
BRDA:136,14,0,5
BRDA:136,14,1,5
BRDA:144,15,0,0
BRDA:174,16,0,0
BRDA:182,17,0,0
BRDA:190,18,0,0
BRDA:195,19,0,0
BRDA:195,20,0,1
BRDA:195,20,1,1
BRDA:215,21,0,17
BRDA:215,21,1,16
BRDA:216,22,0,1
BRDA:220,23,0,0
BRDA:225,24,0,1
BRF:30
BRH:13
end_of_record
TN:
SF:src/controllers/baseController.ts
FN:6,(anonymous_7)
FN:13,(anonymous_8)
FN:26,(anonymous_10)
FN:44,(anonymous_12)
FN:58,(anonymous_14)
FN:74,(anonymous_16)
FNF:6
FNH:6
FNDA:6,(anonymous_7)
FNDA:6,(anonymous_8)
FNDA:6,(anonymous_10)
FNDA:6,(anonymous_12)
FNDA:6,(anonymous_14)
FNDA:3,(anonymous_16)
DA:7,6
DA:8,6
DA:9,6
DA:14,6
DA:15,6
DA:16,6
DA:17,6
DA:18,6
DA:19,4
DA:21,2
DA:22,2
DA:27,6
DA:28,6
DA:30,6
DA:31,6
DA:33,4
DA:34,2
DA:36,2
DA:37,1
DA:40,3
DA:45,6
DA:46,6
DA:47,6
DA:48,4
DA:49,2
DA:51,2
DA:54,2
DA:59,6
DA:60,6
DA:61,6
DA:62,4
DA:63,2
DA:64,2
DA:66,2
DA:67,2
DA:68,2
DA:70,2
DA:75,3
DA:76,3
DA:77,2
DA:78,1
DA:79,1
DA:81,1
DA:82,1
DA:84,1
DA:89,3
LF:46
LH:46
BRDA:7,0,0,0
BRDA:31,1,0,4
BRDA:31,1,1,2
BRDA:48,2,0,2
BRDA:48,2,1,2
BRDA:62,3,0,2
BRDA:77,4,0,1
BRF:7
BRH:6
end_of_record
TN:
SF:src/controllers/commentController.ts
FN:6,(anonymous_8)
FN:10,(anonymous_9)
FN:20,(anonymous_12)
FN:24,(anonymous_15)
FN:35,(anonymous_18)
FN:39,(anonymous_21)
FNF:6
FNH:6
FNDA:3,(anonymous_8)
FNDA:2,(anonymous_9)
FNDA:3,(anonymous_12)
FNDA:3,(anonymous_15)
FNDA:3,(anonymous_18)
FNDA:2,(anonymous_21)
DA:2,3
DA:3,3
DA:7,3
DA:11,2
DA:16,2
DA:17,2
DA:21,3
DA:25,3
DA:26,3
DA:31,3
DA:32,3
DA:36,3
DA:40,2
DA:44,3
LF:14
LH:14
BRF:0
BRH:0
end_of_record
TN:
SF:src/controllers/postController.ts
FN:6,(anonymous_8)
FN:10,(anonymous_9)
FN:21,(anonymous_12)
FN:26,(anonymous_15)
FN:30,(anonymous_18)
FN:34,(anonymous_21)
FNF:6
FNH:6
FNDA:3,(anonymous_8)
FNDA:4,(anonymous_9)
FNDA:2,(anonymous_12)
FNDA:3,(anonymous_15)
FNDA:2,(anonymous_18)
FNDA:3,(anonymous_21)
DA:2,3
DA:3,3
DA:7,3
DA:11,4
DA:12,4
DA:17,4
DA:18,4
DA:22,2
DA:27,3
DA:31,2
DA:35,3
DA:36,3
DA:41,3
DA:42,3
DA:47,3
LF:15
LH:15
BRF:0
BRH:0
end_of_record
TN:
SF:src/models/Comments.ts
FNF:0
FNH:0
DA:1,3
DA:9,3
DA:15,3
DA:17,3
LF:4
LH:4
BRF:0
BRH:0
end_of_record
TN:
SF:src/models/Post.ts
FNF:0
FNH:0
DA:1,3
DA:9,3
DA:15,3
DA:17,3
LF:4
LH:4
BRF:0
BRH:0
end_of_record
TN:
SF:src/models/User.ts
FNF:0
FNH:0
DA:1,3
DA:10,3
DA:26,3
DA:28,3
LF:4
LH:4
BRF:0
BRH:0
end_of_record
TN:
SF:src/routes/AuthRoute.ts
FNF:0
FNH:0
DA:1,3
DA:2,3
DA:3,3
DA:57,3
DA:82,3
DA:113,3
DA:144,3
DA:146,3
LF:8
LH:8
BRF:0
BRH:0
end_of_record
TN:
SF:src/routes/CommentRoute.ts
FNF:0
FNH:0
DA:1,3
DA:2,3
DA:3,3
DA:4,3
DA:104,3
DA:145,3
DA:204,3
DA:230,3
DA:258,3
DA:260,3
LF:10
LH:10
BRF:0
BRH:0
end_of_record
TN:
SF:src/routes/IndexRoute.ts
FN:4,(anonymous_1)
FNF:1
FNH:0
FNDA:0,(anonymous_1)
DA:1,3
DA:2,3
DA:4,3
DA:5,0
DA:8,3
LF:5
LH:4
BRF:0
BRH:0
end_of_record
TN:
SF:src/routes/PostRoute.ts
FNF:0
FNH:0
DA:1,3
DA:2,3
DA:3,3
DA:4,3
DA:100,3
DA:121,3
DA:149,3
DA:177,3
DA:213,3
DA:215,3
LF:10
LH:10
BRF:0
BRH:0
end_of_record
