TN:
SF:src/server.ts
FN:40,(anonymous_8)
FN:40,(anonymous_9)
FNF:2
FNH:2
FNDA:3,(anonymous_8)
FNDA:3,(anonymous_9)
DA:3,3
DA:4,3
DA:5,3
DA:6,3
DA:7,3
DA:8,3
DA:10,3
DA:13,3
DA:29,3
DA:32,3
DA:33,3
DA:34,3
DA:35,3
DA:36,3
DA:37,3
DA:40,3
DA:41,3
DA:42,0
DA:45,3
DA:46,3
DA:47,3
DA:49,3
DA:50,3
DA:53,3
DA:61,3
DA:62,3
DA:63,3
DA:66,3
DA:67,3
DA:68,3
DA:69,3
DA:70,3
DA:71,3
DA:72,3
DA:73,3
DA:75,3
DA:77,0
DA:78,0
DA:82,3
LF:39
LH:36
BRDA:41,0,0,0
BRF:1
BRH:0
end_of_record
TN:
SF:src/controllers/authController.ts
FN:12,(anonymous_8)
FN:12,(anonymous_9)
FN:75,(anonymous_10)
FN:103,(anonymous_11)
FN:103,(anonymous_12)
FN:152,(anonymous_13)
FN:152,(anonymous_14)
FN:169,(anonymous_15)
FN:169,(anonymous_16)
FN:201,(anonymous_17)
FN:221,(anonymous_18)
FN:221,(anonymous_19)
FN:234,(anonymous_20)
FN:234,(anonymous_21)
FN:258,(anonymous_22)
FN:276,(anonymous_23)
FN:291,(anonymous_24)
FNF:17
FNH:17
FNDA:4,(anonymous_8)
FNDA:4,(anonymous_9)
FNDA:7,(anonymous_10)
FNDA:5,(anonymous_11)
FNDA:5,(anonymous_12)
FNDA:5,(anonymous_13)
FNDA:5,(anonymous_14)
FNDA:5,(anonymous_15)
FNDA:5,(anonymous_16)
FNDA:3,(anonymous_17)
FNDA:1,(anonymous_18)
FNDA:1,(anonymous_19)
FNDA:1,(anonymous_20)
FNDA:1,(anonymous_21)
FNDA:2,(anonymous_22)
FNDA:17,(anonymous_23)
FNDA:16,(anonymous_24)
DA:3,3
DA:4,3
DA:5,3
DA:6,3
DA:7,3
DA:12,4
DA:13,4
DA:15,4
DA:17,4
DA:19,4
DA:20,0
DA:21,0
DA:24,4
DA:25,4
DA:26,4
DA:27,4
DA:29,4
DA:31,0
DA:33,0
DA:39,0
DA:40,0
DA:50,0
DA:51,0
DA:53,0
DA:57,4
DA:64,3
DA:70,1
DA:71,1
DA:75,3
DA:78,7
DA:80,7
DA:81,0
DA:83,7
DA:92,7
DA:100,7
DA:103,5
DA:104,5
DA:105,5
DA:106,0
DA:107,0
DA:109,5
DA:110,5
DA:111,5
DA:112,0
DA:113,0
DA:115,5
DA:116,5
DA:117,0
DA:118,0
DA:121,5
DA:123,5
DA:124,0
DA:125,0
DA:128,5
DA:131,5
DA:132,0
DA:134,5
DA:135,5
DA:137,5
DA:144,5
DA:146,0
DA:147,0
DA:148,0
DA:152,5
DA:154,5
DA:155,5
DA:157,5
DA:158,0
DA:159,0
DA:161,5
DA:162,0
DA:163,0
DA:166,5
DA:169,5
DA:170,5
DA:171,0
DA:172,0
DA:175,5
DA:176,5
DA:177,5
DA:178,5
DA:179,0
DA:180,0
DA:184,5
DA:185,3
DA:186,3
DA:187,3
DA:191,2
DA:192,2
DA:193,0
DA:194,0
DA:195,0
DA:196,0
DA:200,2
DA:201,3
DA:203,2
DA:204,2
DA:207,2
DA:211,2
DA:213,0
DA:214,0
DA:215,0
DA:221,3
DA:222,1
DA:224,1
DA:225,0
DA:226,0
DA:231,1
DA:234,1
DA:235,1
DA:236,0
DA:237,0
DA:239,1
DA:240,1
DA:241,1
DA:243,1
DA:244,0
DA:245,0
DA:246,0
DA:249,1
DA:252,1
DA:253,0
DA:257,1
DA:258,2
DA:260,1
DA:262,1
DA:264,1
DA:268,0
DA:269,0
DA:270,0
DA:276,3
DA:281,17
DA:282,17
DA:283,17
DA:284,1
DA:285,1
DA:287,16
DA:288,0
DA:289,0
DA:291,16
DA:292,16
DA:293,1
DA:294,1
DA:296,15
DA:297,15
DA:301,3
LF:146
LH:96
BRDA:19,0,0,0
BRDA:19,1,0,4
BRDA:19,1,1,4
BRDA:19,1,2,4
BRDA:29,2,0,0
BRDA:80,3,0,0
BRDA:105,4,0,0
BRDA:105,5,0,5
BRDA:105,5,1,5
BRDA:111,6,0,0
BRDA:116,7,0,0
BRDA:123,8,0,0
BRDA:131,9,0,0
BRDA:157,10,0,0
BRDA:161,11,0,0
BRDA:170,12,0,0
BRDA:178,13,0,0
BRDA:184,14,0,3
BRDA:184,15,0,5
BRDA:184,15,1,5
BRDA:192,16,0,0
BRDA:224,17,0,0
BRDA:235,18,0,0
BRDA:243,19,0,0
BRDA:252,20,0,0
BRDA:282,21,0,17
BRDA:282,21,1,16
BRDA:283,22,0,1
BRDA:287,23,0,0
BRDA:292,24,0,1
BRF:30
BRH:12
end_of_record
TN:
SF:src/controllers/baseController.ts
FN:6,(anonymous_7)
FN:13,(anonymous_8)
FN:26,(anonymous_10)
FN:45,(anonymous_12)
FN:59,(anonymous_14)
FN:75,(anonymous_16)
FNF:6
FNH:6
FNDA:6,(anonymous_7)
FNDA:6,(anonymous_8)
FNDA:6,(anonymous_10)
FNDA:6,(anonymous_12)
FNDA:6,(anonymous_14)
FNDA:3,(anonymous_16)
DA:7,6
DA:8,6
DA:9,6
DA:14,6
DA:15,6
DA:16,6
DA:17,6
DA:18,6
DA:19,4
DA:21,2
DA:22,2
DA:27,6
DA:28,6
DA:29,6
DA:31,6
DA:32,6
DA:34,4
DA:35,2
DA:37,2
DA:38,1
DA:41,3
DA:46,6
DA:47,6
DA:48,6
DA:49,4
DA:50,2
DA:52,2
DA:55,2
DA:60,6
DA:61,6
DA:62,6
DA:63,4
DA:64,2
DA:65,2
DA:67,2
DA:68,2
DA:69,2
DA:71,2
DA:76,3
DA:77,3
DA:78,2
DA:79,1
DA:80,1
DA:82,1
DA:83,1
DA:85,1
DA:90,3
LF:47
LH:47
BRDA:7,0,0,0
BRDA:32,1,0,4
BRDA:32,1,1,2
BRDA:49,2,0,2
BRDA:49,2,1,2
BRDA:63,3,0,2
BRDA:78,4,0,1
BRF:7
BRH:6
end_of_record
TN:
SF:src/controllers/commentController.ts
FN:6,(anonymous_8)
FN:10,(anonymous_9)
FN:20,(anonymous_12)
FN:24,(anonymous_15)
FN:35,(anonymous_18)
FN:39,(anonymous_21)
FNF:6
FNH:6
FNDA:3,(anonymous_8)
FNDA:2,(anonymous_9)
FNDA:3,(anonymous_12)
FNDA:3,(anonymous_15)
FNDA:3,(anonymous_18)
FNDA:2,(anonymous_21)
DA:2,3
DA:3,3
DA:7,3
DA:11,2
DA:16,2
DA:17,2
DA:21,3
DA:25,3
DA:26,3
DA:31,3
DA:32,3
DA:36,3
DA:40,2
DA:44,3
LF:14
LH:14
BRF:0
BRH:0
end_of_record
TN:
SF:src/controllers/postController.ts
FN:6,(anonymous_8)
FN:10,(anonymous_9)
FN:21,(anonymous_12)
FN:26,(anonymous_15)
FN:30,(anonymous_18)
FN:34,(anonymous_21)
FNF:6
FNH:6
FNDA:3,(anonymous_8)
FNDA:4,(anonymous_9)
FNDA:2,(anonymous_12)
FNDA:3,(anonymous_15)
FNDA:2,(anonymous_18)
FNDA:3,(anonymous_21)
DA:2,3
DA:3,3
DA:7,3
DA:11,4
DA:12,4
DA:17,4
DA:18,4
DA:22,2
DA:27,3
DA:31,2
DA:35,3
DA:36,3
DA:41,3
DA:42,3
DA:47,3
LF:15
LH:15
BRF:0
BRH:0
end_of_record
TN:
SF:src/models/Comments.ts
FNF:0
FNH:0
DA:1,3
DA:9,3
DA:15,3
DA:17,3
LF:4
LH:4
BRF:0
BRH:0
end_of_record
TN:
SF:src/models/Post.ts
FNF:0
FNH:0
DA:1,3
DA:9,3
DA:15,3
DA:17,3
LF:4
LH:4
BRF:0
BRH:0
end_of_record
TN:
SF:src/models/User.ts
FNF:0
FNH:0
DA:1,3
DA:12,3
DA:38,3
DA:40,3
LF:4
LH:4
BRF:0
BRH:0
end_of_record
TN:
SF:src/routes/AstronomyApiRoute.ts
FN:18,(anonymous_8)
FN:23,(anonymous_9)
FN:23,(anonymous_10)
FN:50,(anonymous_11)
FN:54,(anonymous_12)
FN:127,(anonymous_13)
FN:127,(anonymous_14)
FN:157,(anonymous_15)
FN:161,(anonymous_16)
FN:229,(anonymous_17)
FN:229,(anonymous_18)
FNF:11
FNH:0
FNDA:0,(anonymous_8)
FNDA:0,(anonymous_9)
FNDA:0,(anonymous_10)
FNDA:0,(anonymous_11)
FNDA:0,(anonymous_12)
FNDA:0,(anonymous_13)
FNDA:0,(anonymous_14)
FNDA:0,(anonymous_15)
FNDA:0,(anonymous_16)
FNDA:0,(anonymous_17)
FNDA:0,(anonymous_18)
DA:2,3
DA:3,3
DA:4,3
DA:6,3
DA:8,3
DA:10,3
DA:11,3
DA:13,3
DA:14,0
DA:18,3
DA:19,0
DA:23,3
DA:24,0
DA:25,0
DA:36,0
DA:37,0
DA:40,0
DA:45,0
DA:50,3
DA:54,0
DA:55,0
DA:75,0
DA:76,0
DA:86,0
DA:88,0
DA:125,3
DA:127,0
DA:128,0
DA:130,0
DA:134,0
DA:135,0
DA:136,0
DA:137,0
DA:139,0
DA:142,0
DA:147,0
DA:148,0
DA:150,0
DA:151,0
DA:157,3
DA:161,0
DA:162,0
DA:177,0
DA:178,0
DA:188,0
DA:190,0
DA:227,3
DA:229,0
DA:230,0
DA:232,0
DA:236,0
DA:237,0
DA:238,0
DA:239,0
DA:241,0
DA:244,0
DA:249,0
DA:250,0
DA:252,0
DA:253,0
DA:258,3
LF:61
LH:15
BRDA:13,0,0,0
BRDA:13,1,0,3
BRDA:13,1,1,3
BRDA:36,2,0,0
BRDA:130,3,0,0
BRDA:130,3,1,0
BRDA:134,4,0,0
BRDA:134,4,1,0
BRDA:139,5,0,0
BRDA:139,5,1,0
BRDA:142,6,0,0
BRDA:142,6,1,0
BRDA:232,7,0,0
BRDA:232,7,1,0
BRDA:236,8,0,0
BRDA:236,8,1,0
BRDA:241,9,0,0
BRDA:241,9,1,0
BRDA:244,10,0,0
BRDA:244,10,1,0
BRF:20
BRH:2
end_of_record
TN:
SF:src/routes/AuthRoute.ts
FNF:0
FNH:0
DA:1,3
DA:2,3
DA:3,3
DA:4,3
DA:6,3
DA:65,3
DA:104,3
DA:135,3
DA:166,3
DA:168,3
LF:10
LH:10
BRF:0
BRH:0
end_of_record
TN:
SF:src/routes/CommentRoute.ts
FNF:0
FNH:0
DA:1,3
DA:2,3
DA:3,3
DA:4,3
DA:104,3
DA:145,3
DA:204,3
DA:230,3
DA:258,3
DA:260,3
LF:10
LH:10
BRF:0
BRH:0
end_of_record
TN:
SF:src/routes/FileRoute.ts
FN:18,(anonymous_1)
FN:21,(anonymous_2)
FN:73,(anonymous_3)
FN:137,(anonymous_4)
FN:148,(anonymous_5)
FN:157,(anonymous_6)
FN:207,(anonymous_7)
FN:211,(anonymous_8)
FNF:8
FNH:0
FNDA:0,(anonymous_1)
FNDA:0,(anonymous_2)
FNDA:0,(anonymous_3)
FNDA:0,(anonymous_4)
FNDA:0,(anonymous_5)
FNDA:0,(anonymous_6)
FNDA:0,(anonymous_7)
FNDA:0,(anonymous_8)
DA:1,3
DA:2,3
DA:3,3
DA:4,3
DA:5,3
DA:7,3
DA:9,3
DA:10,3
DA:12,3
DA:13,0
DA:17,3
DA:19,0
DA:22,0
DA:23,0
DA:26,3
DA:73,3
DA:74,0
DA:75,0
DA:76,0
DA:77,0
DA:79,0
DA:80,0
DA:81,0
DA:133,3
DA:138,0
DA:139,0
DA:140,0
DA:142,0
DA:143,0
DA:144,0
DA:148,0
DA:149,0
DA:150,0
DA:151,0
DA:154,0
DA:157,0
DA:158,0
DA:159,0
DA:160,0
DA:163,0
DA:166,0
DA:167,0
DA:168,0
DA:169,0
DA:171,0
DA:175,0
DA:176,0
DA:207,3
DA:208,0
DA:211,0
DA:212,0
DA:213,0
DA:215,0
DA:219,3
LF:54
LH:15
BRDA:12,0,0,0
BRDA:75,1,0,0
BRDA:142,2,0,0
BRDA:149,3,0,0
BRDA:158,4,0,0
BRDA:166,5,0,0
BRDA:166,5,1,0
BRDA:212,6,0,0
BRF:8
BRH:0
end_of_record
TN:
SF:src/routes/IndexRoute.ts
FN:4,(anonymous_1)
FNF:1
FNH:0
FNDA:0,(anonymous_1)
DA:1,3
DA:2,3
DA:4,3
DA:5,0
DA:8,3
LF:5
LH:4
BRF:0
BRH:0
end_of_record
TN:
SF:src/routes/PostRoute.ts
FNF:0
FNH:0
DA:1,3
DA:2,3
DA:3,3
DA:4,3
DA:100,3
DA:121,3
DA:149,3
DA:177,3
DA:213,3
DA:215,3
LF:10
LH:10
BRF:0
BRH:0
end_of_record
